  0%|                                                                                                                                                               | 0/100 [00:00<?, ?it/s][[34m2025-01-13 22:59:25[0m] Begin epoch 0...
                                                                                                                                                                                            /fs/scratch/PAS2473/ICML2025/dart/models/autoencoder/quantize/dart_quantize.py:47: FutureWarning: `torch.cuda.amp.autocast(args...)` is deprecated. Please use `torch.amp.autocast('cuda', args...)` instead.
  with torch.cuda.amp.autocast(enabled=False):                                                                                                                    | 0/13617 [00:00<?, ?it/s]
[rank0]:W0113 23:00:25.549000 3947086 site-packages/torch/_dynamo/convert_frame.py:1125] WON'T CONVERT __getitem__ /fs/scratch/PAS2473/ICML2025/dart/models/autoencoder/quantize/var_quantize_multiple_res.py line 431
[rank0]:W0113 23:00:25.549000 3947086 site-packages/torch/_dynamo/convert_frame.py:1125] due to:
[rank0]:W0113 23:00:25.549000 3947086 site-packages/torch/_dynamo/convert_frame.py:1125] Traceback (most recent call last):
[rank0]:W0113 23:00:25.549000 3947086 site-packages/torch/_dynamo/convert_frame.py:1125]   File "/users/PAS2473/brucewan666/anaconda3/envs/dart/lib/python3.10/site-packages/torch/_inductor/cpp_builder.py", line 331, in _run_compile_cmd
[rank0]:W0113 23:00:25.549000 3947086 site-packages/torch/_dynamo/convert_frame.py:1125]     status = subprocess.check_output(args=cmd, cwd=cwd, stderr=subprocess.STDOUT)
[rank0]:W0113 23:00:25.549000 3947086 site-packages/torch/_dynamo/convert_frame.py:1125]   File "/users/PAS2473/brucewan666/anaconda3/envs/dart/lib/python3.10/subprocess.py", line 421, in check_output
[rank0]:W0113 23:00:25.549000 3947086 site-packages/torch/_dynamo/convert_frame.py:1125]     return run(*popenargs, stdout=PIPE, timeout=timeout, check=True,
[rank0]:W0113 23:00:25.549000 3947086 site-packages/torch/_dynamo/convert_frame.py:1125]   File "/users/PAS2473/brucewan666/anaconda3/envs/dart/lib/python3.10/subprocess.py", line 526, in run
[rank0]:W0113 23:00:25.549000 3947086 site-packages/torch/_dynamo/convert_frame.py:1125]     raise CalledProcessError(retcode, process.args,
[rank0]:W0113 23:00:25.549000 3947086 site-packages/torch/_dynamo/convert_frame.py:1125] subprocess.CalledProcessError: Command '['/users/PAS2473/brucewan666/anaconda3/envs/dart/bin/x86_64-conda-linux-gnu-c++', '/tmp/slurmtmp.281815/torchinductor_brucewan666/oo/cooebk7whhdx6k3pttozlrqbcqk4wryfh666nhpbodwrpbn6bhpo.cpp', '-D', 'TORCH_INDUCTOR_CPP_WRAPPER', '-D', 'C10_USING_CUSTOM_GENERATED_MACROS', '-shared', '-fPIC', '-O3', '-DNDEBUG', '-ffast-math', '-fno-finite-math-only', '-fno-unsafe-math-optimizations', '-ffp-contract=off', '-march=native', '-Wall', '-std=c++17', '-Wno-unused-variable', '-Wno-unknown-pragmas', '-fopenmp', '-I/users/PAS2473/brucewan666/anaconda3/envs/dart/include/python3.10', '-I/users/PAS2473/brucewan666/anaconda3/envs/dart/include/python3.10', '-I/users/PAS2473/brucewan666/anaconda3/envs/dart/lib/python3.10/site-packages/torch/include', '-I/users/PAS2473/brucewan666/anaconda3/envs/dart/lib/python3.10/site-packages/torch/include/torch/csrc/api/include', '-I/users/PAS2473/brucewan666/anaconda3/envs/dart/lib/python3.10/site-packages/torch/include/TH', '-I/users/PAS2473/brucewan666/anaconda3/envs/dart/lib/python3.10/site-packages/torch/include/THC', '-I/users/PAS2473/brucewan666/anaconda3/envs/dart/lib/python3.10/site-packages/torch/include', '-I/users/PAS2473/brucewan666/anaconda3/envs/dart/lib/python3.10/site-packages/torch/include/torch/csrc/api/include', '-I/users/PAS2473/brucewan666/anaconda3/envs/dart/lib/python3.10/site-packages/torch/include/TH', '-I/users/PAS2473/brucewan666/anaconda3/envs/dart/lib/python3.10/site-packages/torch/include/THC', '-D_GLIBCXX_USE_CXX11_ABI=0', '-ltorch', '-ltorch_cpu', '-ltorch_python', '-lc10', '-lgomp', '-L/users/PAS2473/brucewan666/anaconda3/envs/dart/lib', '-L/users/PAS2473/brucewan666/anaconda3/envs/dart/lib/python3.10/site-packages/torch/lib', '-L/users/PAS2473/brucewan666/anaconda3/envs/dart/lib/python3.10/site-packages/torch/lib', '-L/users/PAS2473/brucewan666/anaconda3/envs/dart/lib/python3.10/site-packages/torch/lib', '-o', '/tmp/slurmtmp.281815/torchinductor_brucewan666/oo/cooebk7whhdx6k3pttozlrqbcqk4wryfh666nhpbodwrpbn6bhpo.so']' returned non-zero exit status 1.
[rank0]:W0113 23:00:25.549000 3947086 site-packages/torch/_dynamo/convert_frame.py:1125]
[rank0]:W0113 23:00:25.549000 3947086 site-packages/torch/_dynamo/convert_frame.py:1125] The above exception was the direct cause of the following exception:
[rank0]:W0113 23:00:25.549000 3947086 site-packages/torch/_dynamo/convert_frame.py:1125]
[rank0]:W0113 23:00:25.549000 3947086 site-packages/torch/_dynamo/convert_frame.py:1125] Traceback (most recent call last):
[rank0]:W0113 23:00:25.549000 3947086 site-packages/torch/_dynamo/convert_frame.py:1125]   File "/users/PAS2473/brucewan666/anaconda3/envs/dart/lib/python3.10/site-packages/torch/_dynamo/output_graph.py", line 1446, in _call_user_compiler
[rank0]:W0113 23:00:25.549000 3947086 site-packages/torch/_dynamo/convert_frame.py:1125]     compiled_fn = compiler_fn(gm, self.example_inputs())
[rank0]:W0113 23:00:25.549000 3947086 site-packages/torch/_dynamo/convert_frame.py:1125]   File "/users/PAS2473/brucewan666/anaconda3/envs/dart/lib/python3.10/site-packages/torch/_dynamo/backends/distributed.py", line 506, in compile_fn
[rank0]:W0113 23:00:25.549000 3947086 site-packages/torch/_dynamo/convert_frame.py:1125]     return self.backend_compile_fn(gm, example_inputs)
[rank0]:W0113 23:00:25.549000 3947086 site-packages/torch/_dynamo/convert_frame.py:1125]   File "/users/PAS2473/brucewan666/anaconda3/envs/dart/lib/python3.10/site-packages/torch/_dynamo/repro/after_dynamo.py", line 129, in __call__
[rank0]:W0113 23:00:25.549000 3947086 site-packages/torch/_dynamo/convert_frame.py:1125]     compiled_gm = compiler_fn(gm, example_inputs)
[rank0]:W0113 23:00:25.549000 3947086 site-packages/torch/_dynamo/convert_frame.py:1125]   File "/users/PAS2473/brucewan666/anaconda3/envs/dart/lib/python3.10/site-packages/torch/__init__.py", line 2234, in __call__
[rank0]:W0113 23:00:25.549000 3947086 site-packages/torch/_dynamo/convert_frame.py:1125]     return compile_fx(model_, inputs_, config_patches=self.config)
[rank0]:W0113 23:00:25.549000 3947086 site-packages/torch/_dynamo/convert_frame.py:1125]   File "/users/PAS2473/brucewan666/anaconda3/envs/dart/lib/python3.10/site-packages/torch/_inductor/compile_fx.py", line 1521, in compile_fx
[rank0]:W0113 23:00:25.549000 3947086 site-packages/torch/_dynamo/convert_frame.py:1125]     return aot_autograd(
[rank0]:W0113 23:00:25.549000 3947086 site-packages/torch/_dynamo/convert_frame.py:1125]   File "/users/PAS2473/brucewan666/anaconda3/envs/dart/lib/python3.10/site-packages/torch/_dynamo/backends/common.py", line 72, in __call__
[rank0]:W0113 23:00:25.549000 3947086 site-packages/torch/_dynamo/convert_frame.py:1125]     cg = aot_module_simplified(gm, example_inputs, **self.kwargs)
[rank0]:W0113 23:00:25.549000 3947086 site-packages/torch/_dynamo/convert_frame.py:1125]   File "/users/PAS2473/brucewan666/anaconda3/envs/dart/lib/python3.10/site-packages/torch/_functorch/aot_autograd.py", line 1071, in aot_module_simplified
[rank0]:W0113 23:00:25.549000 3947086 site-packages/torch/_dynamo/convert_frame.py:1125]     compiled_fn = dispatch_and_compile()
[rank0]:W0113 23:00:25.549000 3947086 site-packages/torch/_dynamo/convert_frame.py:1125]   File "/users/PAS2473/brucewan666/anaconda3/envs/dart/lib/python3.10/site-packages/torch/_functorch/aot_autograd.py", line 1056, in dispatch_and_compile
[rank0]:W0113 23:00:25.549000 3947086 site-packages/torch/_dynamo/convert_frame.py:1125]     compiled_fn, _ = create_aot_dispatcher_function(
[rank0]:W0113 23:00:25.549000 3947086 site-packages/torch/_dynamo/convert_frame.py:1125]   File "/users/PAS2473/brucewan666/anaconda3/envs/dart/lib/python3.10/site-packages/torch/_functorch/aot_autograd.py", line 522, in create_aot_dispatcher_function
[rank0]:W0113 23:00:25.549000 3947086 site-packages/torch/_dynamo/convert_frame.py:1125]     return _create_aot_dispatcher_function(
[rank0]:W0113 23:00:25.549000 3947086 site-packages/torch/_dynamo/convert_frame.py:1125]   File "/users/PAS2473/brucewan666/anaconda3/envs/dart/lib/python3.10/site-packages/torch/_functorch/aot_autograd.py", line 759, in _create_aot_dispatcher_function
[rank0]:W0113 23:00:25.549000 3947086 site-packages/torch/_dynamo/convert_frame.py:1125]     compiled_fn, fw_metadata = compiler_fn(
[rank0]:W0113 23:00:25.549000 3947086 site-packages/torch/_dynamo/convert_frame.py:1125]   File "/users/PAS2473/brucewan666/anaconda3/envs/dart/lib/python3.10/site-packages/torch/_functorch/_aot_autograd/jit_compile_runtime_wrappers.py", line 179, in aot_dispatch_base
[rank0]:W0113 23:00:25.549000 3947086 site-packages/torch/_dynamo/convert_frame.py:1125]     compiled_fw = compiler(fw_module, updated_flat_args)
[rank0]:W0113 23:00:25.549000 3947086 site-packages/torch/_dynamo/convert_frame.py:1125]   File "/users/PAS2473/brucewan666/anaconda3/envs/dart/lib/python3.10/site-packages/torch/_inductor/compile_fx.py", line 1350, in fw_compiler_base
[rank0]:W0113 23:00:25.549000 3947086 site-packages/torch/_dynamo/convert_frame.py:1125]     return _fw_compiler_base(model, example_inputs, is_inference)
[rank0]:W0113 23:00:25.549000 3947086 site-packages/torch/_dynamo/convert_frame.py:1125]   File "/users/PAS2473/brucewan666/anaconda3/envs/dart/lib/python3.10/site-packages/torch/_inductor/compile_fx.py", line 1421, in _fw_compiler_base
[rank0]:W0113 23:00:25.549000 3947086 site-packages/torch/_dynamo/convert_frame.py:1125]     return inner_compile(
[rank0]:W0113 23:00:25.549000 3947086 site-packages/torch/_dynamo/convert_frame.py:1125]   File "/users/PAS2473/brucewan666/anaconda3/envs/dart/lib/python3.10/site-packages/torch/_inductor/compile_fx.py", line 475, in compile_fx_inner
[rank0]:W0113 23:00:25.549000 3947086 site-packages/torch/_dynamo/convert_frame.py:1125]     return wrap_compiler_debug(_compile_fx_inner, compiler_name="inductor")(
[rank0]:W0113 23:00:25.549000 3947086 site-packages/torch/_dynamo/convert_frame.py:1125]   File "/users/PAS2473/brucewan666/anaconda3/envs/dart/lib/python3.10/site-packages/torch/_dynamo/repro/after_aot.py", line 85, in debug_wrapper
[rank0]:W0113 23:00:25.549000 3947086 site-packages/torch/_dynamo/convert_frame.py:1125]     inner_compiled_fn = compiler_fn(gm, example_inputs)
[rank0]:W0113 23:00:25.549000 3947086 site-packages/torch/_dynamo/convert_frame.py:1125]   File "/users/PAS2473/brucewan666/anaconda3/envs/dart/lib/python3.10/site-packages/torch/_inductor/compile_fx.py", line 661, in _compile_fx_inner
[rank0]:W0113 23:00:25.549000 3947086 site-packages/torch/_dynamo/convert_frame.py:1125]     compiled_graph = FxGraphCache.load(
[rank0]:W0113 23:00:25.549000 3947086 site-packages/torch/_dynamo/convert_frame.py:1125]   File "/users/PAS2473/brucewan666/anaconda3/envs/dart/lib/python3.10/site-packages/torch/_inductor/codecache.py", line 1334, in load
[rank0]:W0113 23:00:25.549000 3947086 site-packages/torch/_dynamo/convert_frame.py:1125]     compiled_graph = compile_fx_fn(
[rank0]:W0113 23:00:25.549000 3947086 site-packages/torch/_dynamo/convert_frame.py:1125]   File "/users/PAS2473/brucewan666/anaconda3/envs/dart/lib/python3.10/site-packages/torch/_inductor/compile_fx.py", line 570, in codegen_and_compile
[rank0]:W0113 23:00:25.549000 3947086 site-packages/torch/_dynamo/convert_frame.py:1125]     compiled_graph = fx_codegen_and_compile(gm, example_inputs, **fx_kwargs)
[rank0]:W0113 23:00:25.549000 3947086 site-packages/torch/_dynamo/convert_frame.py:1125]   File "/users/PAS2473/brucewan666/anaconda3/envs/dart/lib/python3.10/site-packages/torch/_inductor/compile_fx.py", line 878, in fx_codegen_and_compile
[rank0]:W0113 23:00:25.549000 3947086 site-packages/torch/_dynamo/convert_frame.py:1125]     compiled_fn = graph.compile_to_fn()
[rank0]:W0113 23:00:25.549000 3947086 site-packages/torch/_dynamo/convert_frame.py:1125]   File "/users/PAS2473/brucewan666/anaconda3/envs/dart/lib/python3.10/site-packages/torch/_inductor/graph.py", line 1913, in compile_to_fn
[rank0]:W0113 23:00:25.549000 3947086 site-packages/torch/_dynamo/convert_frame.py:1125]     return self.compile_to_module().call
[rank0]:W0113 23:00:25.549000 3947086 site-packages/torch/_dynamo/convert_frame.py:1125]   File "/users/PAS2473/brucewan666/anaconda3/envs/dart/lib/python3.10/site-packages/torch/_inductor/graph.py", line 1839, in compile_to_module
[rank0]:W0113 23:00:25.549000 3947086 site-packages/torch/_dynamo/convert_frame.py:1125]     return self._compile_to_module()
[rank0]:W0113 23:00:25.549000 3947086 site-packages/torch/_dynamo/convert_frame.py:1125]   File "/users/PAS2473/brucewan666/anaconda3/envs/dart/lib/python3.10/site-packages/torch/_inductor/graph.py", line 1867, in _compile_to_module
[rank0]:W0113 23:00:25.549000 3947086 site-packages/torch/_dynamo/convert_frame.py:1125]     mod = PyCodeCache.load_by_key_path(
[rank0]:W0113 23:00:25.549000 3947086 site-packages/torch/_dynamo/convert_frame.py:1125]   File "/users/PAS2473/brucewan666/anaconda3/envs/dart/lib/python3.10/site-packages/torch/_inductor/codecache.py", line 2876, in load_by_key_path
[rank0]:W0113 23:00:25.549000 3947086 site-packages/torch/_dynamo/convert_frame.py:1125]     mod = _reload_python_module(key, path)
[rank0]:W0113 23:00:25.549000 3947086 site-packages/torch/_dynamo/convert_frame.py:1125]   File "/users/PAS2473/brucewan666/anaconda3/envs/dart/lib/python3.10/site-packages/torch/_inductor/runtime/compile_tasks.py", line 45, in _reload_python_module
[rank0]:W0113 23:00:25.549000 3947086 site-packages/torch/_dynamo/convert_frame.py:1125]     exec(code, mod.__dict__, mod.__dict__)
[rank0]:W0113 23:00:25.549000 3947086 site-packages/torch/_dynamo/convert_frame.py:1125]   File "/tmp/slurmtmp.281815/torchinductor_brucewan666/4i/c4i5tx44bkaufcrcblvrq4s5rw3mzn7dvtjqyponrvpfpz6p5l5g.py", line 52, in <module>
[rank0]:W0113 23:00:25.549000 3947086 site-packages/torch/_dynamo/convert_frame.py:1125]     async_compile.wait(globals())
[rank0]:W0113 23:00:25.549000 3947086 site-packages/torch/_dynamo/convert_frame.py:1125]   File "/users/PAS2473/brucewan666/anaconda3/envs/dart/lib/python3.10/site-packages/torch/_inductor/async_compile.py", line 276, in wait
[rank0]:W0113 23:00:25.549000 3947086 site-packages/torch/_dynamo/convert_frame.py:1125]     scope[key] = result.result()
[rank0]:W0113 23:00:25.549000 3947086 site-packages/torch/_dynamo/convert_frame.py:1125]   File "/users/PAS2473/brucewan666/anaconda3/envs/dart/lib/python3.10/site-packages/torch/_inductor/codecache.py", line 3353, in result
[rank0]:W0113 23:00:25.549000 3947086 site-packages/torch/_dynamo/convert_frame.py:1125]     return self.result_fn()
[rank0]:W0113 23:00:25.549000 3947086 site-packages/torch/_dynamo/convert_frame.py:1125]   File "/users/PAS2473/brucewan666/anaconda3/envs/dart/lib/python3.10/site-packages/torch/_inductor/codecache.py", line 2377, in future
[rank0]:W0113 23:00:25.549000 3947086 site-packages/torch/_dynamo/convert_frame.py:1125]     result = get_result()
[rank0]:W0113 23:00:25.549000 3947086 site-packages/torch/_dynamo/convert_frame.py:1125]   File "/users/PAS2473/brucewan666/anaconda3/envs/dart/lib/python3.10/site-packages/torch/_inductor/codecache.py", line 2177, in load_fn
[rank0]:W0113 23:00:25.549000 3947086 site-packages/torch/_dynamo/convert_frame.py:1125]     future.result()
[rank0]:W0113 23:00:25.549000 3947086 site-packages/torch/_dynamo/convert_frame.py:1125]   File "/users/PAS2473/brucewan666/anaconda3/envs/dart/lib/python3.10/concurrent/futures/_base.py", line 458, in result
[rank0]:W0113 23:00:25.549000 3947086 site-packages/torch/_dynamo/convert_frame.py:1125]     return self.__get_result()
[rank0]:W0113 23:00:25.549000 3947086 site-packages/torch/_dynamo/convert_frame.py:1125]   File "/users/PAS2473/brucewan666/anaconda3/envs/dart/lib/python3.10/concurrent/futures/_base.py", line 403, in __get_result
[rank0]:W0113 23:00:25.549000 3947086 site-packages/torch/_dynamo/convert_frame.py:1125]     raise self._exception
[rank0]:W0113 23:00:25.549000 3947086 site-packages/torch/_dynamo/convert_frame.py:1125]   File "/users/PAS2473/brucewan666/anaconda3/envs/dart/lib/python3.10/concurrent/futures/thread.py", line 58, in run
[rank0]:W0113 23:00:25.549000 3947086 site-packages/torch/_dynamo/convert_frame.py:1125]     result = self.fn(*self.args, **self.kwargs)
[rank0]:W0113 23:00:25.549000 3947086 site-packages/torch/_dynamo/convert_frame.py:1125]   File "/users/PAS2473/brucewan666/anaconda3/envs/dart/lib/python3.10/site-packages/torch/_inductor/codecache.py", line 2218, in _worker_compile_cpp
[rank0]:W0113 23:00:25.549000 3947086 site-packages/torch/_dynamo/convert_frame.py:1125]     cpp_builder.build()
[rank0]:W0113 23:00:25.549000 3947086 site-packages/torch/_dynamo/convert_frame.py:1125]   File "/users/PAS2473/brucewan666/anaconda3/envs/dart/lib/python3.10/site-packages/torch/_inductor/cpp_builder.py", line 1508, in build
[rank0]:W0113 23:00:25.549000 3947086 site-packages/torch/_dynamo/convert_frame.py:1125]     status = run_compile_cmd(build_cmd, cwd=_build_tmp_dir)
[rank0]:W0113 23:00:25.549000 3947086 site-packages/torch/_dynamo/convert_frame.py:1125]   File "/users/PAS2473/brucewan666/anaconda3/envs/dart/lib/python3.10/site-packages/torch/_inductor/cpp_builder.py", line 352, in run_compile_cmd
[rank0]:W0113 23:00:25.549000 3947086 site-packages/torch/_dynamo/convert_frame.py:1125]     return _run_compile_cmd(cmd_line, cwd)
[rank0]:W0113 23:00:25.549000 3947086 site-packages/torch/_dynamo/convert_frame.py:1125]   File "/users/PAS2473/brucewan666/anaconda3/envs/dart/lib/python3.10/site-packages/torch/_inductor/cpp_builder.py", line 346, in _run_compile_cmd
[rank0]:W0113 23:00:25.549000 3947086 site-packages/torch/_dynamo/convert_frame.py:1125]     raise exc.CppCompileError(cmd, output) from e
[rank0]:W0113 23:00:25.549000 3947086 site-packages/torch/_dynamo/convert_frame.py:1125] torch._inductor.exc.CppCompileError: C++ compile error
[rank0]:W0113 23:00:25.549000 3947086 site-packages/torch/_dynamo/convert_frame.py:1125]
[rank0]:W0113 23:00:25.549000 3947086 site-packages/torch/_dynamo/convert_frame.py:1125] Command:
[rank0]:W0113 23:00:25.549000 3947086 site-packages/torch/_dynamo/convert_frame.py:1125] /users/PAS2473/brucewan666/anaconda3/envs/dart/bin/x86_64-conda-linux-gnu-c++ /tmp/slurmtmp.281815/torchinductor_brucewan666/oo/cooebk7whhdx6k3pttozlrqbcqk4wryfh666nhpbodwrpbn6bhpo.cpp -D TORCH_INDUCTOR_CPP_WRAPPER -D C10_USING_CUSTOM_GENERATED_MACROS -shared -fPIC -O3 -DNDEBUG -ffast-math -fno-finite-math-only -fno-unsafe-math-optimizations -ffp-contract=off -march=native -Wall -std=c++17 -Wno-unused-variable -Wno-unknown-pragmas -fopenmp -I/users/PAS2473/brucewan666/anaconda3/envs/dart/include/python3.10 -I/users/PAS2473/brucewan666/anaconda3/envs/dart/include/python3.10 -I/users/PAS2473/brucewan666/anaconda3/envs/dart/lib/python3.10/site-packages/torch/include -I/users/PAS2473/brucewan666/anaconda3/envs/dart/lib/python3.10/site-packages/torch/include/torch/csrc/api/include -I/users/PAS2473/brucewan666/anaconda3/envs/dart/lib/python3.10/site-packages/torch/include/TH -I/users/PAS2473/brucewan666/anaconda3/envs/dart/lib/python3.10/site-packages/torch/include/THC -I/users/PAS2473/brucewan666/anaconda3/envs/dart/lib/python3.10/site-packages/torch/include -I/users/PAS2473/brucewan666/anaconda3/envs/dart/lib/python3.10/site-packages/torch/include/torch/csrc/api/include -I/users/PAS2473/brucewan666/anaconda3/envs/dart/lib/python3.10/site-packages/torch/include/TH -I/users/PAS2473/brucewan666/anaconda3/envs/dart/lib/python3.10/site-packages/torch/include/THC -D_GLIBCXX_USE_CXX11_ABI=0 -ltorch -ltorch_cpu -ltorch_python -lc10 -lgomp -L/users/PAS2473/brucewan666/anaconda3/envs/dart/lib -L/users/PAS2473/brucewan666/anaconda3/envs/dart/lib/python3.10/site-packages/torch/lib -L/users/PAS2473/brucewan666/anaconda3/envs/dart/lib/python3.10/site-packages/torch/lib -L/users/PAS2473/brucewan666/anaconda3/envs/dart/lib/python3.10/site-packages/torch/lib -o /tmp/slurmtmp.281815/torchinductor_brucewan666/oo/cooebk7whhdx6k3pttozlrqbcqk4wryfh666nhpbodwrpbn6bhpo.so
[rank0]:W0113 23:00:25.549000 3947086 site-packages/torch/_dynamo/convert_frame.py:1125]
[rank0]:W0113 23:00:25.549000 3947086 site-packages/torch/_dynamo/convert_frame.py:1125] Output:
[rank0]:W0113 23:00:25.549000 3947086 site-packages/torch/_dynamo/convert_frame.py:1125] /usr/bin/ld: /users/PAS2473/brucewan666/anaconda3/envs/dart/bin/../lib/gcc/x86_64-conda-linux-gnu/12.4.0/libgcc.a(_muldi3.o): unable to initialize decompress status for section .debug_info
[rank0]:W0113 23:00:25.549000 3947086 site-packages/torch/_dynamo/convert_frame.py:1125] /usr/bin/ld: /users/PAS2473/brucewan666/anaconda3/envs/dart/bin/../lib/gcc/x86_64-conda-linux-gnu/12.4.0/libgcc.a(_muldi3.o): unable to initialize decompress status for section .debug_info
[rank0]:W0113 23:00:25.549000 3947086 site-packages/torch/_dynamo/convert_frame.py:1125] /usr/bin/ld: /users/PAS2473/brucewan666/anaconda3/envs/dart/bin/../lib/gcc/x86_64-conda-linux-gnu/12.4.0/libgcc.a(_muldi3.o): unable to initialize decompress status for section .debug_info
[rank0]:W0113 23:00:25.549000 3947086 site-packages/torch/_dynamo/convert_frame.py:1125] /usr/bin/ld: /users/PAS2473/brucewan666/anaconda3/envs/dart/bin/../lib/gcc/x86_64-conda-linux-gnu/12.4.0/libgcc.a(_muldi3.o): unable to initialize decompress status for section .debug_info
[rank0]:W0113 23:00:25.549000 3947086 site-packages/torch/_dynamo/convert_frame.py:1125] /usr/bin/ld: /users/PAS2473/brucewan666/anaconda3/envs/dart/bin/../lib/gcc/x86_64-conda-linux-gnu/12.4.0/crtfastmath.o: unable to initialize decompress status for section .debug_info
[rank0]:W0113 23:00:25.549000 3947086 site-packages/torch/_dynamo/convert_frame.py:1125] /usr/bin/ld: /users/PAS2473/brucewan666/anaconda3/envs/dart/bin/../lib/gcc/x86_64-conda-linux-gnu/12.4.0/crtfastmath.o: unable to initialize decompress status for section .debug_info
[rank0]:W0113 23:00:25.549000 3947086 site-packages/torch/_dynamo/convert_frame.py:1125] /usr/bin/ld: /users/PAS2473/brucewan666/anaconda3/envs/dart/bin/../lib/gcc/x86_64-conda-linux-gnu/12.4.0/crtfastmath.o: unable to initialize decompress status for section .debug_info
[rank0]:W0113 23:00:25.549000 3947086 site-packages/torch/_dynamo/convert_frame.py:1125] /usr/bin/ld: /users/PAS2473/brucewan666/anaconda3/envs/dart/bin/../lib/gcc/x86_64-conda-linux-gnu/12.4.0/crtfastmath.o: unable to initialize decompress status for section .debug_info
[rank0]:W0113 23:00:25.549000 3947086 site-packages/torch/_dynamo/convert_frame.py:1125] /users/PAS2473/brucewan666/anaconda3/envs/dart/bin/../lib/gcc/x86_64-conda-linux-gnu/12.4.0/crtfastmath.o: file not recognized: File format not recognized
[rank0]:W0113 23:00:25.549000 3947086 site-packages/torch/_dynamo/convert_frame.py:1125] collect2: error: ld returned 1 exit status
[rank0]:W0113 23:00:25.549000 3947086 site-packages/torch/_dynamo/convert_frame.py:1125]
[rank0]:W0113 23:00:25.549000 3947086 site-packages/torch/_dynamo/convert_frame.py:1125]
[rank0]:W0113 23:00:25.549000 3947086 site-packages/torch/_dynamo/convert_frame.py:1125] The above exception was the direct cause of the following exception:
[rank0]:W0113 23:00:25.549000 3947086 site-packages/torch/_dynamo/convert_frame.py:1125]
[rank0]:W0113 23:00:25.549000 3947086 site-packages/torch/_dynamo/convert_frame.py:1125] Traceback (most recent call last):
[rank0]:W0113 23:00:25.549000 3947086 site-packages/torch/_dynamo/convert_frame.py:1125]   File "/users/PAS2473/brucewan666/anaconda3/envs/dart/lib/python3.10/site-packages/torch/_dynamo/convert_frame.py", line 1064, in __call__
[rank0]:W0113 23:00:25.549000 3947086 site-packages/torch/_dynamo/convert_frame.py:1125]     result = self._inner_convert(
[rank0]:W0113 23:00:25.549000 3947086 site-packages/torch/_dynamo/convert_frame.py:1125]   File "/users/PAS2473/brucewan666/anaconda3/envs/dart/lib/python3.10/site-packages/torch/_dynamo/convert_frame.py", line 526, in __call__
[rank0]:W0113 23:00:25.549000 3947086 site-packages/torch/_dynamo/convert_frame.py:1125]     return _compile(
[rank0]:W0113 23:00:25.549000 3947086 site-packages/torch/_dynamo/convert_frame.py:1125]   File "/users/PAS2473/brucewan666/anaconda3/envs/dart/lib/python3.10/site-packages/torch/_dynamo/convert_frame.py", line 924, in _compile
[rank0]:W0113 23:00:25.549000 3947086 site-packages/torch/_dynamo/convert_frame.py:1125]     guarded_code = compile_inner(code, one_graph, hooks, transform)
[rank0]:W0113 23:00:25.549000 3947086 site-packages/torch/_dynamo/convert_frame.py:1125]   File "/users/PAS2473/brucewan666/anaconda3/envs/dart/lib/python3.10/site-packages/torch/_dynamo/convert_frame.py", line 666, in compile_inner
[rank0]:W0113 23:00:25.549000 3947086 site-packages/torch/_dynamo/convert_frame.py:1125]     return _compile_inner(code, one_graph, hooks, transform)
[rank0]:W0113 23:00:25.549000 3947086 site-packages/torch/_dynamo/convert_frame.py:1125]   File "/users/PAS2473/brucewan666/anaconda3/envs/dart/lib/python3.10/site-packages/torch/_utils_internal.py", line 87, in wrapper_function
[rank0]:W0113 23:00:25.549000 3947086 site-packages/torch/_dynamo/convert_frame.py:1125]     return function(*args, **kwargs)
[rank0]:W0113 23:00:25.549000 3947086 site-packages/torch/_dynamo/convert_frame.py:1125]   File "/users/PAS2473/brucewan666/anaconda3/envs/dart/lib/python3.10/site-packages/torch/_dynamo/convert_frame.py", line 699, in _compile_inner
[rank0]:W0113 23:00:25.549000 3947086 site-packages/torch/_dynamo/convert_frame.py:1125]     out_code = transform_code_object(code, transform)
[rank0]:W0113 23:00:25.549000 3947086 site-packages/torch/_dynamo/convert_frame.py:1125]   File "/users/PAS2473/brucewan666/anaconda3/envs/dart/lib/python3.10/site-packages/torch/_dynamo/bytecode_transformation.py", line 1322, in transform_code_object
[rank0]:W0113 23:00:25.549000 3947086 site-packages/torch/_dynamo/convert_frame.py:1125]     transformations(instructions, code_options)
[rank0]:W0113 23:00:25.549000 3947086 site-packages/torch/_dynamo/convert_frame.py:1125]   File "/users/PAS2473/brucewan666/anaconda3/envs/dart/lib/python3.10/site-packages/torch/_dynamo/convert_frame.py", line 219, in _fn
[rank0]:W0113 23:00:25.549000 3947086 site-packages/torch/_dynamo/convert_frame.py:1125]     return fn(*args, **kwargs)
[rank0]:W0113 23:00:25.549000 3947086 site-packages/torch/_dynamo/convert_frame.py:1125]   File "/users/PAS2473/brucewan666/anaconda3/envs/dart/lib/python3.10/site-packages/torch/_dynamo/convert_frame.py", line 634, in transform
[rank0]:W0113 23:00:25.549000 3947086 site-packages/torch/_dynamo/convert_frame.py:1125]     tracer.run()
[rank0]:W0113 23:00:25.549000 3947086 site-packages/torch/_dynamo/convert_frame.py:1125]   File "/users/PAS2473/brucewan666/anaconda3/envs/dart/lib/python3.10/site-packages/torch/_dynamo/symbolic_convert.py", line 2796, in run
[rank0]:W0113 23:00:25.549000 3947086 site-packages/torch/_dynamo/convert_frame.py:1125]     super().run()
[rank0]:W0113 23:00:25.549000 3947086 site-packages/torch/_dynamo/convert_frame.py:1125]   File "/users/PAS2473/brucewan666/anaconda3/envs/dart/lib/python3.10/site-packages/torch/_dynamo/symbolic_convert.py", line 983, in run
[rank0]:W0113 23:00:25.549000 3947086 site-packages/torch/_dynamo/convert_frame.py:1125]     while self.step():
[rank0]:W0113 23:00:25.549000 3947086 site-packages/torch/_dynamo/convert_frame.py:1125]   File "/users/PAS2473/brucewan666/anaconda3/envs/dart/lib/python3.10/site-packages/torch/_dynamo/symbolic_convert.py", line 895, in step
[rank0]:W0113 23:00:25.549000 3947086 site-packages/torch/_dynamo/convert_frame.py:1125]     self.dispatch_table[inst.opcode](self, inst)
[rank0]:W0113 23:00:25.549000 3947086 site-packages/torch/_dynamo/convert_frame.py:1125]   File "/users/PAS2473/brucewan666/anaconda3/envs/dart/lib/python3.10/site-packages/torch/_dynamo/symbolic_convert.py", line 580, in wrapper
[rank0]:W0113 23:00:25.549000 3947086 site-packages/torch/_dynamo/convert_frame.py:1125]     return handle_graph_break(self, inst, speculation.reason)
[rank0]:W0113 23:00:25.549000 3947086 site-packages/torch/_dynamo/convert_frame.py:1125]   File "/users/PAS2473/brucewan666/anaconda3/envs/dart/lib/python3.10/site-packages/torch/_dynamo/symbolic_convert.py", line 649, in handle_graph_break
[rank0]:W0113 23:00:25.549000 3947086 site-packages/torch/_dynamo/convert_frame.py:1125]     self.output.compile_subgraph(self, reason=reason)
[rank0]:W0113 23:00:25.549000 3947086 site-packages/torch/_dynamo/convert_frame.py:1125]   File "/users/PAS2473/brucewan666/anaconda3/envs/dart/lib/python3.10/site-packages/torch/_dynamo/output_graph.py", line 1142, in compile_subgraph
[rank0]:W0113 23:00:25.549000 3947086 site-packages/torch/_dynamo/convert_frame.py:1125]     self.compile_and_call_fx_graph(tx, pass2.graph_output_vars(), root)
[rank0]:W0113 23:00:25.549000 3947086 site-packages/torch/_dynamo/convert_frame.py:1125]   File "/users/PAS2473/brucewan666/anaconda3/envs/dart/lib/python3.10/site-packages/torch/_dynamo/output_graph.py", line 1369, in compile_and_call_fx_graph
[rank0]:W0113 23:00:25.549000 3947086 site-packages/torch/_dynamo/convert_frame.py:1125]     compiled_fn = self.call_user_compiler(gm)
[rank0]:W0113 23:00:25.549000 3947086 site-packages/torch/_dynamo/convert_frame.py:1125]   File "/users/PAS2473/brucewan666/anaconda3/envs/dart/lib/python3.10/site-packages/torch/_dynamo/output_graph.py", line 1416, in call_user_compiler
[rank0]:W0113 23:00:25.549000 3947086 site-packages/torch/_dynamo/convert_frame.py:1125]     return self._call_user_compiler(gm)
[rank0]:W0113 23:00:25.549000 3947086 site-packages/torch/_dynamo/convert_frame.py:1125]   File "/users/PAS2473/brucewan666/anaconda3/envs/dart/lib/python3.10/site-packages/torch/_dynamo/output_graph.py", line 1465, in _call_user_compiler
[rank0]:W0113 23:00:25.549000 3947086 site-packages/torch/_dynamo/convert_frame.py:1125]     raise BackendCompilerFailed(self.compiler_fn, e) from e
[rank0]:W0113 23:00:25.549000 3947086 site-packages/torch/_dynamo/convert_frame.py:1125] torch._dynamo.exc.BackendCompilerFailed: backend='compile_fn' raised:
[rank0]:W0113 23:00:25.549000 3947086 site-packages/torch/_dynamo/convert_frame.py:1125] CppCompileError: C++ compile error
[rank0]:W0113 23:00:25.549000 3947086 site-packages/torch/_dynamo/convert_frame.py:1125]
[rank0]:W0113 23:00:25.549000 3947086 site-packages/torch/_dynamo/convert_frame.py:1125] Command:
[rank0]:W0113 23:00:25.549000 3947086 site-packages/torch/_dynamo/convert_frame.py:1125] /users/PAS2473/brucewan666/anaconda3/envs/dart/bin/x86_64-conda-linux-gnu-c++ /tmp/slurmtmp.281815/torchinductor_brucewan666/oo/cooebk7whhdx6k3pttozlrqbcqk4wryfh666nhpbodwrpbn6bhpo.cpp -D TORCH_INDUCTOR_CPP_WRAPPER -D C10_USING_CUSTOM_GENERATED_MACROS -shared -fPIC -O3 -DNDEBUG -ffast-math -fno-finite-math-only -fno-unsafe-math-optimizations -ffp-contract=off -march=native -Wall -std=c++17 -Wno-unused-variable -Wno-unknown-pragmas -fopenmp -I/users/PAS2473/brucewan666/anaconda3/envs/dart/include/python3.10 -I/users/PAS2473/brucewan666/anaconda3/envs/dart/include/python3.10 -I/users/PAS2473/brucewan666/anaconda3/envs/dart/lib/python3.10/site-packages/torch/include -I/users/PAS2473/brucewan666/anaconda3/envs/dart/lib/python3.10/site-packages/torch/include/torch/csrc/api/include -I/users/PAS2473/brucewan666/anaconda3/envs/dart/lib/python3.10/site-packages/torch/include/TH -I/users/PAS2473/brucewan666/anaconda3/envs/dart/lib/python3.10/site-packages/torch/include/THC -I/users/PAS2473/brucewan666/anaconda3/envs/dart/lib/python3.10/site-packages/torch/include -I/users/PAS2473/brucewan666/anaconda3/envs/dart/lib/python3.10/site-packages/torch/include/torch/csrc/api/include -I/users/PAS2473/brucewan666/anaconda3/envs/dart/lib/python3.10/site-packages/torch/include/TH -I/users/PAS2473/brucewan666/anaconda3/envs/dart/lib/python3.10/site-packages/torch/include/THC -D_GLIBCXX_USE_CXX11_ABI=0 -ltorch -ltorch_cpu -ltorch_python -lc10 -lgomp -L/users/PAS2473/brucewan666/anaconda3/envs/dart/lib -L/users/PAS2473/brucewan666/anaconda3/envs/dart/lib/python3.10/site-packages/torch/lib -L/users/PAS2473/brucewan666/anaconda3/envs/dart/lib/python3.10/site-packages/torch/lib -L/users/PAS2473/brucewan666/anaconda3/envs/dart/lib/python3.10/site-packages/torch/lib -o /tmp/slurmtmp.281815/torchinductor_brucewan666/oo/cooebk7whhdx6k3pttozlrqbcqk4wryfh666nhpbodwrpbn6bhpo.so
[rank0]:W0113 23:00:25.549000 3947086 site-packages/torch/_dynamo/convert_frame.py:1125]
[rank0]:W0113 23:00:25.549000 3947086 site-packages/torch/_dynamo/convert_frame.py:1125] Output:
[rank0]:W0113 23:00:25.549000 3947086 site-packages/torch/_dynamo/convert_frame.py:1125] /usr/bin/ld: /users/PAS2473/brucewan666/anaconda3/envs/dart/bin/../lib/gcc/x86_64-conda-linux-gnu/12.4.0/libgcc.a(_muldi3.o): unable to initialize decompress status for section .debug_info
[rank0]:W0113 23:00:25.549000 3947086 site-packages/torch/_dynamo/convert_frame.py:1125] /usr/bin/ld: /users/PAS2473/brucewan666/anaconda3/envs/dart/bin/../lib/gcc/x86_64-conda-linux-gnu/12.4.0/libgcc.a(_muldi3.o): unable to initialize decompress status for section .debug_info
[rank0]:W0113 23:00:25.549000 3947086 site-packages/torch/_dynamo/convert_frame.py:1125] /usr/bin/ld: /users/PAS2473/brucewan666/anaconda3/envs/dart/bin/../lib/gcc/x86_64-conda-linux-gnu/12.4.0/libgcc.a(_muldi3.o): unable to initialize decompress status for section .debug_info
[rank0]:W0113 23:00:25.549000 3947086 site-packages/torch/_dynamo/convert_frame.py:1125] /usr/bin/ld: /users/PAS2473/brucewan666/anaconda3/envs/dart/bin/../lib/gcc/x86_64-conda-linux-gnu/12.4.0/libgcc.a(_muldi3.o): unable to initialize decompress status for section .debug_info
[rank0]:W0113 23:00:25.549000 3947086 site-packages/torch/_dynamo/convert_frame.py:1125] /usr/bin/ld: /users/PAS2473/brucewan666/anaconda3/envs/dart/bin/../lib/gcc/x86_64-conda-linux-gnu/12.4.0/crtfastmath.o: unable to initialize decompress status for section .debug_info
[rank0]:W0113 23:00:25.549000 3947086 site-packages/torch/_dynamo/convert_frame.py:1125] /usr/bin/ld: /users/PAS2473/brucewan666/anaconda3/envs/dart/bin/../lib/gcc/x86_64-conda-linux-gnu/12.4.0/crtfastmath.o: unable to initialize decompress status for section .debug_info
[rank0]:W0113 23:00:25.549000 3947086 site-packages/torch/_dynamo/convert_frame.py:1125] /usr/bin/ld: /users/PAS2473/brucewan666/anaconda3/envs/dart/bin/../lib/gcc/x86_64-conda-linux-gnu/12.4.0/crtfastmath.o: unable to initialize decompress status for section .debug_info
[rank0]:W0113 23:00:25.549000 3947086 site-packages/torch/_dynamo/convert_frame.py:1125] /usr/bin/ld: /users/PAS2473/brucewan666/anaconda3/envs/dart/bin/../lib/gcc/x86_64-conda-linux-gnu/12.4.0/crtfastmath.o: unable to initialize decompress status for section .debug_info
[rank0]:W0113 23:00:25.549000 3947086 site-packages/torch/_dynamo/convert_frame.py:1125] /users/PAS2473/brucewan666/anaconda3/envs/dart/bin/../lib/gcc/x86_64-conda-linux-gnu/12.4.0/crtfastmath.o: file not recognized: File format not recognized
[rank0]:W0113 23:00:25.549000 3947086 site-packages/torch/_dynamo/convert_frame.py:1125] collect2: error: ld returned 1 exit status
[rank0]:W0113 23:00:25.549000 3947086 site-packages/torch/_dynamo/convert_frame.py:1125]
[rank0]:W0113 23:00:25.549000 3947086 site-packages/torch/_dynamo/convert_frame.py:1125]
[rank0]:W0113 23:00:25.549000 3947086 site-packages/torch/_dynamo/convert_frame.py:1125] Set TORCH_LOGS="+dynamo" and TORCHDYNAMO_VERBOSE=1 for more information
[rank0]:W0113 23:00:25.549000 3947086 site-packages/torch/_dynamo/convert_frame.py:1125]
[rank0]:W0113 23:00:25.549000 3947086 site-packages/torch/_dynamo/convert_frame.py:1125] Traceback (most recent call last):
[rank0]:W0113 23:00:25.549000 3947086 site-packages/torch/_dynamo/convert_frame.py:1125]   File "/users/PAS2473/brucewan666/anaconda3/envs/dart/lib/python3.10/site-packages/torch/_inductor/cpp_builder.py", line 331, in _run_compile_cmd
[rank0]:W0113 23:00:25.549000 3947086 site-packages/torch/_dynamo/convert_frame.py:1125]     status = subprocess.check_output(args=cmd, cwd=cwd, stderr=subprocess.STDOUT)
[rank0]:W0113 23:00:25.549000 3947086 site-packages/torch/_dynamo/convert_frame.py:1125]   File "/users/PAS2473/brucewan666/anaconda3/envs/dart/lib/python3.10/subprocess.py", line 421, in check_output
[rank0]:W0113 23:00:25.549000 3947086 site-packages/torch/_dynamo/convert_frame.py:1125]     return run(*popenargs, stdout=PIPE, timeout=timeout, check=True,
[rank0]:W0113 23:00:25.549000 3947086 site-packages/torch/_dynamo/convert_frame.py:1125]   File "/users/PAS2473/brucewan666/anaconda3/envs/dart/lib/python3.10/subprocess.py", line 526, in run
[rank0]:W0113 23:00:25.549000 3947086 site-packages/torch/_dynamo/convert_frame.py:1125]     raise CalledProcessError(retcode, process.args,
[rank0]:W0113 23:00:25.549000 3947086 site-packages/torch/_dynamo/convert_frame.py:1125] subprocess.CalledProcessError: Command '['/users/PAS2473/brucewan666/anaconda3/envs/dart/bin/x86_64-conda-linux-gnu-c++', '/tmp/slurmtmp.281815/torchinductor_brucewan666/oo/cooebk7whhdx6k3pttozlrqbcqk4wryfh666nhpbodwrpbn6bhpo.cpp', '-D', 'TORCH_INDUCTOR_CPP_WRAPPER', '-D', 'C10_USING_CUSTOM_GENERATED_MACROS', '-shared', '-fPIC', '-O3', '-DNDEBUG', '-ffast-math', '-fno-finite-math-only', '-fno-unsafe-math-optimizations', '-ffp-contract=off', '-march=native', '-Wall', '-std=c++17', '-Wno-unused-variable', '-Wno-unknown-pragmas', '-fopenmp', '-I/users/PAS2473/brucewan666/anaconda3/envs/dart/include/python3.10', '-I/users/PAS2473/brucewan666/anaconda3/envs/dart/include/python3.10', '-I/users/PAS2473/brucewan666/anaconda3/envs/dart/lib/python3.10/site-packages/torch/include', '-I/users/PAS2473/brucewan666/anaconda3/envs/dart/lib/python3.10/site-packages/torch/include/torch/csrc/api/include', '-I/users/PAS2473/brucewan666/anaconda3/envs/dart/lib/python3.10/site-packages/torch/include/TH', '-I/users/PAS2473/brucewan666/anaconda3/envs/dart/lib/python3.10/site-packages/torch/include/THC', '-I/users/PAS2473/brucewan666/anaconda3/envs/dart/lib/python3.10/site-packages/torch/include', '-I/users/PAS2473/brucewan666/anaconda3/envs/dart/lib/python3.10/site-packages/torch/include/torch/csrc/api/include', '-I/users/PAS2473/brucewan666/anaconda3/envs/dart/lib/python3.10/site-packages/torch/include/TH', '-I/users/PAS2473/brucewan666/anaconda3/envs/dart/lib/python3.10/site-packages/torch/include/THC', '-D_GLIBCXX_USE_CXX11_ABI=0', '-ltorch', '-ltorch_cpu', '-ltorch_python', '-lc10', '-lgomp', '-L/users/PAS2473/brucewan666/anaconda3/envs/dart/lib', '-L/users/PAS2473/brucewan666/anaconda3/envs/dart/lib/python3.10/site-packages/torch/lib', '-L/users/PAS2473/brucewan666/anaconda3/envs/dart/lib/python3.10/site-packages/torch/lib', '-L/users/PAS2473/brucewan666/anaconda3/envs/dart/lib/python3.10/site-packages/torch/lib', '-o', '/tmp/slurmtmp.281815/torchinductor_brucewan666/oo/cooebk7whhdx6k3pttozlrqbcqk4wryfh666nhpbodwrpbn6bhpo.so']' returned non-zero exit status 1.
[rank0]:W0113 23:00:25.549000 3947086 site-packages/torch/_dynamo/convert_frame.py:1125]
[rank0]:W0113 23:00:25.549000 3947086 site-packages/torch/_dynamo/convert_frame.py:1125] The above exception was the direct cause of the following exception:
[rank0]:W0113 23:00:25.549000 3947086 site-packages/torch/_dynamo/convert_frame.py:1125]
[rank0]:W0113 23:00:25.549000 3947086 site-packages/torch/_dynamo/convert_frame.py:1125] Traceback (most recent call last):
[rank0]:W0113 23:00:25.549000 3947086 site-packages/torch/_dynamo/convert_frame.py:1125]   File "/users/PAS2473/brucewan666/anaconda3/envs/dart/lib/python3.10/site-packages/torch/_dynamo/output_graph.py", line 1446, in _call_user_compiler
[rank0]:W0113 23:00:25.549000 3947086 site-packages/torch/_dynamo/convert_frame.py:1125]     compiled_fn = compiler_fn(gm, self.example_inputs())
[rank0]:W0113 23:00:25.549000 3947086 site-packages/torch/_dynamo/convert_frame.py:1125]   File "/users/PAS2473/brucewan666/anaconda3/envs/dart/lib/python3.10/site-packages/torch/_dynamo/backends/distributed.py", line 506, in compile_fn
[rank0]:W0113 23:00:25.549000 3947086 site-packages/torch/_dynamo/convert_frame.py:1125]     return self.backend_compile_fn(gm, example_inputs)
[rank0]:W0113 23:00:25.549000 3947086 site-packages/torch/_dynamo/convert_frame.py:1125]   File "/users/PAS2473/brucewan666/anaconda3/envs/dart/lib/python3.10/site-packages/torch/_dynamo/repro/after_dynamo.py", line 129, in __call__
[rank0]:W0113 23:00:25.549000 3947086 site-packages/torch/_dynamo/convert_frame.py:1125]     compiled_gm = compiler_fn(gm, example_inputs)
[rank0]:W0113 23:00:25.549000 3947086 site-packages/torch/_dynamo/convert_frame.py:1125]   File "/users/PAS2473/brucewan666/anaconda3/envs/dart/lib/python3.10/site-packages/torch/__init__.py", line 2234, in __call__
[rank0]:W0113 23:00:25.549000 3947086 site-packages/torch/_dynamo/convert_frame.py:1125]     return compile_fx(model_, inputs_, config_patches=self.config)
[rank0]:W0113 23:00:25.549000 3947086 site-packages/torch/_dynamo/convert_frame.py:1125]   File "/users/PAS2473/brucewan666/anaconda3/envs/dart/lib/python3.10/site-packages/torch/_inductor/compile_fx.py", line 1521, in compile_fx
[rank0]:W0113 23:00:25.549000 3947086 site-packages/torch/_dynamo/convert_frame.py:1125]     return aot_autograd(
[rank0]:W0113 23:00:25.549000 3947086 site-packages/torch/_dynamo/convert_frame.py:1125]   File "/users/PAS2473/brucewan666/anaconda3/envs/dart/lib/python3.10/site-packages/torch/_dynamo/backends/common.py", line 72, in __call__
[rank0]:W0113 23:00:25.549000 3947086 site-packages/torch/_dynamo/convert_frame.py:1125]     cg = aot_module_simplified(gm, example_inputs, **self.kwargs)
[rank0]:W0113 23:00:25.549000 3947086 site-packages/torch/_dynamo/convert_frame.py:1125]   File "/users/PAS2473/brucewan666/anaconda3/envs/dart/lib/python3.10/site-packages/torch/_functorch/aot_autograd.py", line 1071, in aot_module_simplified
[rank0]:W0113 23:00:25.549000 3947086 site-packages/torch/_dynamo/convert_frame.py:1125]     compiled_fn = dispatch_and_compile()
[rank0]:W0113 23:00:25.549000 3947086 site-packages/torch/_dynamo/convert_frame.py:1125]   File "/users/PAS2473/brucewan666/anaconda3/envs/dart/lib/python3.10/site-packages/torch/_functorch/aot_autograd.py", line 1056, in dispatch_and_compile
[rank0]:W0113 23:00:25.549000 3947086 site-packages/torch/_dynamo/convert_frame.py:1125]     compiled_fn, _ = create_aot_dispatcher_function(
[rank0]:W0113 23:00:25.549000 3947086 site-packages/torch/_dynamo/convert_frame.py:1125]   File "/users/PAS2473/brucewan666/anaconda3/envs/dart/lib/python3.10/site-packages/torch/_functorch/aot_autograd.py", line 522, in create_aot_dispatcher_function
[rank0]:W0113 23:00:25.549000 3947086 site-packages/torch/_dynamo/convert_frame.py:1125]     return _create_aot_dispatcher_function(
[rank0]:W0113 23:00:25.549000 3947086 site-packages/torch/_dynamo/convert_frame.py:1125]   File "/users/PAS2473/brucewan666/anaconda3/envs/dart/lib/python3.10/site-packages/torch/_functorch/aot_autograd.py", line 759, in _create_aot_dispatcher_function
[rank0]:W0113 23:00:25.549000 3947086 site-packages/torch/_dynamo/convert_frame.py:1125]     compiled_fn, fw_metadata = compiler_fn(
[rank0]:W0113 23:00:25.549000 3947086 site-packages/torch/_dynamo/convert_frame.py:1125]   File "/users/PAS2473/brucewan666/anaconda3/envs/dart/lib/python3.10/site-packages/torch/_functorch/_aot_autograd/jit_compile_runtime_wrappers.py", line 179, in aot_dispatch_base
[rank0]:W0113 23:00:25.549000 3947086 site-packages/torch/_dynamo/convert_frame.py:1125]     compiled_fw = compiler(fw_module, updated_flat_args)
[rank0]:W0113 23:00:25.549000 3947086 site-packages/torch/_dynamo/convert_frame.py:1125]   File "/users/PAS2473/brucewan666/anaconda3/envs/dart/lib/python3.10/site-packages/torch/_inductor/compile_fx.py", line 1350, in fw_compiler_base
[rank0]:W0113 23:00:25.549000 3947086 site-packages/torch/_dynamo/convert_frame.py:1125]     return _fw_compiler_base(model, example_inputs, is_inference)
[rank0]:W0113 23:00:25.549000 3947086 site-packages/torch/_dynamo/convert_frame.py:1125]   File "/users/PAS2473/brucewan666/anaconda3/envs/dart/lib/python3.10/site-packages/torch/_inductor/compile_fx.py", line 1421, in _fw_compiler_base
[rank0]:W0113 23:00:25.549000 3947086 site-packages/torch/_dynamo/convert_frame.py:1125]     return inner_compile(
[rank0]:W0113 23:00:25.549000 3947086 site-packages/torch/_dynamo/convert_frame.py:1125]   File "/users/PAS2473/brucewan666/anaconda3/envs/dart/lib/python3.10/site-packages/torch/_inductor/compile_fx.py", line 475, in compile_fx_inner
[rank0]:W0113 23:00:25.549000 3947086 site-packages/torch/_dynamo/convert_frame.py:1125]     return wrap_compiler_debug(_compile_fx_inner, compiler_name="inductor")(
[rank0]:W0113 23:00:25.549000 3947086 site-packages/torch/_dynamo/convert_frame.py:1125]   File "/users/PAS2473/brucewan666/anaconda3/envs/dart/lib/python3.10/site-packages/torch/_dynamo/repro/after_aot.py", line 85, in debug_wrapper
[rank0]:W0113 23:00:25.549000 3947086 site-packages/torch/_dynamo/convert_frame.py:1125]     inner_compiled_fn = compiler_fn(gm, example_inputs)
[rank0]:W0113 23:00:25.549000 3947086 site-packages/torch/_dynamo/convert_frame.py:1125]   File "/users/PAS2473/brucewan666/anaconda3/envs/dart/lib/python3.10/site-packages/torch/_inductor/compile_fx.py", line 661, in _compile_fx_inner
[rank0]:W0113 23:00:25.549000 3947086 site-packages/torch/_dynamo/convert_frame.py:1125]     compiled_graph = FxGraphCache.load(
[rank0]:W0113 23:00:25.549000 3947086 site-packages/torch/_dynamo/convert_frame.py:1125]   File "/users/PAS2473/brucewan666/anaconda3/envs/dart/lib/python3.10/site-packages/torch/_inductor/codecache.py", line 1334, in load
[rank0]:W0113 23:00:25.549000 3947086 site-packages/torch/_dynamo/convert_frame.py:1125]     compiled_graph = compile_fx_fn(
[rank0]:W0113 23:00:25.549000 3947086 site-packages/torch/_dynamo/convert_frame.py:1125]   File "/users/PAS2473/brucewan666/anaconda3/envs/dart/lib/python3.10/site-packages/torch/_inductor/compile_fx.py", line 570, in codegen_and_compile
[rank0]:W0113 23:00:25.549000 3947086 site-packages/torch/_dynamo/convert_frame.py:1125]     compiled_graph = fx_codegen_and_compile(gm, example_inputs, **fx_kwargs)
[rank0]:W0113 23:00:25.549000 3947086 site-packages/torch/_dynamo/convert_frame.py:1125]   File "/users/PAS2473/brucewan666/anaconda3/envs/dart/lib/python3.10/site-packages/torch/_inductor/compile_fx.py", line 878, in fx_codegen_and_compile
[rank0]:W0113 23:00:25.549000 3947086 site-packages/torch/_dynamo/convert_frame.py:1125]     compiled_fn = graph.compile_to_fn()
[rank0]:W0113 23:00:25.549000 3947086 site-packages/torch/_dynamo/convert_frame.py:1125]   File "/users/PAS2473/brucewan666/anaconda3/envs/dart/lib/python3.10/site-packages/torch/_inductor/graph.py", line 1913, in compile_to_fn
[rank0]:W0113 23:00:25.549000 3947086 site-packages/torch/_dynamo/convert_frame.py:1125]     return self.compile_to_module().call
[rank0]:W0113 23:00:25.549000 3947086 site-packages/torch/_dynamo/convert_frame.py:1125]   File "/users/PAS2473/brucewan666/anaconda3/envs/dart/lib/python3.10/site-packages/torch/_inductor/graph.py", line 1839, in compile_to_module
[rank0]:W0113 23:00:25.549000 3947086 site-packages/torch/_dynamo/convert_frame.py:1125]     return self._compile_to_module()
[rank0]:W0113 23:00:25.549000 3947086 site-packages/torch/_dynamo/convert_frame.py:1125]   File "/users/PAS2473/brucewan666/anaconda3/envs/dart/lib/python3.10/site-packages/torch/_inductor/graph.py", line 1867, in _compile_to_module
[rank0]:W0113 23:00:25.549000 3947086 site-packages/torch/_dynamo/convert_frame.py:1125]     mod = PyCodeCache.load_by_key_path(
[rank0]:W0113 23:00:25.549000 3947086 site-packages/torch/_dynamo/convert_frame.py:1125]   File "/users/PAS2473/brucewan666/anaconda3/envs/dart/lib/python3.10/site-packages/torch/_inductor/codecache.py", line 2876, in load_by_key_path
[rank0]:W0113 23:00:25.549000 3947086 site-packages/torch/_dynamo/convert_frame.py:1125]     mod = _reload_python_module(key, path)
[rank0]:W0113 23:00:25.549000 3947086 site-packages/torch/_dynamo/convert_frame.py:1125]   File "/users/PAS2473/brucewan666/anaconda3/envs/dart/lib/python3.10/site-packages/torch/_inductor/runtime/compile_tasks.py", line 45, in _reload_python_module
[rank0]:W0113 23:00:25.549000 3947086 site-packages/torch/_dynamo/convert_frame.py:1125]     exec(code, mod.__dict__, mod.__dict__)
[rank0]:W0113 23:00:25.549000 3947086 site-packages/torch/_dynamo/convert_frame.py:1125]   File "/tmp/slurmtmp.281815/torchinductor_brucewan666/4i/c4i5tx44bkaufcrcblvrq4s5rw3mzn7dvtjqyponrvpfpz6p5l5g.py", line 52, in <module>
[rank0]:W0113 23:00:25.549000 3947086 site-packages/torch/_dynamo/convert_frame.py:1125]     async_compile.wait(globals())
[rank0]:W0113 23:00:25.549000 3947086 site-packages/torch/_dynamo/convert_frame.py:1125]   File "/users/PAS2473/brucewan666/anaconda3/envs/dart/lib/python3.10/site-packages/torch/_inductor/async_compile.py", line 276, in wait
[rank0]:W0113 23:00:25.549000 3947086 site-packages/torch/_dynamo/convert_frame.py:1125]     scope[key] = result.result()
[rank0]:W0113 23:00:25.549000 3947086 site-packages/torch/_dynamo/convert_frame.py:1125]   File "/users/PAS2473/brucewan666/anaconda3/envs/dart/lib/python3.10/site-packages/torch/_inductor/codecache.py", line 3353, in result
[rank0]:W0113 23:00:25.549000 3947086 site-packages/torch/_dynamo/convert_frame.py:1125]     return self.result_fn()
[rank0]:W0113 23:00:25.549000 3947086 site-packages/torch/_dynamo/convert_frame.py:1125]   File "/users/PAS2473/brucewan666/anaconda3/envs/dart/lib/python3.10/site-packages/torch/_inductor/codecache.py", line 2377, in future
[rank0]:W0113 23:00:25.549000 3947086 site-packages/torch/_dynamo/convert_frame.py:1125]     result = get_result()
[rank0]:W0113 23:00:25.549000 3947086 site-packages/torch/_dynamo/convert_frame.py:1125]   File "/users/PAS2473/brucewan666/anaconda3/envs/dart/lib/python3.10/site-packages/torch/_inductor/codecache.py", line 2177, in load_fn
[rank0]:W0113 23:00:25.549000 3947086 site-packages/torch/_dynamo/convert_frame.py:1125]     future.result()
[rank0]:W0113 23:00:25.549000 3947086 site-packages/torch/_dynamo/convert_frame.py:1125]   File "/users/PAS2473/brucewan666/anaconda3/envs/dart/lib/python3.10/concurrent/futures/_base.py", line 458, in result
[rank0]:W0113 23:00:25.549000 3947086 site-packages/torch/_dynamo/convert_frame.py:1125]     return self.__get_result()
[rank0]:W0113 23:00:25.549000 3947086 site-packages/torch/_dynamo/convert_frame.py:1125]   File "/users/PAS2473/brucewan666/anaconda3/envs/dart/lib/python3.10/concurrent/futures/_base.py", line 403, in __get_result
[rank0]:W0113 23:00:25.549000 3947086 site-packages/torch/_dynamo/convert_frame.py:1125]     raise self._exception
[rank0]:W0113 23:00:25.549000 3947086 site-packages/torch/_dynamo/convert_frame.py:1125]   File "/users/PAS2473/brucewan666/anaconda3/envs/dart/lib/python3.10/concurrent/futures/thread.py", line 58, in run
[rank0]:W0113 23:00:25.549000 3947086 site-packages/torch/_dynamo/convert_frame.py:1125]     result = self.fn(*self.args, **self.kwargs)
[rank0]:W0113 23:00:25.549000 3947086 site-packages/torch/_dynamo/convert_frame.py:1125]   File "/users/PAS2473/brucewan666/anaconda3/envs/dart/lib/python3.10/site-packages/torch/_inductor/codecache.py", line 2218, in _worker_compile_cpp
[rank0]:W0113 23:00:25.549000 3947086 site-packages/torch/_dynamo/convert_frame.py:1125]     cpp_builder.build()
[rank0]:W0113 23:00:25.549000 3947086 site-packages/torch/_dynamo/convert_frame.py:1125]   File "/users/PAS2473/brucewan666/anaconda3/envs/dart/lib/python3.10/site-packages/torch/_inductor/cpp_builder.py", line 1508, in build
[rank0]:W0113 23:00:25.549000 3947086 site-packages/torch/_dynamo/convert_frame.py:1125]     status = run_compile_cmd(build_cmd, cwd=_build_tmp_dir)
[rank0]:W0113 23:00:25.549000 3947086 site-packages/torch/_dynamo/convert_frame.py:1125]   File "/users/PAS2473/brucewan666/anaconda3/envs/dart/lib/python3.10/site-packages/torch/_inductor/cpp_builder.py", line 352, in run_compile_cmd
[rank0]:W0113 23:00:25.549000 3947086 site-packages/torch/_dynamo/convert_frame.py:1125]     return _run_compile_cmd(cmd_line, cwd)
[rank0]:W0113 23:00:25.549000 3947086 site-packages/torch/_dynamo/convert_frame.py:1125]   File "/users/PAS2473/brucewan666/anaconda3/envs/dart/lib/python3.10/site-packages/torch/_inductor/cpp_builder.py", line 346, in _run_compile_cmd
[rank0]:W0113 23:00:25.549000 3947086 site-packages/torch/_dynamo/convert_frame.py:1125]     raise exc.CppCompileError(cmd, output) from e
[rank0]:W0113 23:00:25.549000 3947086 site-packages/torch/_dynamo/convert_frame.py:1125] torch._inductor.exc.CppCompileError: C++ compile error
[rank0]:W0113 23:00:25.549000 3947086 site-packages/torch/_dynamo/convert_frame.py:1125]
[rank0]:W0113 23:00:25.549000 3947086 site-packages/torch/_dynamo/convert_frame.py:1125] Command:
[rank0]:W0113 23:00:25.549000 3947086 site-packages/torch/_dynamo/convert_frame.py:1125] /users/PAS2473/brucewan666/anaconda3/envs/dart/bin/x86_64-conda-linux-gnu-c++ /tmp/slurmtmp.281815/torchinductor_brucewan666/oo/cooebk7whhdx6k3pttozlrqbcqk4wryfh666nhpbodwrpbn6bhpo.cpp -D TORCH_INDUCTOR_CPP_WRAPPER -D C10_USING_CUSTOM_GENERATED_MACROS -shared -fPIC -O3 -DNDEBUG -ffast-math -fno-finite-math-only -fno-unsafe-math-optimizations -ffp-contract=off -march=native -Wall -std=c++17 -Wno-unused-variable -Wno-unknown-pragmas -fopenmp -I/users/PAS2473/brucewan666/anaconda3/envs/dart/include/python3.10 -I/users/PAS2473/brucewan666/anaconda3/envs/dart/include/python3.10 -I/users/PAS2473/brucewan666/anaconda3/envs/dart/lib/python3.10/site-packages/torch/include -I/users/PAS2473/brucewan666/anaconda3/envs/dart/lib/python3.10/site-packages/torch/include/torch/csrc/api/include -I/users/PAS2473/brucewan666/anaconda3/envs/dart/lib/python3.10/site-packages/torch/include/TH -I/users/PAS2473/brucewan666/anaconda3/envs/dart/lib/python3.10/site-packages/torch/include/THC -I/users/PAS2473/brucewan666/anaconda3/envs/dart/lib/python3.10/site-packages/torch/include -I/users/PAS2473/brucewan666/anaconda3/envs/dart/lib/python3.10/site-packages/torch/include/torch/csrc/api/include -I/users/PAS2473/brucewan666/anaconda3/envs/dart/lib/python3.10/site-packages/torch/include/TH -I/users/PAS2473/brucewan666/anaconda3/envs/dart/lib/python3.10/site-packages/torch/include/THC -D_GLIBCXX_USE_CXX11_ABI=0 -ltorch -ltorch_cpu -ltorch_python -lc10 -lgomp -L/users/PAS2473/brucewan666/anaconda3/envs/dart/lib -L/users/PAS2473/brucewan666/anaconda3/envs/dart/lib/python3.10/site-packages/torch/lib -L/users/PAS2473/brucewan666/anaconda3/envs/dart/lib/python3.10/site-packages/torch/lib -L/users/PAS2473/brucewan666/anaconda3/envs/dart/lib/python3.10/site-packages/torch/lib -o /tmp/slurmtmp.281815/torchinductor_brucewan666/oo/cooebk7whhdx6k3pttozlrqbcqk4wryfh666nhpbodwrpbn6bhpo.so
[rank0]:W0113 23:00:25.549000 3947086 site-packages/torch/_dynamo/convert_frame.py:1125]
[rank0]:W0113 23:00:25.549000 3947086 site-packages/torch/_dynamo/convert_frame.py:1125] Output:
[rank0]:W0113 23:00:25.549000 3947086 site-packages/torch/_dynamo/convert_frame.py:1125] /usr/bin/ld: /users/PAS2473/brucewan666/anaconda3/envs/dart/bin/../lib/gcc/x86_64-conda-linux-gnu/12.4.0/libgcc.a(_muldi3.o): unable to initialize decompress status for section .debug_info
[rank0]:W0113 23:00:25.549000 3947086 site-packages/torch/_dynamo/convert_frame.py:1125] /usr/bin/ld: /users/PAS2473/brucewan666/anaconda3/envs/dart/bin/../lib/gcc/x86_64-conda-linux-gnu/12.4.0/libgcc.a(_muldi3.o): unable to initialize decompress status for section .debug_info
[rank0]:W0113 23:00:25.549000 3947086 site-packages/torch/_dynamo/convert_frame.py:1125] /usr/bin/ld: /users/PAS2473/brucewan666/anaconda3/envs/dart/bin/../lib/gcc/x86_64-conda-linux-gnu/12.4.0/libgcc.a(_muldi3.o): unable to initialize decompress status for section .debug_info
[rank0]:W0113 23:00:25.549000 3947086 site-packages/torch/_dynamo/convert_frame.py:1125] /usr/bin/ld: /users/PAS2473/brucewan666/anaconda3/envs/dart/bin/../lib/gcc/x86_64-conda-linux-gnu/12.4.0/libgcc.a(_muldi3.o): unable to initialize decompress status for section .debug_info
[rank0]:W0113 23:00:25.549000 3947086 site-packages/torch/_dynamo/convert_frame.py:1125] /usr/bin/ld: /users/PAS2473/brucewan666/anaconda3/envs/dart/bin/../lib/gcc/x86_64-conda-linux-gnu/12.4.0/crtfastmath.o: unable to initialize decompress status for section .debug_info
[rank0]:W0113 23:00:25.549000 3947086 site-packages/torch/_dynamo/convert_frame.py:1125] /usr/bin/ld: /users/PAS2473/brucewan666/anaconda3/envs/dart/bin/../lib/gcc/x86_64-conda-linux-gnu/12.4.0/crtfastmath.o: unable to initialize decompress status for section .debug_info
[rank0]:W0113 23:00:25.549000 3947086 site-packages/torch/_dynamo/convert_frame.py:1125] /usr/bin/ld: /users/PAS2473/brucewan666/anaconda3/envs/dart/bin/../lib/gcc/x86_64-conda-linux-gnu/12.4.0/crtfastmath.o: unable to initialize decompress status for section .debug_info
[rank0]:W0113 23:00:25.549000 3947086 site-packages/torch/_dynamo/convert_frame.py:1125] /usr/bin/ld: /users/PAS2473/brucewan666/anaconda3/envs/dart/bin/../lib/gcc/x86_64-conda-linux-gnu/12.4.0/crtfastmath.o: unable to initialize decompress status for section .debug_info
[rank0]:W0113 23:00:25.549000 3947086 site-packages/torch/_dynamo/convert_frame.py:1125] /users/PAS2473/brucewan666/anaconda3/envs/dart/bin/../lib/gcc/x86_64-conda-linux-gnu/12.4.0/crtfastmath.o: file not recognized: File format not recognized
[rank0]:W0113 23:00:25.549000 3947086 site-packages/torch/_dynamo/convert_frame.py:1125] collect2: error: ld returned 1 exit status
[rank0]:W0113 23:00:25.549000 3947086 site-packages/torch/_dynamo/convert_frame.py:1125]
[rank0]:W0113 23:00:25.549000 3947086 site-packages/torch/_dynamo/convert_frame.py:1125]
[rank0]:W0113 23:00:25.549000 3947086 site-packages/torch/_dynamo/convert_frame.py:1125] The above exception was the direct cause of the following exception:
[rank0]:W0113 23:00:25.549000 3947086 site-packages/torch/_dynamo/convert_frame.py:1125]
[rank0]:W0113 23:00:25.549000 3947086 site-packages/torch/_dynamo/convert_frame.py:1125] Traceback (most recent call last):
[rank0]:W0113 23:00:25.549000 3947086 site-packages/torch/_dynamo/convert_frame.py:1125]   File "/users/PAS2473/brucewan666/anaconda3/envs/dart/lib/python3.10/site-packages/torch/_dynamo/convert_frame.py", line 1064, in __call__
[rank0]:W0113 23:00:25.549000 3947086 site-packages/torch/_dynamo/convert_frame.py:1125]     result = self._inner_convert(
[rank0]:W0113 23:00:25.549000 3947086 site-packages/torch/_dynamo/convert_frame.py:1125]   File "/users/PAS2473/brucewan666/anaconda3/envs/dart/lib/python3.10/site-packages/torch/_dynamo/convert_frame.py", line 526, in __call__
[rank0]:W0113 23:00:25.549000 3947086 site-packages/torch/_dynamo/convert_frame.py:1125]     return _compile(
[rank0]:W0113 23:00:25.549000 3947086 site-packages/torch/_dynamo/convert_frame.py:1125]   File "/users/PAS2473/brucewan666/anaconda3/envs/dart/lib/python3.10/site-packages/torch/_dynamo/convert_frame.py", line 924, in _compile
[rank0]:W0113 23:00:25.549000 3947086 site-packages/torch/_dynamo/convert_frame.py:1125]     guarded_code = compile_inner(code, one_graph, hooks, transform)
[rank0]:W0113 23:00:25.549000 3947086 site-packages/torch/_dynamo/convert_frame.py:1125]   File "/users/PAS2473/brucewan666/anaconda3/envs/dart/lib/python3.10/site-packages/torch/_dynamo/convert_frame.py", line 666, in compile_inner
[rank0]:W0113 23:00:25.549000 3947086 site-packages/torch/_dynamo/convert_frame.py:1125]     return _compile_inner(code, one_graph, hooks, transform)
[rank0]:W0113 23:00:25.549000 3947086 site-packages/torch/_dynamo/convert_frame.py:1125]   File "/users/PAS2473/brucewan666/anaconda3/envs/dart/lib/python3.10/site-packages/torch/_utils_internal.py", line 87, in wrapper_function
[rank0]:W0113 23:00:25.549000 3947086 site-packages/torch/_dynamo/convert_frame.py:1125]     return function(*args, **kwargs)
[rank0]:W0113 23:00:25.549000 3947086 site-packages/torch/_dynamo/convert_frame.py:1125]   File "/users/PAS2473/brucewan666/anaconda3/envs/dart/lib/python3.10/site-packages/torch/_dynamo/convert_frame.py", line 699, in _compile_inner
[rank0]:W0113 23:00:25.549000 3947086 site-packages/torch/_dynamo/convert_frame.py:1125]     out_code = transform_code_object(code, transform)
[rank0]:W0113 23:00:25.549000 3947086 site-packages/torch/_dynamo/convert_frame.py:1125]   File "/users/PAS2473/brucewan666/anaconda3/envs/dart/lib/python3.10/site-packages/torch/_dynamo/bytecode_transformation.py", line 1322, in transform_code_object
[rank0]:W0113 23:00:25.549000 3947086 site-packages/torch/_dynamo/convert_frame.py:1125]     transformations(instructions, code_options)
[rank0]:W0113 23:00:25.549000 3947086 site-packages/torch/_dynamo/convert_frame.py:1125]   File "/users/PAS2473/brucewan666/anaconda3/envs/dart/lib/python3.10/site-packages/torch/_dynamo/convert_frame.py", line 219, in _fn
[rank0]:W0113 23:00:25.549000 3947086 site-packages/torch/_dynamo/convert_frame.py:1125]     return fn(*args, **kwargs)
[rank0]:W0113 23:00:25.549000 3947086 site-packages/torch/_dynamo/convert_frame.py:1125]   File "/users/PAS2473/brucewan666/anaconda3/envs/dart/lib/python3.10/site-packages/torch/_dynamo/convert_frame.py", line 634, in transform
[rank0]:W0113 23:00:25.549000 3947086 site-packages/torch/_dynamo/convert_frame.py:1125]     tracer.run()
[rank0]:W0113 23:00:25.549000 3947086 site-packages/torch/_dynamo/convert_frame.py:1125]   File "/users/PAS2473/brucewan666/anaconda3/envs/dart/lib/python3.10/site-packages/torch/_dynamo/symbolic_convert.py", line 2796, in run
[rank0]:W0113 23:00:25.549000 3947086 site-packages/torch/_dynamo/convert_frame.py:1125]     super().run()
[rank0]:W0113 23:00:25.549000 3947086 site-packages/torch/_dynamo/convert_frame.py:1125]   File "/users/PAS2473/brucewan666/anaconda3/envs/dart/lib/python3.10/site-packages/torch/_dynamo/symbolic_convert.py", line 983, in run
[rank0]:W0113 23:00:25.549000 3947086 site-packages/torch/_dynamo/convert_frame.py:1125]     while self.step():
[rank0]:W0113 23:00:25.549000 3947086 site-packages/torch/_dynamo/convert_frame.py:1125]   File "/users/PAS2473/brucewan666/anaconda3/envs/dart/lib/python3.10/site-packages/torch/_dynamo/symbolic_convert.py", line 895, in step
[rank0]:W0113 23:00:25.549000 3947086 site-packages/torch/_dynamo/convert_frame.py:1125]     self.dispatch_table[inst.opcode](self, inst)
[rank0]:W0113 23:00:25.549000 3947086 site-packages/torch/_dynamo/convert_frame.py:1125]   File "/users/PAS2473/brucewan666/anaconda3/envs/dart/lib/python3.10/site-packages/torch/_dynamo/symbolic_convert.py", line 580, in wrapper
[rank0]:W0113 23:00:25.549000 3947086 site-packages/torch/_dynamo/convert_frame.py:1125]     return handle_graph_break(self, inst, speculation.reason)
[rank0]:W0113 23:00:25.549000 3947086 site-packages/torch/_dynamo/convert_frame.py:1125]   File "/users/PAS2473/brucewan666/anaconda3/envs/dart/lib/python3.10/site-packages/torch/_dynamo/symbolic_convert.py", line 649, in handle_graph_break
[rank0]:W0113 23:00:25.549000 3947086 site-packages/torch/_dynamo/convert_frame.py:1125]     self.output.compile_subgraph(self, reason=reason)
[rank0]:W0113 23:00:25.549000 3947086 site-packages/torch/_dynamo/convert_frame.py:1125]   File "/users/PAS2473/brucewan666/anaconda3/envs/dart/lib/python3.10/site-packages/torch/_dynamo/output_graph.py", line 1142, in compile_subgraph
[rank0]:W0113 23:00:25.549000 3947086 site-packages/torch/_dynamo/convert_frame.py:1125]     self.compile_and_call_fx_graph(tx, pass2.graph_output_vars(), root)
[rank0]:W0113 23:00:25.549000 3947086 site-packages/torch/_dynamo/convert_frame.py:1125]   File "/users/PAS2473/brucewan666/anaconda3/envs/dart/lib/python3.10/site-packages/torch/_dynamo/output_graph.py", line 1369, in compile_and_call_fx_graph
[rank0]:W0113 23:00:25.549000 3947086 site-packages/torch/_dynamo/convert_frame.py:1125]     compiled_fn = self.call_user_compiler(gm)
[rank0]:W0113 23:00:25.549000 3947086 site-packages/torch/_dynamo/convert_frame.py:1125]   File "/users/PAS2473/brucewan666/anaconda3/envs/dart/lib/python3.10/site-packages/torch/_dynamo/output_graph.py", line 1416, in call_user_compiler
[rank0]:W0113 23:00:25.549000 3947086 site-packages/torch/_dynamo/convert_frame.py:1125]     return self._call_user_compiler(gm)
[rank0]:W0113 23:00:25.549000 3947086 site-packages/torch/_dynamo/convert_frame.py:1125]   File "/users/PAS2473/brucewan666/anaconda3/envs/dart/lib/python3.10/site-packages/torch/_dynamo/output_graph.py", line 1465, in _call_user_compiler
[rank0]:W0113 23:00:25.549000 3947086 site-packages/torch/_dynamo/convert_frame.py:1125]     raise BackendCompilerFailed(self.compiler_fn, e) from e
[rank0]:W0113 23:00:25.549000 3947086 site-packages/torch/_dynamo/convert_frame.py:1125] torch._dynamo.exc.BackendCompilerFailed: backend='compile_fn' raised:
[rank0]:W0113 23:00:25.549000 3947086 site-packages/torch/_dynamo/convert_frame.py:1125] CppCompileError: C++ compile error
[rank0]:W0113 23:00:25.549000 3947086 site-packages/torch/_dynamo/convert_frame.py:1125]
[rank0]:W0113 23:00:25.549000 3947086 site-packages/torch/_dynamo/convert_frame.py:1125] Command:
[rank0]:W0113 23:00:25.549000 3947086 site-packages/torch/_dynamo/convert_frame.py:1125] /users/PAS2473/brucewan666/anaconda3/envs/dart/bin/x86_64-conda-linux-gnu-c++ /tmp/slurmtmp.281815/torchinductor_brucewan666/oo/cooebk7whhdx6k3pttozlrqbcqk4wryfh666nhpbodwrpbn6bhpo.cpp -D TORCH_INDUCTOR_CPP_WRAPPER -D C10_USING_CUSTOM_GENERATED_MACROS -shared -fPIC -O3 -DNDEBUG -ffast-math -fno-finite-math-only -fno-unsafe-math-optimizations -ffp-contract=off -march=native -Wall -std=c++17 -Wno-unused-variable -Wno-unknown-pragmas -fopenmp -I/users/PAS2473/brucewan666/anaconda3/envs/dart/include/python3.10 -I/users/PAS2473/brucewan666/anaconda3/envs/dart/include/python3.10 -I/users/PAS2473/brucewan666/anaconda3/envs/dart/lib/python3.10/site-packages/torch/include -I/users/PAS2473/brucewan666/anaconda3/envs/dart/lib/python3.10/site-packages/torch/include/torch/csrc/api/include -I/users/PAS2473/brucewan666/anaconda3/envs/dart/lib/python3.10/site-packages/torch/include/TH -I/users/PAS2473/brucewan666/anaconda3/envs/dart/lib/python3.10/site-packages/torch/include/THC -I/users/PAS2473/brucewan666/anaconda3/envs/dart/lib/python3.10/site-packages/torch/include -I/users/PAS2473/brucewan666/anaconda3/envs/dart/lib/python3.10/site-packages/torch/include/torch/csrc/api/include -I/users/PAS2473/brucewan666/anaconda3/envs/dart/lib/python3.10/site-packages/torch/include/TH -I/users/PAS2473/brucewan666/anaconda3/envs/dart/lib/python3.10/site-packages/torch/include/THC -D_GLIBCXX_USE_CXX11_ABI=0 -ltorch -ltorch_cpu -ltorch_python -lc10 -lgomp -L/users/PAS2473/brucewan666/anaconda3/envs/dart/lib -L/users/PAS2473/brucewan666/anaconda3/envs/dart/lib/python3.10/site-packages/torch/lib -L/users/PAS2473/brucewan666/anaconda3/envs/dart/lib/python3.10/site-packages/torch/lib -L/users/PAS2473/brucewan666/anaconda3/envs/dart/lib/python3.10/site-packages/torch/lib -o /tmp/slurmtmp.281815/torchinductor_brucewan666/oo/cooebk7whhdx6k3pttozlrqbcqk4wryfh666nhpbodwrpbn6bhpo.so
[rank0]:W0113 23:00:25.549000 3947086 site-packages/torch/_dynamo/convert_frame.py:1125]
[rank0]:W0113 23:00:25.549000 3947086 site-packages/torch/_dynamo/convert_frame.py:1125] Output:
[rank0]:W0113 23:00:25.549000 3947086 site-packages/torch/_dynamo/convert_frame.py:1125] /usr/bin/ld: /users/PAS2473/brucewan666/anaconda3/envs/dart/bin/../lib/gcc/x86_64-conda-linux-gnu/12.4.0/libgcc.a(_muldi3.o): unable to initialize decompress status for section .debug_info
[rank0]:W0113 23:00:25.549000 3947086 site-packages/torch/_dynamo/convert_frame.py:1125] /usr/bin/ld: /users/PAS2473/brucewan666/anaconda3/envs/dart/bin/../lib/gcc/x86_64-conda-linux-gnu/12.4.0/libgcc.a(_muldi3.o): unable to initialize decompress status for section .debug_info
[rank0]:W0113 23:00:25.549000 3947086 site-packages/torch/_dynamo/convert_frame.py:1125] /usr/bin/ld: /users/PAS2473/brucewan666/anaconda3/envs/dart/bin/../lib/gcc/x86_64-conda-linux-gnu/12.4.0/libgcc.a(_muldi3.o): unable to initialize decompress status for section .debug_info
[rank0]:W0113 23:00:25.549000 3947086 site-packages/torch/_dynamo/convert_frame.py:1125] /usr/bin/ld: /users/PAS2473/brucewan666/anaconda3/envs/dart/bin/../lib/gcc/x86_64-conda-linux-gnu/12.4.0/libgcc.a(_muldi3.o): unable to initialize decompress status for section .debug_info
[rank0]:W0113 23:00:25.549000 3947086 site-packages/torch/_dynamo/convert_frame.py:1125] /usr/bin/ld: /users/PAS2473/brucewan666/anaconda3/envs/dart/bin/../lib/gcc/x86_64-conda-linux-gnu/12.4.0/crtfastmath.o: unable to initialize decompress status for section .debug_info
[rank0]:W0113 23:00:25.549000 3947086 site-packages/torch/_dynamo/convert_frame.py:1125] /usr/bin/ld: /users/PAS2473/brucewan666/anaconda3/envs/dart/bin/../lib/gcc/x86_64-conda-linux-gnu/12.4.0/crtfastmath.o: unable to initialize decompress status for section .debug_info
[rank0]:W0113 23:00:25.549000 3947086 site-packages/torch/_dynamo/convert_frame.py:1125] /usr/bin/ld: /users/PAS2473/brucewan666/anaconda3/envs/dart/bin/../lib/gcc/x86_64-conda-linux-gnu/12.4.0/crtfastmath.o: unable to initialize decompress status for section .debug_info
[rank0]:W0113 23:00:25.549000 3947086 site-packages/torch/_dynamo/convert_frame.py:1125] /usr/bin/ld: /users/PAS2473/brucewan666/anaconda3/envs/dart/bin/../lib/gcc/x86_64-conda-linux-gnu/12.4.0/crtfastmath.o: unable to initialize decompress status for section .debug_info
[rank0]:W0113 23:00:25.549000 3947086 site-packages/torch/_dynamo/convert_frame.py:1125] /users/PAS2473/brucewan666/anaconda3/envs/dart/bin/../lib/gcc/x86_64-conda-linux-gnu/12.4.0/crtfastmath.o: file not recognized: File format not recognized
[rank0]:W0113 23:00:25.549000 3947086 site-packages/torch/_dynamo/convert_frame.py:1125] collect2: error: ld returned 1 exit status
[rank0]:W0113 23:00:25.549000 3947086 site-packages/torch/_dynamo/convert_frame.py:1125]
[rank0]:W0113 23:00:25.549000 3947086 site-packages/torch/_dynamo/convert_frame.py:1125]
[rank0]:W0113 23:00:25.549000 3947086 site-packages/torch/_dynamo/convert_frame.py:1125] Set TORCH_LOGS="+dynamo" and TORCHDYNAMO_VERBOSE=1 for more information
[rank0]:W0113 23:00:25.549000 3947086 site-packages/torch/_dynamo/convert_frame.py:1125]
  0%|                                                                                                                                                             | 0/13617 [01:50<?, ?it/s]
  0%|                                                                                                                                                               | 0/100 [01:50<?, ?it/s]
Traceback (most recent call last):
  File "/fs/scratch/PAS2473/ICML2025/dart/training/vq_train.py", line 438, in <module>
    main(args)
  File "/fs/scratch/PAS2473/ICML2025/dart/training/vq_train.py", line 277, in main
    out = vae_model(imgs)
  File "/users/PAS2473/brucewan666/anaconda3/envs/dart/lib/python3.10/site-packages/torch/nn/modules/module.py", line 1736, in _wrapped_call_impl
    return self._call_impl(*args, **kwargs)
  File "/users/PAS2473/brucewan666/anaconda3/envs/dart/lib/python3.10/site-packages/torch/nn/modules/module.py", line 1747, in _call_impl
    return forward_call(*args, **kwargs)
  File "/users/PAS2473/brucewan666/anaconda3/envs/dart/lib/python3.10/site-packages/torch/nn/parallel/distributed.py", line 1643, in forward
    else self._run_ddp_forward(*inputs, **kwargs)
  File "/users/PAS2473/brucewan666/anaconda3/envs/dart/lib/python3.10/site-packages/torch/nn/parallel/distributed.py", line 1459, in _run_ddp_forward
    return self.module(*inputs, **kwargs)  # type: ignore[index]
  File "/users/PAS2473/brucewan666/anaconda3/envs/dart/lib/python3.10/site-packages/torch/nn/modules/module.py", line 1736, in _wrapped_call_impl
    return self._call_impl(*args, **kwargs)
  File "/users/PAS2473/brucewan666/anaconda3/envs/dart/lib/python3.10/site-packages/torch/nn/modules/module.py", line 1747, in _call_impl
    return forward_call(*args, **kwargs)
  File "/users/PAS2473/brucewan666/anaconda3/envs/dart/lib/python3.10/site-packages/torch/_dynamo/eval_frame.py", line 465, in _fn
    return fn(*args, **kwargs)
  File "/users/PAS2473/brucewan666/anaconda3/envs/dart/lib/python3.10/site-packages/torch/nn/modules/module.py", line 1736, in _wrapped_call_impl
    return self._call_impl(*args, **kwargs)
  File "/users/PAS2473/brucewan666/anaconda3/envs/dart/lib/python3.10/site-packages/torch/nn/modules/module.py", line 1747, in _call_impl
    return forward_call(*args, **kwargs)
  File "/fs/scratch/PAS2473/ICML2025/dart/models/autoencoder/dart_autoencoder.py", line 145, in forward
    h_BChw, usages, vq_loss, _ = self.quantize(
  File "/fs/scratch/PAS2473/ICML2025/dart/models/autoencoder/dart_autoencoder.py", line 145, in torch_dynamo_resume_in_forward_at_145
    h_BChw, usages, vq_loss, _ = self.quantize(
  File "/users/PAS2473/brucewan666/anaconda3/envs/dart/lib/python3.10/site-packages/torch/nn/modules/module.py", line 1736, in _wrapped_call_impl
    return self._call_impl(*args, **kwargs)
  File "/users/PAS2473/brucewan666/anaconda3/envs/dart/lib/python3.10/site-packages/torch/nn/modules/module.py", line 1747, in _call_impl
    return forward_call(*args, **kwargs)
  File "/users/PAS2473/brucewan666/anaconda3/envs/dart/lib/python3.10/site-packages/torch/_dynamo/eval_frame.py", line 632, in _fn
    return fn(*args, **kwargs)
  File "/users/PAS2473/brucewan666/anaconda3/envs/dart/lib/python3.10/site-packages/torch/fx/graph_module.py", line 784, in call_wrapped
    return self._wrapped_call(self, *args, **kwargs)
  File "/users/PAS2473/brucewan666/anaconda3/envs/dart/lib/python3.10/site-packages/torch/fx/graph_module.py", line 361, in __call__
    raise e
  File "/users/PAS2473/brucewan666/anaconda3/envs/dart/lib/python3.10/site-packages/torch/fx/graph_module.py", line 348, in __call__
    return super(self.cls, obj).__call__(*args, **kwargs)  # type: ignore[misc]
  File "/users/PAS2473/brucewan666/anaconda3/envs/dart/lib/python3.10/site-packages/torch/nn/modules/module.py", line 1736, in _wrapped_call_impl
    return self._call_impl(*args, **kwargs)
  File "/users/PAS2473/brucewan666/anaconda3/envs/dart/lib/python3.10/site-packages/torch/nn/modules/module.py", line 1747, in _call_impl
    return forward_call(*args, **kwargs)
  File "<eval_with_key>.101", line 210, in forward
    submod_8 = self.compiled_submod_8(getitem_14, l_self_modules_decoder_modules_up_modules_2_modules_block_modules_1_modules_conv1_parameters_weight_, l_self_modules_decoder_modules_up_modules_2_modules_block_modules_1_modules_conv1_parameters_bias_, l_self_modules_decoder_modules_up_modules_2_modules_block_modules_1_modules_norm2_parameters_weight_, l_self_modules_decoder_modules_up_modules_2_modules_block_modules_1_modules_norm2_parameters_bias_, l_self_modules_decoder_modules_up_modules_2_modules_block_modules_1_modules_conv2_parameters_weight_, l_self_modules_decoder_modules_up_modules_2_modules_block_modules_1_modules_conv2_parameters_bias_, getitem_15, l_self_modules_decoder_modules_up_modules_2_modules_block_modules_2_modules_norm1_parameters_weight_, l_self_modules_decoder_modules_up_modules_2_modules_block_modules_2_modules_norm1_parameters_bias_, l_self_modules_decoder_modules_up_modules_2_modules_block_modules_2_modules_conv1_parameters_weight_, l_self_modules_decoder_modules_up_modules_2_modules_block_modules_2_modules_conv1_parameters_bias_, l_self_modules_decoder_modules_up_modules_2_modules_block_modules_2_modules_norm2_parameters_weight_, l_self_modules_decoder_modules_up_modules_2_modules_block_modules_2_modules_norm2_parameters_bias_, l_self_modules_decoder_modules_up_modules_2_modules_block_modules_2_modules_conv2_parameters_weight_, l_self_modules_decoder_modules_up_modules_2_modules_block_modules_2_modules_conv2_parameters_bias_, l_self_modules_decoder_modules_up_modules_2_modules_upsample_modules_conv_parameters_weight_, l_self_modules_decoder_modules_up_modules_2_modules_upsample_modules_conv_parameters_bias_, l_self_modules_decoder_modules_up_modules_1_modules_block_modules_0_modules_norm1_parameters_weight_, l_self_modules_decoder_modules_up_modules_1_modules_block_modules_0_modules_norm1_parameters_bias_, l_self_modules_decoder_modules_up_modules_1_modules_block_modules_0_modules_conv1_parameters_weight_, l_self_modules_decoder_modules_up_modules_1_modules_block_modules_0_modules_conv1_parameters_bias_, l_self_modules_decoder_modules_up_modules_1_modules_block_modules_0_modules_norm2_parameters_weight_, l_self_modules_decoder_modules_up_modules_1_modules_block_modules_0_modules_norm2_parameters_bias_, l_self_modules_decoder_modules_up_modules_1_modules_block_modules_0_modules_conv2_parameters_weight_, l_self_modules_decoder_modules_up_modules_1_modules_block_modules_0_modules_conv2_parameters_bias_, l_self_modules_decoder_modules_up_modules_1_modules_block_modules_0_modules_nin_shortcut_parameters_weight_, l_self_modules_decoder_modules_up_modules_1_modules_block_modules_0_modules_nin_shortcut_parameters_bias_, l_self_modules_decoder_modules_up_modules_1_modules_block_modules_1_modules_norm1_parameters_weight_, l_self_modules_decoder_modules_up_modules_1_modules_block_modules_1_modules_norm1_parameters_bias_, l_self_modules_decoder_modules_up_modules_1_modules_block_modules_1_modules_conv1_parameters_weight_, l_self_modules_decoder_modules_up_modules_1_modules_block_modules_1_modules_conv1_parameters_bias_, l_self_modules_decoder_modules_up_modules_1_modules_block_modules_1_modules_norm2_parameters_weight_, l_self_modules_decoder_modules_up_modules_1_modules_block_modules_1_modules_norm2_parameters_bias_, l_self_modules_decoder_modules_up_modules_1_modules_block_modules_1_modules_conv2_parameters_weight_, l_self_modules_decoder_modules_up_modules_1_modules_block_modules_1_modules_conv2_parameters_bias_, l_self_modules_decoder_modules_up_modules_1_modules_block_modules_2_modules_norm1_parameters_weight_, l_self_modules_decoder_modules_up_modules_1_modules_block_modules_2_modules_norm1_parameters_bias_, l_self_modules_decoder_modules_up_modules_1_modules_block_modules_2_modules_conv1_parameters_weight_, l_self_modules_decoder_modules_up_modules_1_modules_block_modules_2_modules_conv1_parameters_bias_, l_self_modules_decoder_modules_up_modules_1_modules_block_modules_2_modules_norm2_parameters_weight_, l_self_modules_decoder_modules_up_modules_1_modules_block_modules_2_modules_norm2_parameters_bia
  File "/users/PAS2473/brucewan666/anaconda3/envs/dart/lib/python3.10/site-packages/torch/nn/modules/module.py", line 1736, in _wrapped_call_impl
    return self._call_impl(*args, **kwargs)
  File "/users/PAS2473/brucewan666/anaconda3/envs/dart/lib/python3.10/site-packages/torch/nn/modules/module.py", line 1747, in _call_impl
    return forward_call(*args, **kwargs)
  File "/users/PAS2473/brucewan666/anaconda3/envs/dart/lib/python3.10/site-packages/torch/_dynamo/backends/distributed.py", line 154, in forward
    x = self.submod(*args)
  File "/users/PAS2473/brucewan666/anaconda3/envs/dart/lib/python3.10/site-packages/torch/_dynamo/eval_frame.py", line 632, in _fn
    return fn(*args, **kwargs)
  File "/users/PAS2473/brucewan666/anaconda3/envs/dart/lib/python3.10/site-packages/torch/_functorch/aot_autograd.py", line 1100, in forward
    return compiled_fn(full_args)
  File "/users/PAS2473/brucewan666/anaconda3/envs/dart/lib/python3.10/site-packages/torch/_functorch/_aot_autograd/runtime_wrappers.py", line 308, in runtime_wrapper
    all_outs = call_func_at_runtime_with_args(
  File "/users/PAS2473/brucewan666/anaconda3/envs/dart/lib/python3.10/site-packages/torch/_functorch/_aot_autograd/utils.py", line 124, in call_func_at_runtime_with_args
    out = normalize_as_list(f(args))
  File "/users/PAS2473/brucewan666/anaconda3/envs/dart/lib/python3.10/site-packages/torch/_functorch/_aot_autograd/utils.py", line 98, in g
    return f(*args)
  File "/users/PAS2473/brucewan666/anaconda3/envs/dart/lib/python3.10/site-packages/torch/autograd/function.py", line 575, in apply
    return super().apply(*args, **kwargs)  # type: ignore[misc]
  File "/users/PAS2473/brucewan666/anaconda3/envs/dart/lib/python3.10/site-packages/torch/_functorch/_aot_autograd/runtime_wrappers.py", line 1525, in forward
    fw_outs = call_func_at_runtime_with_args(
  File "/users/PAS2473/brucewan666/anaconda3/envs/dart/lib/python3.10/site-packages/torch/_functorch/_aot_autograd/utils.py", line 124, in call_func_at_runtime_with_args
    out = normalize_as_list(f(args))
  File "/users/PAS2473/brucewan666/anaconda3/envs/dart/lib/python3.10/site-packages/torch/_functorch/_aot_autograd/runtime_wrappers.py", line 579, in wrapper
    return compiled_fn(runtime_args)
  File "/users/PAS2473/brucewan666/anaconda3/envs/dart/lib/python3.10/site-packages/torch/_functorch/_aot_autograd/runtime_wrappers.py", line 488, in wrapper
    return compiled_fn(runtime_args)
  File "/users/PAS2473/brucewan666/anaconda3/envs/dart/lib/python3.10/site-packages/torch/_functorch/_aot_autograd/runtime_wrappers.py", line 667, in inner_fn
    outs = compiled_fn(args)
  File "/users/PAS2473/brucewan666/anaconda3/envs/dart/lib/python3.10/site-packages/torch/_inductor/codecache.py", line 1478, in __call__
    return self.current_callable(inputs)
  File "/users/PAS2473/brucewan666/anaconda3/envs/dart/lib/python3.10/site-packages/torch/_inductor/utils.py", line 1977, in run
    return model(new_inputs)
  File "/tmp/slurmtmp.281815/torchinductor_brucewan666/zk/czkbvvmgr3xhox7niyu3chygm47kxo2caosnsgqgk6qgd6thrl62.py", line 1750, in call
    buf79 = empty_strided_cuda((32, 160, 512, 512), (41943040, 262144, 512, 1), torch.bfloat16)
torch.OutOfMemoryError: CUDA out of memory. Tried to allocate 2.50 GiB. GPU 0 has a total capacity of 79.14 GiB of which 1.88 GiB is free. Including non-PyTorch memory, this process has 77.23 GiB memory in use. Of the allocated memory 70.10 GiB is allocated by PyTorch, and 5.52 GiB is reserved by PyTorch but unallocated. If reserved but unallocated memory is large try setting PYTORCH_CUDA_ALLOC_CONF=expandable_segments:True to avoid fragmentation.  See documentation for Memory Management  (https://pytorch.org/docs/stable/notes/cuda.html#environment-variables)
[rank0]: Traceback (most recent call last):
[rank0]:   File "/fs/scratch/PAS2473/ICML2025/dart/training/vq_train.py", line 438, in <module>
[rank0]:     main(args)
[rank0]:   File "/fs/scratch/PAS2473/ICML2025/dart/training/vq_train.py", line 277, in main
[rank0]:     out = vae_model(imgs)
[rank0]:   File "/users/PAS2473/brucewan666/anaconda3/envs/dart/lib/python3.10/site-packages/torch/nn/modules/module.py", line 1736, in _wrapped_call_impl
[rank0]:     return self._call_impl(*args, **kwargs)
[rank0]:   File "/users/PAS2473/brucewan666/anaconda3/envs/dart/lib/python3.10/site-packages/torch/nn/modules/module.py", line 1747, in _call_impl
[rank0]:     return forward_call(*args, **kwargs)
[rank0]:   File "/users/PAS2473/brucewan666/anaconda3/envs/dart/lib/python3.10/site-packages/torch/nn/parallel/distributed.py", line 1643, in forward
[rank0]:     else self._run_ddp_forward(*inputs, **kwargs)
[rank0]:   File "/users/PAS2473/brucewan666/anaconda3/envs/dart/lib/python3.10/site-packages/torch/nn/parallel/distributed.py", line 1459, in _run_ddp_forward
[rank0]:     return self.module(*inputs, **kwargs)  # type: ignore[index]
[rank0]:   File "/users/PAS2473/brucewan666/anaconda3/envs/dart/lib/python3.10/site-packages/torch/nn/modules/module.py", line 1736, in _wrapped_call_impl
[rank0]:     return self._call_impl(*args, **kwargs)
[rank0]:   File "/users/PAS2473/brucewan666/anaconda3/envs/dart/lib/python3.10/site-packages/torch/nn/modules/module.py", line 1747, in _call_impl
[rank0]:     return forward_call(*args, **kwargs)
[rank0]:   File "/users/PAS2473/brucewan666/anaconda3/envs/dart/lib/python3.10/site-packages/torch/_dynamo/eval_frame.py", line 465, in _fn
[rank0]:     return fn(*args, **kwargs)
[rank0]:   File "/users/PAS2473/brucewan666/anaconda3/envs/dart/lib/python3.10/site-packages/torch/nn/modules/module.py", line 1736, in _wrapped_call_impl
[rank0]:     return self._call_impl(*args, **kwargs)
[rank0]:   File "/users/PAS2473/brucewan666/anaconda3/envs/dart/lib/python3.10/site-packages/torch/nn/modules/module.py", line 1747, in _call_impl
[rank0]:     return forward_call(*args, **kwargs)
[rank0]:   File "/fs/scratch/PAS2473/ICML2025/dart/models/autoencoder/dart_autoencoder.py", line 145, in forward
[rank0]:     h_BChw, usages, vq_loss, _ = self.quantize(
[rank0]:   File "/fs/scratch/PAS2473/ICML2025/dart/models/autoencoder/dart_autoencoder.py", line 145, in torch_dynamo_resume_in_forward_at_145
[rank0]:     h_BChw, usages, vq_loss, _ = self.quantize(
[rank0]:   File "/users/PAS2473/brucewan666/anaconda3/envs/dart/lib/python3.10/site-packages/torch/nn/modules/module.py", line 1736, in _wrapped_call_impl
[rank0]:     return self._call_impl(*args, **kwargs)
[rank0]:   File "/users/PAS2473/brucewan666/anaconda3/envs/dart/lib/python3.10/site-packages/torch/nn/modules/module.py", line 1747, in _call_impl
[rank0]:     return forward_call(*args, **kwargs)
[rank0]:   File "/users/PAS2473/brucewan666/anaconda3/envs/dart/lib/python3.10/site-packages/torch/_dynamo/eval_frame.py", line 632, in _fn
[rank0]:     return fn(*args, **kwargs)
[rank0]:   File "/users/PAS2473/brucewan666/anaconda3/envs/dart/lib/python3.10/site-packages/torch/fx/graph_module.py", line 784, in call_wrapped
[rank0]:     return self._wrapped_call(self, *args, **kwargs)
[rank0]:   File "/users/PAS2473/brucewan666/anaconda3/envs/dart/lib/python3.10/site-packages/torch/fx/graph_module.py", line 361, in __call__
[rank0]:     raise e
[rank0]:   File "/users/PAS2473/brucewan666/anaconda3/envs/dart/lib/python3.10/site-packages/torch/fx/graph_module.py", line 348, in __call__
[rank0]:     return super(self.cls, obj).__call__(*args, **kwargs)  # type: ignore[misc]
[rank0]:   File "/users/PAS2473/brucewan666/anaconda3/envs/dart/lib/python3.10/site-packages/torch/nn/modules/module.py", line 1736, in _wrapped_call_impl
[rank0]:     return self._call_impl(*args, **kwargs)
[rank0]:   File "/users/PAS2473/brucewan666/anaconda3/envs/dart/lib/python3.10/site-packages/torch/nn/modules/module.py", line 1747, in _call_impl
[rank0]:     return forward_call(*args, **kwargs)
[rank0]:   File "<eval_with_key>.101", line 210, in forward
[rank0]:   File "/users/PAS2473/brucewan666/anaconda3/envs/dart/lib/python3.10/site-packages/torch/nn/modules/module.py", line 1736, in _wrapped_call_impl
[rank0]:     return self._call_impl(*args, **kwargs)
[rank0]:   File "/users/PAS2473/brucewan666/anaconda3/envs/dart/lib/python3.10/site-packages/torch/nn/modules/module.py", line 1747, in _call_impl
[rank0]:     return forward_call(*args, **kwargs)
[rank0]:   File "/users/PAS2473/brucewan666/anaconda3/envs/dart/lib/python3.10/site-packages/torch/_dynamo/backends/distributed.py", line 154, in forward
[rank0]:     x = self.submod(*args)
[rank0]:   File "/users/PAS2473/brucewan666/anaconda3/envs/dart/lib/python3.10/site-packages/torch/_dynamo/eval_frame.py", line 632, in _fn
[rank0]:     return fn(*args, **kwargs)
[rank0]:   File "/users/PAS2473/brucewan666/anaconda3/envs/dart/lib/python3.10/site-packages/torch/_functorch/aot_autograd.py", line 1100, in forward
[rank0]:     return compiled_fn(full_args)
[rank0]:   File "/users/PAS2473/brucewan666/anaconda3/envs/dart/lib/python3.10/site-packages/torch/_functorch/_aot_autograd/runtime_wrappers.py", line 308, in runtime_wrapper
[rank0]:     all_outs = call_func_at_runtime_with_args(
[rank0]:   File "/users/PAS2473/brucewan666/anaconda3/envs/dart/lib/python3.10/site-packages/torch/_functorch/_aot_autograd/utils.py", line 124, in call_func_at_runtime_with_args
[rank0]:     out = normalize_as_list(f(args))
[rank0]:   File "/users/PAS2473/brucewan666/anaconda3/envs/dart/lib/python3.10/site-packages/torch/_functorch/_aot_autograd/utils.py", line 98, in g
[rank0]:     return f(*args)
[rank0]:   File "/users/PAS2473/brucewan666/anaconda3/envs/dart/lib/python3.10/site-packages/torch/autograd/function.py", line 575, in apply
[rank0]:     return super().apply(*args, **kwargs)  # type: ignore[misc]
[rank0]:   File "/users/PAS2473/brucewan666/anaconda3/envs/dart/lib/python3.10/site-packages/torch/_functorch/_aot_autograd/runtime_wrappers.py", line 1525, in forward
[rank0]:     fw_outs = call_func_at_runtime_with_args(
[rank0]:   File "/users/PAS2473/brucewan666/anaconda3/envs/dart/lib/python3.10/site-packages/torch/_functorch/_aot_autograd/utils.py", line 124, in call_func_at_runtime_with_args
[rank0]:     out = normalize_as_list(f(args))
[rank0]:   File "/users/PAS2473/brucewan666/anaconda3/envs/dart/lib/python3.10/site-packages/torch/_functorch/_aot_autograd/runtime_wrappers.py", line 579, in wrapper
[rank0]:     return compiled_fn(runtime_args)
[rank0]:   File "/users/PAS2473/brucewan666/anaconda3/envs/dart/lib/python3.10/site-packages/torch/_functorch/_aot_autograd/runtime_wrappers.py", line 488, in wrapper
[rank0]:     return compiled_fn(runtime_args)
[rank0]:   File "/users/PAS2473/brucewan666/anaconda3/envs/dart/lib/python3.10/site-packages/torch/_functorch/_aot_autograd/runtime_wrappers.py", line 667, in inner_fn
[rank0]:     outs = compiled_fn(args)
[rank0]:   File "/users/PAS2473/brucewan666/anaconda3/envs/dart/lib/python3.10/site-packages/torch/_inductor/codecache.py", line 1478, in __call__
[rank0]:     return self.current_callable(inputs)
[rank0]:   File "/users/PAS2473/brucewan666/anaconda3/envs/dart/lib/python3.10/site-packages/torch/_inductor/utils.py", line 1977, in run
[rank0]:     return model(new_inputs)
[rank0]:   File "/tmp/slurmtmp.281815/torchinductor_brucewan666/zk/czkbvvmgr3xhox7niyu3chygm47kxo2caosnsgqgk6qgd6thrl62.py", line 1750, in call
[rank0]:     buf79 = empty_strided_cuda((32, 160, 512, 512), (41943040, 262144, 512, 1), torch.bfloat16)
[rank0]: torch.OutOfMemoryError: CUDA out of memory. Tried to allocate 2.50 GiB. GPU 0 has a total capacity of 79.14 GiB of which 1.88 GiB is free. Including non-PyTorch memory, this process has 77.23 GiB memory in use. Of the allocated memory 70.10 GiB is allocated by PyTorch, and 5.52 GiB is reserved by PyTorch but unallocated. If reserved but unallocated memory is large try setting PYTORCH_CUDA_ALLOC_CONF=expandable_segments:True to avoid fragmentation.  See documentation for Memory Management  (https://pytorch.org/docs/stable/notes/cuda.html#environment-variables)
