  0%|                                                                                                                                                               | 0/100 [00:00<?, ?it/s][[34m2025-01-13 22:05:01[0m] Begin epoch 0...
                                                                                                                                                                                            /fs/scratch/PAS2473/ICML2025/dart/training/vq_train.py:273: FutureWarning: `torch.cuda.amp.autocast(args...)` is deprecated. Please use `torch.amp.autocast('cuda', args...)` instead.
  with torch.cuda.amp.autocast(dtype=ptdtype):                                                                                                                     | 0/6808 [00:00<?, ?it/s]
  0%|                                                                                                                                                              | 0/6808 [00:46<?, ?it/s]
  0%|                                                                                                                                                               | 0/100 [00:46<?, ?it/s]
Traceback (most recent call last):
  File "/users/PAS2473/brucewan666/anaconda3/envs/dart/lib/python3.10/site-packages/torch/_dynamo/output_graph.py", line 1446, in _call_user_compiler
    compiled_fn = compiler_fn(gm, self.example_inputs())
  File "/users/PAS2473/brucewan666/anaconda3/envs/dart/lib/python3.10/site-packages/torch/_dynamo/backends/distributed.py", line 506, in compile_fn
    return self.backend_compile_fn(gm, example_inputs)
  File "/users/PAS2473/brucewan666/anaconda3/envs/dart/lib/python3.10/site-packages/torch/_dynamo/repro/after_dynamo.py", line 129, in __call__
    compiled_gm = compiler_fn(gm, example_inputs)
  File "/users/PAS2473/brucewan666/anaconda3/envs/dart/lib/python3.10/site-packages/torch/__init__.py", line 2234, in __call__
    return compile_fx(model_, inputs_, config_patches=self.config)
  File "/users/PAS2473/brucewan666/anaconda3/envs/dart/lib/python3.10/site-packages/torch/_inductor/compile_fx.py", line 1521, in compile_fx
    return aot_autograd(
  File "/users/PAS2473/brucewan666/anaconda3/envs/dart/lib/python3.10/site-packages/torch/_dynamo/backends/common.py", line 72, in __call__
    cg = aot_module_simplified(gm, example_inputs, **self.kwargs)
  File "/users/PAS2473/brucewan666/anaconda3/envs/dart/lib/python3.10/site-packages/torch/_functorch/aot_autograd.py", line 1071, in aot_module_simplified
    compiled_fn = dispatch_and_compile()
  File "/users/PAS2473/brucewan666/anaconda3/envs/dart/lib/python3.10/site-packages/torch/_functorch/aot_autograd.py", line 1056, in dispatch_and_compile
    compiled_fn, _ = create_aot_dispatcher_function(
  File "/users/PAS2473/brucewan666/anaconda3/envs/dart/lib/python3.10/site-packages/torch/_functorch/aot_autograd.py", line 522, in create_aot_dispatcher_function
    return _create_aot_dispatcher_function(
  File "/users/PAS2473/brucewan666/anaconda3/envs/dart/lib/python3.10/site-packages/torch/_functorch/aot_autograd.py", line 759, in _create_aot_dispatcher_function
    compiled_fn, fw_metadata = compiler_fn(
  File "/users/PAS2473/brucewan666/anaconda3/envs/dart/lib/python3.10/site-packages/torch/_functorch/_aot_autograd/jit_compile_runtime_wrappers.py", line 179, in aot_dispatch_base
    compiled_fw = compiler(fw_module, updated_flat_args)
  File "/users/PAS2473/brucewan666/anaconda3/envs/dart/lib/python3.10/site-packages/torch/_inductor/compile_fx.py", line 1350, in fw_compiler_base
    return _fw_compiler_base(model, example_inputs, is_inference)
  File "/users/PAS2473/brucewan666/anaconda3/envs/dart/lib/python3.10/site-packages/torch/_inductor/compile_fx.py", line 1421, in _fw_compiler_base
    return inner_compile(
  File "/users/PAS2473/brucewan666/anaconda3/envs/dart/lib/python3.10/site-packages/torch/_inductor/compile_fx.py", line 475, in compile_fx_inner
    return wrap_compiler_debug(_compile_fx_inner, compiler_name="inductor")(
  File "/users/PAS2473/brucewan666/anaconda3/envs/dart/lib/python3.10/site-packages/torch/_dynamo/repro/after_aot.py", line 85, in debug_wrapper
    inner_compiled_fn = compiler_fn(gm, example_inputs)
  File "/users/PAS2473/brucewan666/anaconda3/envs/dart/lib/python3.10/site-packages/torch/_inductor/compile_fx.py", line 661, in _compile_fx_inner
    compiled_graph = FxGraphCache.load(
  File "/users/PAS2473/brucewan666/anaconda3/envs/dart/lib/python3.10/site-packages/torch/_inductor/codecache.py", line 1334, in load
    compiled_graph = compile_fx_fn(
  File "/users/PAS2473/brucewan666/anaconda3/envs/dart/lib/python3.10/site-packages/torch/_inductor/compile_fx.py", line 570, in codegen_and_compile
    compiled_graph = fx_codegen_and_compile(gm, example_inputs, **fx_kwargs)
  File "/users/PAS2473/brucewan666/anaconda3/envs/dart/lib/python3.10/site-packages/torch/_inductor/compile_fx.py", line 878, in fx_codegen_and_compile
    compiled_fn = graph.compile_to_fn()
  File "/users/PAS2473/brucewan666/anaconda3/envs/dart/lib/python3.10/site-packages/torch/_inductor/graph.py", line 1913, in compile_to_fn
    return self.compile_to_module().call
  File "/users/PAS2473/brucewan666/anaconda3/envs/dart/lib/python3.10/site-packages/torch/_inductor/graph.py", line 1839, in compile_to_module
    return self._compile_to_module()
  File "/users/PAS2473/brucewan666/anaconda3/envs/dart/lib/python3.10/site-packages/torch/_inductor/graph.py", line 1867, in _compile_to_module
    mod = PyCodeCache.load_by_key_path(
  File "/users/PAS2473/brucewan666/anaconda3/envs/dart/lib/python3.10/site-packages/torch/_inductor/codecache.py", line 2876, in load_by_key_path
    mod = _reload_python_module(key, path)
  File "/users/PAS2473/brucewan666/anaconda3/envs/dart/lib/python3.10/site-packages/torch/_inductor/runtime/compile_tasks.py", line 45, in _reload_python_module
    exec(code, mod.__dict__, mod.__dict__)
  File "/tmp/slurmtmp.281813/torchinductor_brucewan666/e4/ce42d3cemh2viy2ufsykimrsgaksflrdksx2oko3eiaxcmxye7tn.py", line 193, in <module>
    triton_poi_fused__to_copy_native_group_norm_silu_3 = async_compile.triton('triton_', '''
  File "/users/PAS2473/brucewan666/anaconda3/envs/dart/lib/python3.10/site-packages/torch/_inductor/async_compile.py", line 188, in triton
    kernel = TritonCodeCache.load(kernel_name, source_code)
  File "/users/PAS2473/brucewan666/anaconda3/envs/dart/lib/python3.10/site-packages/torch/_inductor/codecache.py", line 2926, in load
    return _module_to_triton_kernel(PyCodeCache.load(source_code), kernel_name)
  File "/users/PAS2473/brucewan666/anaconda3/envs/dart/lib/python3.10/site-packages/torch/_inductor/codecache.py", line 2863, in load
    return cls.load_by_key_path(key, path, linemap, attrs)
  File "/users/PAS2473/brucewan666/anaconda3/envs/dart/lib/python3.10/site-packages/torch/_inductor/codecache.py", line 2876, in load_by_key_path
    mod = _reload_python_module(key, path)
  File "/users/PAS2473/brucewan666/anaconda3/envs/dart/lib/python3.10/site-packages/torch/_inductor/runtime/compile_tasks.py", line 45, in _reload_python_module
    exec(code, mod.__dict__, mod.__dict__)
  File "/tmp/slurmtmp.281813/torchinductor_brucewan666/f5/cf5j3447emwyceoajj4wm3gjasupc7ay527pl3swygs2fzcy44vb.py", line 10, in <module>
    @triton_heuristics.pointwise(
  File "/users/PAS2473/brucewan666/anaconda3/envs/dart/lib/python3.10/site-packages/torch/_inductor/runtime/triton_heuristics.py", line 1365, in pointwise
    triton_config_with_settings(
  File "/users/PAS2473/brucewan666/anaconda3/envs/dart/lib/python3.10/site-packages/torch/_inductor/runtime/triton_heuristics.py", line 1244, in triton_config
    assert x <= TRITON_MAX_BLOCK["X"], f"increase TRITON_MAX_BLOCK['X'] to {x}"
AssertionError: increase TRITON_MAX_BLOCK['X'] to 4096

The above exception was the direct cause of the following exception:

Traceback (most recent call last):
  File "/fs/scratch/PAS2473/ICML2025/dart/training/vq_train.py", line 435, in <module>
    main(args)
  File "/fs/scratch/PAS2473/ICML2025/dart/training/vq_train.py", line 274, in main
    out = vae_model(imgs)
  File "/users/PAS2473/brucewan666/anaconda3/envs/dart/lib/python3.10/site-packages/torch/nn/modules/module.py", line 1736, in _wrapped_call_impl
    return self._call_impl(*args, **kwargs)
  File "/users/PAS2473/brucewan666/anaconda3/envs/dart/lib/python3.10/site-packages/torch/nn/modules/module.py", line 1747, in _call_impl
    return forward_call(*args, **kwargs)
  File "/users/PAS2473/brucewan666/anaconda3/envs/dart/lib/python3.10/site-packages/torch/nn/parallel/distributed.py", line 1643, in forward
    else self._run_ddp_forward(*inputs, **kwargs)
  File "/users/PAS2473/brucewan666/anaconda3/envs/dart/lib/python3.10/site-packages/torch/nn/parallel/distributed.py", line 1459, in _run_ddp_forward
    return self.module(*inputs, **kwargs)  # type: ignore[index]
  File "/users/PAS2473/brucewan666/anaconda3/envs/dart/lib/python3.10/site-packages/torch/nn/modules/module.py", line 1736, in _wrapped_call_impl
    return self._call_impl(*args, **kwargs)
  File "/users/PAS2473/brucewan666/anaconda3/envs/dart/lib/python3.10/site-packages/torch/nn/modules/module.py", line 1747, in _call_impl
    return forward_call(*args, **kwargs)
  File "/users/PAS2473/brucewan666/anaconda3/envs/dart/lib/python3.10/site-packages/torch/_dynamo/eval_frame.py", line 465, in _fn
    return fn(*args, **kwargs)
  File "/users/PAS2473/brucewan666/anaconda3/envs/dart/lib/python3.10/site-packages/torch/nn/modules/module.py", line 1736, in _wrapped_call_impl
    return self._call_impl(*args, **kwargs)
  File "/users/PAS2473/brucewan666/anaconda3/envs/dart/lib/python3.10/site-packages/torch/nn/modules/module.py", line 1747, in _call_impl
    return forward_call(*args, **kwargs)
  File "/users/PAS2473/brucewan666/anaconda3/envs/dart/lib/python3.10/site-packages/torch/_dynamo/convert_frame.py", line 1263, in __call__
    return hijacked_callback(
  File "/users/PAS2473/brucewan666/anaconda3/envs/dart/lib/python3.10/site-packages/torch/_dynamo/convert_frame.py", line 1064, in __call__
    result = self._inner_convert(
  File "/users/PAS2473/brucewan666/anaconda3/envs/dart/lib/python3.10/site-packages/torch/_dynamo/convert_frame.py", line 526, in __call__
    return _compile(
  File "/users/PAS2473/brucewan666/anaconda3/envs/dart/lib/python3.10/site-packages/torch/_dynamo/convert_frame.py", line 924, in _compile
    guarded_code = compile_inner(code, one_graph, hooks, transform)
  File "/users/PAS2473/brucewan666/anaconda3/envs/dart/lib/python3.10/site-packages/torch/_dynamo/convert_frame.py", line 666, in compile_inner
    return _compile_inner(code, one_graph, hooks, transform)
  File "/users/PAS2473/brucewan666/anaconda3/envs/dart/lib/python3.10/site-packages/torch/_utils_internal.py", line 87, in wrapper_function
    return function(*args, **kwargs)
  File "/users/PAS2473/brucewan666/anaconda3/envs/dart/lib/python3.10/site-packages/torch/_dynamo/convert_frame.py", line 699, in _compile_inner
    out_code = transform_code_object(code, transform)
  File "/users/PAS2473/brucewan666/anaconda3/envs/dart/lib/python3.10/site-packages/torch/_dynamo/bytecode_transformation.py", line 1322, in transform_code_object
    transformations(instructions, code_options)
  File "/users/PAS2473/brucewan666/anaconda3/envs/dart/lib/python3.10/site-packages/torch/_dynamo/convert_frame.py", line 219, in _fn
    return fn(*args, **kwargs)
  File "/users/PAS2473/brucewan666/anaconda3/envs/dart/lib/python3.10/site-packages/torch/_dynamo/convert_frame.py", line 634, in transform
    tracer.run()
  File "/users/PAS2473/brucewan666/anaconda3/envs/dart/lib/python3.10/site-packages/torch/_dynamo/symbolic_convert.py", line 2796, in run
    super().run()
  File "/users/PAS2473/brucewan666/anaconda3/envs/dart/lib/python3.10/site-packages/torch/_dynamo/symbolic_convert.py", line 983, in run
    while self.step():
  File "/users/PAS2473/brucewan666/anaconda3/envs/dart/lib/python3.10/site-packages/torch/_dynamo/symbolic_convert.py", line 895, in step
    self.dispatch_table[inst.opcode](self, inst)
  File "/users/PAS2473/brucewan666/anaconda3/envs/dart/lib/python3.10/site-packages/torch/_dynamo/symbolic_convert.py", line 580, in wrapper
    return handle_graph_break(self, inst, speculation.reason)
  File "/users/PAS2473/brucewan666/anaconda3/envs/dart/lib/python3.10/site-packages/torch/_dynamo/symbolic_convert.py", line 649, in handle_graph_break
    self.output.compile_subgraph(self, reason=reason)
  File "/users/PAS2473/brucewan666/anaconda3/envs/dart/lib/python3.10/site-packages/torch/_dynamo/output_graph.py", line 1142, in compile_subgraph
    self.compile_and_call_fx_graph(tx, pass2.graph_output_vars(), root)
  File "/users/PAS2473/brucewan666/anaconda3/envs/dart/lib/python3.10/site-packages/torch/_dynamo/output_graph.py", line 1369, in compile_and_call_fx_graph
    compiled_fn = self.call_user_compiler(gm)
  File "/users/PAS2473/brucewan666/anaconda3/envs/dart/lib/python3.10/site-packages/torch/_dynamo/output_graph.py", line 1416, in call_user_compiler
    return self._call_user_compiler(gm)
  File "/users/PAS2473/brucewan666/anaconda3/envs/dart/lib/python3.10/site-packages/torch/_dynamo/output_graph.py", line 1465, in _call_user_compiler
    raise BackendCompilerFailed(self.compiler_fn, e) from e
torch._dynamo.exc.BackendCompilerFailed: backend='compile_fn' raised:
AssertionError: increase TRITON_MAX_BLOCK['X'] to 4096

Set TORCH_LOGS="+dynamo" and TORCHDYNAMO_VERBOSE=1 for more information


You can suppress this exception and fall back to eager by setting:
    import torch._dynamo
    torch._dynamo.config.suppress_errors = True

[rank0]: Traceback (most recent call last):
[rank0]:   File "/users/PAS2473/brucewan666/anaconda3/envs/dart/lib/python3.10/site-packages/torch/_dynamo/output_graph.py", line 1446, in _call_user_compiler
[rank0]:     compiled_fn = compiler_fn(gm, self.example_inputs())
[rank0]:   File "/users/PAS2473/brucewan666/anaconda3/envs/dart/lib/python3.10/site-packages/torch/_dynamo/backends/distributed.py", line 506, in compile_fn
[rank0]:     return self.backend_compile_fn(gm, example_inputs)
[rank0]:   File "/users/PAS2473/brucewan666/anaconda3/envs/dart/lib/python3.10/site-packages/torch/_dynamo/repro/after_dynamo.py", line 129, in __call__
[rank0]:     compiled_gm = compiler_fn(gm, example_inputs)
[rank0]:   File "/users/PAS2473/brucewan666/anaconda3/envs/dart/lib/python3.10/site-packages/torch/__init__.py", line 2234, in __call__
[rank0]:     return compile_fx(model_, inputs_, config_patches=self.config)
[rank0]:   File "/users/PAS2473/brucewan666/anaconda3/envs/dart/lib/python3.10/site-packages/torch/_inductor/compile_fx.py", line 1521, in compile_fx
[rank0]:     return aot_autograd(
[rank0]:   File "/users/PAS2473/brucewan666/anaconda3/envs/dart/lib/python3.10/site-packages/torch/_dynamo/backends/common.py", line 72, in __call__
[rank0]:     cg = aot_module_simplified(gm, example_inputs, **self.kwargs)
[rank0]:   File "/users/PAS2473/brucewan666/anaconda3/envs/dart/lib/python3.10/site-packages/torch/_functorch/aot_autograd.py", line 1071, in aot_module_simplified
[rank0]:     compiled_fn = dispatch_and_compile()
[rank0]:   File "/users/PAS2473/brucewan666/anaconda3/envs/dart/lib/python3.10/site-packages/torch/_functorch/aot_autograd.py", line 1056, in dispatch_and_compile
[rank0]:     compiled_fn, _ = create_aot_dispatcher_function(
[rank0]:   File "/users/PAS2473/brucewan666/anaconda3/envs/dart/lib/python3.10/site-packages/torch/_functorch/aot_autograd.py", line 522, in create_aot_dispatcher_function
[rank0]:     return _create_aot_dispatcher_function(
[rank0]:   File "/users/PAS2473/brucewan666/anaconda3/envs/dart/lib/python3.10/site-packages/torch/_functorch/aot_autograd.py", line 759, in _create_aot_dispatcher_function
[rank0]:     compiled_fn, fw_metadata = compiler_fn(
[rank0]:   File "/users/PAS2473/brucewan666/anaconda3/envs/dart/lib/python3.10/site-packages/torch/_functorch/_aot_autograd/jit_compile_runtime_wrappers.py", line 179, in aot_dispatch_base
[rank0]:     compiled_fw = compiler(fw_module, updated_flat_args)
[rank0]:   File "/users/PAS2473/brucewan666/anaconda3/envs/dart/lib/python3.10/site-packages/torch/_inductor/compile_fx.py", line 1350, in fw_compiler_base
[rank0]:     return _fw_compiler_base(model, example_inputs, is_inference)
[rank0]:   File "/users/PAS2473/brucewan666/anaconda3/envs/dart/lib/python3.10/site-packages/torch/_inductor/compile_fx.py", line 1421, in _fw_compiler_base
[rank0]:     return inner_compile(
[rank0]:   File "/users/PAS2473/brucewan666/anaconda3/envs/dart/lib/python3.10/site-packages/torch/_inductor/compile_fx.py", line 475, in compile_fx_inner
[rank0]:     return wrap_compiler_debug(_compile_fx_inner, compiler_name="inductor")(
[rank0]:   File "/users/PAS2473/brucewan666/anaconda3/envs/dart/lib/python3.10/site-packages/torch/_dynamo/repro/after_aot.py", line 85, in debug_wrapper
[rank0]:     inner_compiled_fn = compiler_fn(gm, example_inputs)
[rank0]:   File "/users/PAS2473/brucewan666/anaconda3/envs/dart/lib/python3.10/site-packages/torch/_inductor/compile_fx.py", line 661, in _compile_fx_inner
[rank0]:     compiled_graph = FxGraphCache.load(
[rank0]:   File "/users/PAS2473/brucewan666/anaconda3/envs/dart/lib/python3.10/site-packages/torch/_inductor/codecache.py", line 1334, in load
[rank0]:     compiled_graph = compile_fx_fn(
[rank0]:   File "/users/PAS2473/brucewan666/anaconda3/envs/dart/lib/python3.10/site-packages/torch/_inductor/compile_fx.py", line 570, in codegen_and_compile
[rank0]:     compiled_graph = fx_codegen_and_compile(gm, example_inputs, **fx_kwargs)
[rank0]:   File "/users/PAS2473/brucewan666/anaconda3/envs/dart/lib/python3.10/site-packages/torch/_inductor/compile_fx.py", line 878, in fx_codegen_and_compile
[rank0]:     compiled_fn = graph.compile_to_fn()
[rank0]:   File "/users/PAS2473/brucewan666/anaconda3/envs/dart/lib/python3.10/site-packages/torch/_inductor/graph.py", line 1913, in compile_to_fn
[rank0]:     return self.compile_to_module().call
[rank0]:   File "/users/PAS2473/brucewan666/anaconda3/envs/dart/lib/python3.10/site-packages/torch/_inductor/graph.py", line 1839, in compile_to_module
[rank0]:     return self._compile_to_module()
[rank0]:   File "/users/PAS2473/brucewan666/anaconda3/envs/dart/lib/python3.10/site-packages/torch/_inductor/graph.py", line 1867, in _compile_to_module
[rank0]:     mod = PyCodeCache.load_by_key_path(
[rank0]:   File "/users/PAS2473/brucewan666/anaconda3/envs/dart/lib/python3.10/site-packages/torch/_inductor/codecache.py", line 2876, in load_by_key_path
[rank0]:     mod = _reload_python_module(key, path)
[rank0]:   File "/users/PAS2473/brucewan666/anaconda3/envs/dart/lib/python3.10/site-packages/torch/_inductor/runtime/compile_tasks.py", line 45, in _reload_python_module
[rank0]:     exec(code, mod.__dict__, mod.__dict__)
[rank0]:   File "/tmp/slurmtmp.281813/torchinductor_brucewan666/e4/ce42d3cemh2viy2ufsykimrsgaksflrdksx2oko3eiaxcmxye7tn.py", line 193, in <module>
[rank0]:     triton_poi_fused__to_copy_native_group_norm_silu_3 = async_compile.triton('triton_', '''
[rank0]:   File "/users/PAS2473/brucewan666/anaconda3/envs/dart/lib/python3.10/site-packages/torch/_inductor/async_compile.py", line 188, in triton
[rank0]:     kernel = TritonCodeCache.load(kernel_name, source_code)
[rank0]:   File "/users/PAS2473/brucewan666/anaconda3/envs/dart/lib/python3.10/site-packages/torch/_inductor/codecache.py", line 2926, in load
[rank0]:     return _module_to_triton_kernel(PyCodeCache.load(source_code), kernel_name)
[rank0]:   File "/users/PAS2473/brucewan666/anaconda3/envs/dart/lib/python3.10/site-packages/torch/_inductor/codecache.py", line 2863, in load
[rank0]:     return cls.load_by_key_path(key, path, linemap, attrs)
[rank0]:   File "/users/PAS2473/brucewan666/anaconda3/envs/dart/lib/python3.10/site-packages/torch/_inductor/codecache.py", line 2876, in load_by_key_path
[rank0]:     mod = _reload_python_module(key, path)
[rank0]:   File "/users/PAS2473/brucewan666/anaconda3/envs/dart/lib/python3.10/site-packages/torch/_inductor/runtime/compile_tasks.py", line 45, in _reload_python_module
[rank0]:     exec(code, mod.__dict__, mod.__dict__)
[rank0]:   File "/tmp/slurmtmp.281813/torchinductor_brucewan666/f5/cf5j3447emwyceoajj4wm3gjasupc7ay527pl3swygs2fzcy44vb.py", line 10, in <module>
[rank0]:     @triton_heuristics.pointwise(
[rank0]:   File "/users/PAS2473/brucewan666/anaconda3/envs/dart/lib/python3.10/site-packages/torch/_inductor/runtime/triton_heuristics.py", line 1365, in pointwise
[rank0]:     triton_config_with_settings(
[rank0]:   File "/users/PAS2473/brucewan666/anaconda3/envs/dart/lib/python3.10/site-packages/torch/_inductor/runtime/triton_heuristics.py", line 1244, in triton_config
[rank0]:     assert x <= TRITON_MAX_BLOCK["X"], f"increase TRITON_MAX_BLOCK['X'] to {x}"
[rank0]: AssertionError: increase TRITON_MAX_BLOCK['X'] to 4096

[rank0]: The above exception was the direct cause of the following exception:

[rank0]: Traceback (most recent call last):
[rank0]:   File "/fs/scratch/PAS2473/ICML2025/dart/training/vq_train.py", line 435, in <module>
[rank0]:     main(args)
[rank0]:   File "/fs/scratch/PAS2473/ICML2025/dart/training/vq_train.py", line 274, in main
[rank0]:     out = vae_model(imgs)
[rank0]:   File "/users/PAS2473/brucewan666/anaconda3/envs/dart/lib/python3.10/site-packages/torch/nn/modules/module.py", line 1736, in _wrapped_call_impl
[rank0]:     return self._call_impl(*args, **kwargs)
[rank0]:   File "/users/PAS2473/brucewan666/anaconda3/envs/dart/lib/python3.10/site-packages/torch/nn/modules/module.py", line 1747, in _call_impl
[rank0]:     return forward_call(*args, **kwargs)
[rank0]:   File "/users/PAS2473/brucewan666/anaconda3/envs/dart/lib/python3.10/site-packages/torch/nn/parallel/distributed.py", line 1643, in forward
[rank0]:     else self._run_ddp_forward(*inputs, **kwargs)
[rank0]:   File "/users/PAS2473/brucewan666/anaconda3/envs/dart/lib/python3.10/site-packages/torch/nn/parallel/distributed.py", line 1459, in _run_ddp_forward
[rank0]:     return self.module(*inputs, **kwargs)  # type: ignore[index]
[rank0]:   File "/users/PAS2473/brucewan666/anaconda3/envs/dart/lib/python3.10/site-packages/torch/nn/modules/module.py", line 1736, in _wrapped_call_impl
[rank0]:     return self._call_impl(*args, **kwargs)
[rank0]:   File "/users/PAS2473/brucewan666/anaconda3/envs/dart/lib/python3.10/site-packages/torch/nn/modules/module.py", line 1747, in _call_impl
[rank0]:     return forward_call(*args, **kwargs)
[rank0]:   File "/users/PAS2473/brucewan666/anaconda3/envs/dart/lib/python3.10/site-packages/torch/_dynamo/eval_frame.py", line 465, in _fn
[rank0]:     return fn(*args, **kwargs)
[rank0]:   File "/users/PAS2473/brucewan666/anaconda3/envs/dart/lib/python3.10/site-packages/torch/nn/modules/module.py", line 1736, in _wrapped_call_impl
[rank0]:     return self._call_impl(*args, **kwargs)
[rank0]:   File "/users/PAS2473/brucewan666/anaconda3/envs/dart/lib/python3.10/site-packages/torch/nn/modules/module.py", line 1747, in _call_impl
[rank0]:     return forward_call(*args, **kwargs)
[rank0]:   File "/users/PAS2473/brucewan666/anaconda3/envs/dart/lib/python3.10/site-packages/torch/_dynamo/convert_frame.py", line 1263, in __call__
[rank0]:     return hijacked_callback(
[rank0]:   File "/users/PAS2473/brucewan666/anaconda3/envs/dart/lib/python3.10/site-packages/torch/_dynamo/convert_frame.py", line 1064, in __call__
[rank0]:     result = self._inner_convert(
[rank0]:   File "/users/PAS2473/brucewan666/anaconda3/envs/dart/lib/python3.10/site-packages/torch/_dynamo/convert_frame.py", line 526, in __call__
[rank0]:     return _compile(
[rank0]:   File "/users/PAS2473/brucewan666/anaconda3/envs/dart/lib/python3.10/site-packages/torch/_dynamo/convert_frame.py", line 924, in _compile
[rank0]:     guarded_code = compile_inner(code, one_graph, hooks, transform)
[rank0]:   File "/users/PAS2473/brucewan666/anaconda3/envs/dart/lib/python3.10/site-packages/torch/_dynamo/convert_frame.py", line 666, in compile_inner
[rank0]:     return _compile_inner(code, one_graph, hooks, transform)
[rank0]:   File "/users/PAS2473/brucewan666/anaconda3/envs/dart/lib/python3.10/site-packages/torch/_utils_internal.py", line 87, in wrapper_function
[rank0]:     return function(*args, **kwargs)
[rank0]:   File "/users/PAS2473/brucewan666/anaconda3/envs/dart/lib/python3.10/site-packages/torch/_dynamo/convert_frame.py", line 699, in _compile_inner
[rank0]:     out_code = transform_code_object(code, transform)
[rank0]:   File "/users/PAS2473/brucewan666/anaconda3/envs/dart/lib/python3.10/site-packages/torch/_dynamo/bytecode_transformation.py", line 1322, in transform_code_object
[rank0]:     transformations(instructions, code_options)
[rank0]:   File "/users/PAS2473/brucewan666/anaconda3/envs/dart/lib/python3.10/site-packages/torch/_dynamo/convert_frame.py", line 219, in _fn
[rank0]:     return fn(*args, **kwargs)
[rank0]:   File "/users/PAS2473/brucewan666/anaconda3/envs/dart/lib/python3.10/site-packages/torch/_dynamo/convert_frame.py", line 634, in transform
[rank0]:     tracer.run()
[rank0]:   File "/users/PAS2473/brucewan666/anaconda3/envs/dart/lib/python3.10/site-packages/torch/_dynamo/symbolic_convert.py", line 2796, in run
[rank0]:     super().run()
[rank0]:   File "/users/PAS2473/brucewan666/anaconda3/envs/dart/lib/python3.10/site-packages/torch/_dynamo/symbolic_convert.py", line 983, in run
[rank0]:     while self.step():
[rank0]:   File "/users/PAS2473/brucewan666/anaconda3/envs/dart/lib/python3.10/site-packages/torch/_dynamo/symbolic_convert.py", line 895, in step
[rank0]:     self.dispatch_table[inst.opcode](self, inst)
[rank0]:   File "/users/PAS2473/brucewan666/anaconda3/envs/dart/lib/python3.10/site-packages/torch/_dynamo/symbolic_convert.py", line 580, in wrapper
[rank0]:     return handle_graph_break(self, inst, speculation.reason)
[rank0]:   File "/users/PAS2473/brucewan666/anaconda3/envs/dart/lib/python3.10/site-packages/torch/_dynamo/symbolic_convert.py", line 649, in handle_graph_break
[rank0]:     self.output.compile_subgraph(self, reason=reason)
[rank0]:   File "/users/PAS2473/brucewan666/anaconda3/envs/dart/lib/python3.10/site-packages/torch/_dynamo/output_graph.py", line 1142, in compile_subgraph
[rank0]:     self.compile_and_call_fx_graph(tx, pass2.graph_output_vars(), root)
[rank0]:   File "/users/PAS2473/brucewan666/anaconda3/envs/dart/lib/python3.10/site-packages/torch/_dynamo/output_graph.py", line 1369, in compile_and_call_fx_graph
[rank0]:     compiled_fn = self.call_user_compiler(gm)
[rank0]:   File "/users/PAS2473/brucewan666/anaconda3/envs/dart/lib/python3.10/site-packages/torch/_dynamo/output_graph.py", line 1416, in call_user_compiler
[rank0]:     return self._call_user_compiler(gm)
[rank0]:   File "/users/PAS2473/brucewan666/anaconda3/envs/dart/lib/python3.10/site-packages/torch/_dynamo/output_graph.py", line 1465, in _call_user_compiler
[rank0]:     raise BackendCompilerFailed(self.compiler_fn, e) from e
[rank0]: torch._dynamo.exc.BackendCompilerFailed: backend='compile_fn' raised:
[rank0]: AssertionError: increase TRITON_MAX_BLOCK['X'] to 4096

[rank0]: Set TORCH_LOGS="+dynamo" and TORCHDYNAMO_VERBOSE=1 for more information


[rank0]: You can suppress this exception and fall back to eager by setting:
[rank0]:     import torch._dynamo
[rank0]:     torch._dynamo.config.suppress_errors = True
