  0%|                                                                                                                                                               | 0/100 [00:00<?, ?it/s][[34m2025-01-13 23:08:55[0m] Begin epoch 0...
                                                                                                                                                                                            /fs/scratch/PAS2473/ICML2025/dart/models/autoencoder/quantize/dart_quantize.py:47: FutureWarning: `torch.cuda.amp.autocast(args...)` is deprecated. Please use `torch.amp.autocast('cuda', args...)` instead.
  with torch.cuda.amp.autocast(enabled=False):                                                                                                                    | 0/54470 [00:00<?, ?it/s]
[rank0]:W0113 23:09:36.067000 3966320 site-packages/torch/_dynamo/convert_frame.py:1125] WON'T CONVERT __getitem__ /fs/scratch/PAS2473/ICML2025/dart/models/autoencoder/quantize/var_quantize_multiple_res.py line 431
[rank0]:W0113 23:09:36.067000 3966320 site-packages/torch/_dynamo/convert_frame.py:1125] due to:
[rank0]:W0113 23:09:36.067000 3966320 site-packages/torch/_dynamo/convert_frame.py:1125] Traceback (most recent call last):
[rank0]:W0113 23:09:36.067000 3966320 site-packages/torch/_dynamo/convert_frame.py:1125]   File "/users/PAS2473/brucewan666/anaconda3/envs/dart/lib/python3.10/site-packages/torch/_inductor/cpp_builder.py", line 331, in _run_compile_cmd
[rank0]:W0113 23:09:36.067000 3966320 site-packages/torch/_dynamo/convert_frame.py:1125]     status = subprocess.check_output(args=cmd, cwd=cwd, stderr=subprocess.STDOUT)
[rank0]:W0113 23:09:36.067000 3966320 site-packages/torch/_dynamo/convert_frame.py:1125]   File "/users/PAS2473/brucewan666/anaconda3/envs/dart/lib/python3.10/subprocess.py", line 421, in check_output
[rank0]:W0113 23:09:36.067000 3966320 site-packages/torch/_dynamo/convert_frame.py:1125]     return run(*popenargs, stdout=PIPE, timeout=timeout, check=True,
[rank0]:W0113 23:09:36.067000 3966320 site-packages/torch/_dynamo/convert_frame.py:1125]   File "/users/PAS2473/brucewan666/anaconda3/envs/dart/lib/python3.10/subprocess.py", line 526, in run
[rank0]:W0113 23:09:36.067000 3966320 site-packages/torch/_dynamo/convert_frame.py:1125]     raise CalledProcessError(retcode, process.args,
[rank0]:W0113 23:09:36.067000 3966320 site-packages/torch/_dynamo/convert_frame.py:1125] subprocess.CalledProcessError: Command '['/users/PAS2473/brucewan666/anaconda3/envs/dart/bin/x86_64-conda-linux-gnu-c++', '/tmp/slurmtmp.281815/torchinductor_brucewan666/oo/cooebk7whhdx6k3pttozlrqbcqk4wryfh666nhpbodwrpbn6bhpo.cpp', '-D', 'TORCH_INDUCTOR_CPP_WRAPPER', '-D', 'C10_USING_CUSTOM_GENERATED_MACROS', '-shared', '-fPIC', '-O3', '-DNDEBUG', '-ffast-math', '-fno-finite-math-only', '-fno-unsafe-math-optimizations', '-ffp-contract=off', '-march=native', '-Wall', '-std=c++17', '-Wno-unused-variable', '-Wno-unknown-pragmas', '-fopenmp', '-I/users/PAS2473/brucewan666/anaconda3/envs/dart/include/python3.10', '-I/users/PAS2473/brucewan666/anaconda3/envs/dart/include/python3.10', '-I/users/PAS2473/brucewan666/anaconda3/envs/dart/lib/python3.10/site-packages/torch/include', '-I/users/PAS2473/brucewan666/anaconda3/envs/dart/lib/python3.10/site-packages/torch/include/torch/csrc/api/include', '-I/users/PAS2473/brucewan666/anaconda3/envs/dart/lib/python3.10/site-packages/torch/include/TH', '-I/users/PAS2473/brucewan666/anaconda3/envs/dart/lib/python3.10/site-packages/torch/include/THC', '-I/users/PAS2473/brucewan666/anaconda3/envs/dart/lib/python3.10/site-packages/torch/include', '-I/users/PAS2473/brucewan666/anaconda3/envs/dart/lib/python3.10/site-packages/torch/include/torch/csrc/api/include', '-I/users/PAS2473/brucewan666/anaconda3/envs/dart/lib/python3.10/site-packages/torch/include/TH', '-I/users/PAS2473/brucewan666/anaconda3/envs/dart/lib/python3.10/site-packages/torch/include/THC', '-D_GLIBCXX_USE_CXX11_ABI=0', '-ltorch', '-ltorch_cpu', '-ltorch_python', '-lc10', '-lgomp', '-L/users/PAS2473/brucewan666/anaconda3/envs/dart/lib', '-L/users/PAS2473/brucewan666/anaconda3/envs/dart/lib/python3.10/site-packages/torch/lib', '-L/users/PAS2473/brucewan666/anaconda3/envs/dart/lib/python3.10/site-packages/torch/lib', '-L/users/PAS2473/brucewan666/anaconda3/envs/dart/lib/python3.10/site-packages/torch/lib', '-o', '/tmp/slurmtmp.281815/torchinductor_brucewan666/oo/cooebk7whhdx6k3pttozlrqbcqk4wryfh666nhpbodwrpbn6bhpo.so']' returned non-zero exit status 1.
[rank0]:W0113 23:09:36.067000 3966320 site-packages/torch/_dynamo/convert_frame.py:1125]
[rank0]:W0113 23:09:36.067000 3966320 site-packages/torch/_dynamo/convert_frame.py:1125] The above exception was the direct cause of the following exception:
[rank0]:W0113 23:09:36.067000 3966320 site-packages/torch/_dynamo/convert_frame.py:1125]
[rank0]:W0113 23:09:36.067000 3966320 site-packages/torch/_dynamo/convert_frame.py:1125] Traceback (most recent call last):
[rank0]:W0113 23:09:36.067000 3966320 site-packages/torch/_dynamo/convert_frame.py:1125]   File "/users/PAS2473/brucewan666/anaconda3/envs/dart/lib/python3.10/site-packages/torch/_dynamo/output_graph.py", line 1446, in _call_user_compiler
[rank0]:W0113 23:09:36.067000 3966320 site-packages/torch/_dynamo/convert_frame.py:1125]     compiled_fn = compiler_fn(gm, self.example_inputs())
[rank0]:W0113 23:09:36.067000 3966320 site-packages/torch/_dynamo/convert_frame.py:1125]   File "/users/PAS2473/brucewan666/anaconda3/envs/dart/lib/python3.10/site-packages/torch/_dynamo/backends/distributed.py", line 506, in compile_fn
[rank0]:W0113 23:09:36.067000 3966320 site-packages/torch/_dynamo/convert_frame.py:1125]     return self.backend_compile_fn(gm, example_inputs)
[rank0]:W0113 23:09:36.067000 3966320 site-packages/torch/_dynamo/convert_frame.py:1125]   File "/users/PAS2473/brucewan666/anaconda3/envs/dart/lib/python3.10/site-packages/torch/_dynamo/repro/after_dynamo.py", line 129, in __call__
[rank0]:W0113 23:09:36.067000 3966320 site-packages/torch/_dynamo/convert_frame.py:1125]     compiled_gm = compiler_fn(gm, example_inputs)
[rank0]:W0113 23:09:36.067000 3966320 site-packages/torch/_dynamo/convert_frame.py:1125]   File "/users/PAS2473/brucewan666/anaconda3/envs/dart/lib/python3.10/site-packages/torch/__init__.py", line 2234, in __call__
[rank0]:W0113 23:09:36.067000 3966320 site-packages/torch/_dynamo/convert_frame.py:1125]     return compile_fx(model_, inputs_, config_patches=self.config)
[rank0]:W0113 23:09:36.067000 3966320 site-packages/torch/_dynamo/convert_frame.py:1125]   File "/users/PAS2473/brucewan666/anaconda3/envs/dart/lib/python3.10/site-packages/torch/_inductor/compile_fx.py", line 1521, in compile_fx
[rank0]:W0113 23:09:36.067000 3966320 site-packages/torch/_dynamo/convert_frame.py:1125]     return aot_autograd(
[rank0]:W0113 23:09:36.067000 3966320 site-packages/torch/_dynamo/convert_frame.py:1125]   File "/users/PAS2473/brucewan666/anaconda3/envs/dart/lib/python3.10/site-packages/torch/_dynamo/backends/common.py", line 72, in __call__
[rank0]:W0113 23:09:36.067000 3966320 site-packages/torch/_dynamo/convert_frame.py:1125]     cg = aot_module_simplified(gm, example_inputs, **self.kwargs)
[rank0]:W0113 23:09:36.067000 3966320 site-packages/torch/_dynamo/convert_frame.py:1125]   File "/users/PAS2473/brucewan666/anaconda3/envs/dart/lib/python3.10/site-packages/torch/_functorch/aot_autograd.py", line 1071, in aot_module_simplified
[rank0]:W0113 23:09:36.067000 3966320 site-packages/torch/_dynamo/convert_frame.py:1125]     compiled_fn = dispatch_and_compile()
[rank0]:W0113 23:09:36.067000 3966320 site-packages/torch/_dynamo/convert_frame.py:1125]   File "/users/PAS2473/brucewan666/anaconda3/envs/dart/lib/python3.10/site-packages/torch/_functorch/aot_autograd.py", line 1056, in dispatch_and_compile
[rank0]:W0113 23:09:36.067000 3966320 site-packages/torch/_dynamo/convert_frame.py:1125]     compiled_fn, _ = create_aot_dispatcher_function(
[rank0]:W0113 23:09:36.067000 3966320 site-packages/torch/_dynamo/convert_frame.py:1125]   File "/users/PAS2473/brucewan666/anaconda3/envs/dart/lib/python3.10/site-packages/torch/_functorch/aot_autograd.py", line 522, in create_aot_dispatcher_function
[rank0]:W0113 23:09:36.067000 3966320 site-packages/torch/_dynamo/convert_frame.py:1125]     return _create_aot_dispatcher_function(
[rank0]:W0113 23:09:36.067000 3966320 site-packages/torch/_dynamo/convert_frame.py:1125]   File "/users/PAS2473/brucewan666/anaconda3/envs/dart/lib/python3.10/site-packages/torch/_functorch/aot_autograd.py", line 759, in _create_aot_dispatcher_function
[rank0]:W0113 23:09:36.067000 3966320 site-packages/torch/_dynamo/convert_frame.py:1125]     compiled_fn, fw_metadata = compiler_fn(
[rank0]:W0113 23:09:36.067000 3966320 site-packages/torch/_dynamo/convert_frame.py:1125]   File "/users/PAS2473/brucewan666/anaconda3/envs/dart/lib/python3.10/site-packages/torch/_functorch/_aot_autograd/jit_compile_runtime_wrappers.py", line 179, in aot_dispatch_base
[rank0]:W0113 23:09:36.067000 3966320 site-packages/torch/_dynamo/convert_frame.py:1125]     compiled_fw = compiler(fw_module, updated_flat_args)
[rank0]:W0113 23:09:36.067000 3966320 site-packages/torch/_dynamo/convert_frame.py:1125]   File "/users/PAS2473/brucewan666/anaconda3/envs/dart/lib/python3.10/site-packages/torch/_inductor/compile_fx.py", line 1350, in fw_compiler_base
[rank0]:W0113 23:09:36.067000 3966320 site-packages/torch/_dynamo/convert_frame.py:1125]     return _fw_compiler_base(model, example_inputs, is_inference)
[rank0]:W0113 23:09:36.067000 3966320 site-packages/torch/_dynamo/convert_frame.py:1125]   File "/users/PAS2473/brucewan666/anaconda3/envs/dart/lib/python3.10/site-packages/torch/_inductor/compile_fx.py", line 1421, in _fw_compiler_base
[rank0]:W0113 23:09:36.067000 3966320 site-packages/torch/_dynamo/convert_frame.py:1125]     return inner_compile(
[rank0]:W0113 23:09:36.067000 3966320 site-packages/torch/_dynamo/convert_frame.py:1125]   File "/users/PAS2473/brucewan666/anaconda3/envs/dart/lib/python3.10/site-packages/torch/_inductor/compile_fx.py", line 475, in compile_fx_inner
[rank0]:W0113 23:09:36.067000 3966320 site-packages/torch/_dynamo/convert_frame.py:1125]     return wrap_compiler_debug(_compile_fx_inner, compiler_name="inductor")(
[rank0]:W0113 23:09:36.067000 3966320 site-packages/torch/_dynamo/convert_frame.py:1125]   File "/users/PAS2473/brucewan666/anaconda3/envs/dart/lib/python3.10/site-packages/torch/_dynamo/repro/after_aot.py", line 85, in debug_wrapper
[rank0]:W0113 23:09:36.067000 3966320 site-packages/torch/_dynamo/convert_frame.py:1125]     inner_compiled_fn = compiler_fn(gm, example_inputs)
[rank0]:W0113 23:09:36.067000 3966320 site-packages/torch/_dynamo/convert_frame.py:1125]   File "/users/PAS2473/brucewan666/anaconda3/envs/dart/lib/python3.10/site-packages/torch/_inductor/compile_fx.py", line 661, in _compile_fx_inner
[rank0]:W0113 23:09:36.067000 3966320 site-packages/torch/_dynamo/convert_frame.py:1125]     compiled_graph = FxGraphCache.load(
[rank0]:W0113 23:09:36.067000 3966320 site-packages/torch/_dynamo/convert_frame.py:1125]   File "/users/PAS2473/brucewan666/anaconda3/envs/dart/lib/python3.10/site-packages/torch/_inductor/codecache.py", line 1334, in load
[rank0]:W0113 23:09:36.067000 3966320 site-packages/torch/_dynamo/convert_frame.py:1125]     compiled_graph = compile_fx_fn(
[rank0]:W0113 23:09:36.067000 3966320 site-packages/torch/_dynamo/convert_frame.py:1125]   File "/users/PAS2473/brucewan666/anaconda3/envs/dart/lib/python3.10/site-packages/torch/_inductor/compile_fx.py", line 570, in codegen_and_compile
[rank0]:W0113 23:09:36.067000 3966320 site-packages/torch/_dynamo/convert_frame.py:1125]     compiled_graph = fx_codegen_and_compile(gm, example_inputs, **fx_kwargs)
[rank0]:W0113 23:09:36.067000 3966320 site-packages/torch/_dynamo/convert_frame.py:1125]   File "/users/PAS2473/brucewan666/anaconda3/envs/dart/lib/python3.10/site-packages/torch/_inductor/compile_fx.py", line 878, in fx_codegen_and_compile
[rank0]:W0113 23:09:36.067000 3966320 site-packages/torch/_dynamo/convert_frame.py:1125]     compiled_fn = graph.compile_to_fn()
[rank0]:W0113 23:09:36.067000 3966320 site-packages/torch/_dynamo/convert_frame.py:1125]   File "/users/PAS2473/brucewan666/anaconda3/envs/dart/lib/python3.10/site-packages/torch/_inductor/graph.py", line 1913, in compile_to_fn
[rank0]:W0113 23:09:36.067000 3966320 site-packages/torch/_dynamo/convert_frame.py:1125]     return self.compile_to_module().call
[rank0]:W0113 23:09:36.067000 3966320 site-packages/torch/_dynamo/convert_frame.py:1125]   File "/users/PAS2473/brucewan666/anaconda3/envs/dart/lib/python3.10/site-packages/torch/_inductor/graph.py", line 1839, in compile_to_module
[rank0]:W0113 23:09:36.067000 3966320 site-packages/torch/_dynamo/convert_frame.py:1125]     return self._compile_to_module()
[rank0]:W0113 23:09:36.067000 3966320 site-packages/torch/_dynamo/convert_frame.py:1125]   File "/users/PAS2473/brucewan666/anaconda3/envs/dart/lib/python3.10/site-packages/torch/_inductor/graph.py", line 1867, in _compile_to_module
[rank0]:W0113 23:09:36.067000 3966320 site-packages/torch/_dynamo/convert_frame.py:1125]     mod = PyCodeCache.load_by_key_path(
[rank0]:W0113 23:09:36.067000 3966320 site-packages/torch/_dynamo/convert_frame.py:1125]   File "/users/PAS2473/brucewan666/anaconda3/envs/dart/lib/python3.10/site-packages/torch/_inductor/codecache.py", line 2876, in load_by_key_path
[rank0]:W0113 23:09:36.067000 3966320 site-packages/torch/_dynamo/convert_frame.py:1125]     mod = _reload_python_module(key, path)
[rank0]:W0113 23:09:36.067000 3966320 site-packages/torch/_dynamo/convert_frame.py:1125]   File "/users/PAS2473/brucewan666/anaconda3/envs/dart/lib/python3.10/site-packages/torch/_inductor/runtime/compile_tasks.py", line 45, in _reload_python_module
[rank0]:W0113 23:09:36.067000 3966320 site-packages/torch/_dynamo/convert_frame.py:1125]     exec(code, mod.__dict__, mod.__dict__)
[rank0]:W0113 23:09:36.067000 3966320 site-packages/torch/_dynamo/convert_frame.py:1125]   File "/tmp/slurmtmp.281815/torchinductor_brucewan666/4i/c4i5tx44bkaufcrcblvrq4s5rw3mzn7dvtjqyponrvpfpz6p5l5g.py", line 52, in <module>
[rank0]:W0113 23:09:36.067000 3966320 site-packages/torch/_dynamo/convert_frame.py:1125]     async_compile.wait(globals())
[rank0]:W0113 23:09:36.067000 3966320 site-packages/torch/_dynamo/convert_frame.py:1125]   File "/users/PAS2473/brucewan666/anaconda3/envs/dart/lib/python3.10/site-packages/torch/_inductor/async_compile.py", line 276, in wait
[rank0]:W0113 23:09:36.067000 3966320 site-packages/torch/_dynamo/convert_frame.py:1125]     scope[key] = result.result()
[rank0]:W0113 23:09:36.067000 3966320 site-packages/torch/_dynamo/convert_frame.py:1125]   File "/users/PAS2473/brucewan666/anaconda3/envs/dart/lib/python3.10/site-packages/torch/_inductor/codecache.py", line 3353, in result
[rank0]:W0113 23:09:36.067000 3966320 site-packages/torch/_dynamo/convert_frame.py:1125]     return self.result_fn()
[rank0]:W0113 23:09:36.067000 3966320 site-packages/torch/_dynamo/convert_frame.py:1125]   File "/users/PAS2473/brucewan666/anaconda3/envs/dart/lib/python3.10/site-packages/torch/_inductor/codecache.py", line 2377, in future
[rank0]:W0113 23:09:36.067000 3966320 site-packages/torch/_dynamo/convert_frame.py:1125]     result = get_result()
[rank0]:W0113 23:09:36.067000 3966320 site-packages/torch/_dynamo/convert_frame.py:1125]   File "/users/PAS2473/brucewan666/anaconda3/envs/dart/lib/python3.10/site-packages/torch/_inductor/codecache.py", line 2177, in load_fn
[rank0]:W0113 23:09:36.067000 3966320 site-packages/torch/_dynamo/convert_frame.py:1125]     future.result()
[rank0]:W0113 23:09:36.067000 3966320 site-packages/torch/_dynamo/convert_frame.py:1125]   File "/users/PAS2473/brucewan666/anaconda3/envs/dart/lib/python3.10/concurrent/futures/_base.py", line 458, in result
[rank0]:W0113 23:09:36.067000 3966320 site-packages/torch/_dynamo/convert_frame.py:1125]     return self.__get_result()
[rank0]:W0113 23:09:36.067000 3966320 site-packages/torch/_dynamo/convert_frame.py:1125]   File "/users/PAS2473/brucewan666/anaconda3/envs/dart/lib/python3.10/concurrent/futures/_base.py", line 403, in __get_result
[rank0]:W0113 23:09:36.067000 3966320 site-packages/torch/_dynamo/convert_frame.py:1125]     raise self._exception
[rank0]:W0113 23:09:36.067000 3966320 site-packages/torch/_dynamo/convert_frame.py:1125]   File "/users/PAS2473/brucewan666/anaconda3/envs/dart/lib/python3.10/concurrent/futures/thread.py", line 58, in run
[rank0]:W0113 23:09:36.067000 3966320 site-packages/torch/_dynamo/convert_frame.py:1125]     result = self.fn(*self.args, **self.kwargs)
[rank0]:W0113 23:09:36.067000 3966320 site-packages/torch/_dynamo/convert_frame.py:1125]   File "/users/PAS2473/brucewan666/anaconda3/envs/dart/lib/python3.10/site-packages/torch/_inductor/codecache.py", line 2218, in _worker_compile_cpp
[rank0]:W0113 23:09:36.067000 3966320 site-packages/torch/_dynamo/convert_frame.py:1125]     cpp_builder.build()
[rank0]:W0113 23:09:36.067000 3966320 site-packages/torch/_dynamo/convert_frame.py:1125]   File "/users/PAS2473/brucewan666/anaconda3/envs/dart/lib/python3.10/site-packages/torch/_inductor/cpp_builder.py", line 1508, in build
[rank0]:W0113 23:09:36.067000 3966320 site-packages/torch/_dynamo/convert_frame.py:1125]     status = run_compile_cmd(build_cmd, cwd=_build_tmp_dir)
[rank0]:W0113 23:09:36.067000 3966320 site-packages/torch/_dynamo/convert_frame.py:1125]   File "/users/PAS2473/brucewan666/anaconda3/envs/dart/lib/python3.10/site-packages/torch/_inductor/cpp_builder.py", line 352, in run_compile_cmd
[rank0]:W0113 23:09:36.067000 3966320 site-packages/torch/_dynamo/convert_frame.py:1125]     return _run_compile_cmd(cmd_line, cwd)
[rank0]:W0113 23:09:36.067000 3966320 site-packages/torch/_dynamo/convert_frame.py:1125]   File "/users/PAS2473/brucewan666/anaconda3/envs/dart/lib/python3.10/site-packages/torch/_inductor/cpp_builder.py", line 346, in _run_compile_cmd
[rank0]:W0113 23:09:36.067000 3966320 site-packages/torch/_dynamo/convert_frame.py:1125]     raise exc.CppCompileError(cmd, output) from e
[rank0]:W0113 23:09:36.067000 3966320 site-packages/torch/_dynamo/convert_frame.py:1125] torch._inductor.exc.CppCompileError: C++ compile error
[rank0]:W0113 23:09:36.067000 3966320 site-packages/torch/_dynamo/convert_frame.py:1125]
[rank0]:W0113 23:09:36.067000 3966320 site-packages/torch/_dynamo/convert_frame.py:1125] Command:
[rank0]:W0113 23:09:36.067000 3966320 site-packages/torch/_dynamo/convert_frame.py:1125] /users/PAS2473/brucewan666/anaconda3/envs/dart/bin/x86_64-conda-linux-gnu-c++ /tmp/slurmtmp.281815/torchinductor_brucewan666/oo/cooebk7whhdx6k3pttozlrqbcqk4wryfh666nhpbodwrpbn6bhpo.cpp -D TORCH_INDUCTOR_CPP_WRAPPER -D C10_USING_CUSTOM_GENERATED_MACROS -shared -fPIC -O3 -DNDEBUG -ffast-math -fno-finite-math-only -fno-unsafe-math-optimizations -ffp-contract=off -march=native -Wall -std=c++17 -Wno-unused-variable -Wno-unknown-pragmas -fopenmp -I/users/PAS2473/brucewan666/anaconda3/envs/dart/include/python3.10 -I/users/PAS2473/brucewan666/anaconda3/envs/dart/include/python3.10 -I/users/PAS2473/brucewan666/anaconda3/envs/dart/lib/python3.10/site-packages/torch/include -I/users/PAS2473/brucewan666/anaconda3/envs/dart/lib/python3.10/site-packages/torch/include/torch/csrc/api/include -I/users/PAS2473/brucewan666/anaconda3/envs/dart/lib/python3.10/site-packages/torch/include/TH -I/users/PAS2473/brucewan666/anaconda3/envs/dart/lib/python3.10/site-packages/torch/include/THC -I/users/PAS2473/brucewan666/anaconda3/envs/dart/lib/python3.10/site-packages/torch/include -I/users/PAS2473/brucewan666/anaconda3/envs/dart/lib/python3.10/site-packages/torch/include/torch/csrc/api/include -I/users/PAS2473/brucewan666/anaconda3/envs/dart/lib/python3.10/site-packages/torch/include/TH -I/users/PAS2473/brucewan666/anaconda3/envs/dart/lib/python3.10/site-packages/torch/include/THC -D_GLIBCXX_USE_CXX11_ABI=0 -ltorch -ltorch_cpu -ltorch_python -lc10 -lgomp -L/users/PAS2473/brucewan666/anaconda3/envs/dart/lib -L/users/PAS2473/brucewan666/anaconda3/envs/dart/lib/python3.10/site-packages/torch/lib -L/users/PAS2473/brucewan666/anaconda3/envs/dart/lib/python3.10/site-packages/torch/lib -L/users/PAS2473/brucewan666/anaconda3/envs/dart/lib/python3.10/site-packages/torch/lib -o /tmp/slurmtmp.281815/torchinductor_brucewan666/oo/cooebk7whhdx6k3pttozlrqbcqk4wryfh666nhpbodwrpbn6bhpo.so
[rank0]:W0113 23:09:36.067000 3966320 site-packages/torch/_dynamo/convert_frame.py:1125]
[rank0]:W0113 23:09:36.067000 3966320 site-packages/torch/_dynamo/convert_frame.py:1125] Output:
[rank0]:W0113 23:09:36.067000 3966320 site-packages/torch/_dynamo/convert_frame.py:1125] /usr/bin/ld: /users/PAS2473/brucewan666/anaconda3/envs/dart/bin/../lib/gcc/x86_64-conda-linux-gnu/12.4.0/libgcc.a(_muldi3.o): unable to initialize decompress status for section .debug_info
[rank0]:W0113 23:09:36.067000 3966320 site-packages/torch/_dynamo/convert_frame.py:1125] /usr/bin/ld: /users/PAS2473/brucewan666/anaconda3/envs/dart/bin/../lib/gcc/x86_64-conda-linux-gnu/12.4.0/libgcc.a(_muldi3.o): unable to initialize decompress status for section .debug_info
[rank0]:W0113 23:09:36.067000 3966320 site-packages/torch/_dynamo/convert_frame.py:1125] /usr/bin/ld: /users/PAS2473/brucewan666/anaconda3/envs/dart/bin/../lib/gcc/x86_64-conda-linux-gnu/12.4.0/libgcc.a(_muldi3.o): unable to initialize decompress status for section .debug_info
[rank0]:W0113 23:09:36.067000 3966320 site-packages/torch/_dynamo/convert_frame.py:1125] /usr/bin/ld: /users/PAS2473/brucewan666/anaconda3/envs/dart/bin/../lib/gcc/x86_64-conda-linux-gnu/12.4.0/libgcc.a(_muldi3.o): unable to initialize decompress status for section .debug_info
[rank0]:W0113 23:09:36.067000 3966320 site-packages/torch/_dynamo/convert_frame.py:1125] /usr/bin/ld: /users/PAS2473/brucewan666/anaconda3/envs/dart/bin/../lib/gcc/x86_64-conda-linux-gnu/12.4.0/crtfastmath.o: unable to initialize decompress status for section .debug_info
[rank0]:W0113 23:09:36.067000 3966320 site-packages/torch/_dynamo/convert_frame.py:1125] /usr/bin/ld: /users/PAS2473/brucewan666/anaconda3/envs/dart/bin/../lib/gcc/x86_64-conda-linux-gnu/12.4.0/crtfastmath.o: unable to initialize decompress status for section .debug_info
[rank0]:W0113 23:09:36.067000 3966320 site-packages/torch/_dynamo/convert_frame.py:1125] /usr/bin/ld: /users/PAS2473/brucewan666/anaconda3/envs/dart/bin/../lib/gcc/x86_64-conda-linux-gnu/12.4.0/crtfastmath.o: unable to initialize decompress status for section .debug_info
[rank0]:W0113 23:09:36.067000 3966320 site-packages/torch/_dynamo/convert_frame.py:1125] /usr/bin/ld: /users/PAS2473/brucewan666/anaconda3/envs/dart/bin/../lib/gcc/x86_64-conda-linux-gnu/12.4.0/crtfastmath.o: unable to initialize decompress status for section .debug_info
[rank0]:W0113 23:09:36.067000 3966320 site-packages/torch/_dynamo/convert_frame.py:1125] /users/PAS2473/brucewan666/anaconda3/envs/dart/bin/../lib/gcc/x86_64-conda-linux-gnu/12.4.0/crtfastmath.o: file not recognized: File format not recognized
[rank0]:W0113 23:09:36.067000 3966320 site-packages/torch/_dynamo/convert_frame.py:1125] collect2: error: ld returned 1 exit status
[rank0]:W0113 23:09:36.067000 3966320 site-packages/torch/_dynamo/convert_frame.py:1125]
[rank0]:W0113 23:09:36.067000 3966320 site-packages/torch/_dynamo/convert_frame.py:1125]
[rank0]:W0113 23:09:36.067000 3966320 site-packages/torch/_dynamo/convert_frame.py:1125] The above exception was the direct cause of the following exception:
[rank0]:W0113 23:09:36.067000 3966320 site-packages/torch/_dynamo/convert_frame.py:1125]
[rank0]:W0113 23:09:36.067000 3966320 site-packages/torch/_dynamo/convert_frame.py:1125] Traceback (most recent call last):
[rank0]:W0113 23:09:36.067000 3966320 site-packages/torch/_dynamo/convert_frame.py:1125]   File "/users/PAS2473/brucewan666/anaconda3/envs/dart/lib/python3.10/site-packages/torch/_dynamo/convert_frame.py", line 1064, in __call__
[rank0]:W0113 23:09:36.067000 3966320 site-packages/torch/_dynamo/convert_frame.py:1125]     result = self._inner_convert(
[rank0]:W0113 23:09:36.067000 3966320 site-packages/torch/_dynamo/convert_frame.py:1125]   File "/users/PAS2473/brucewan666/anaconda3/envs/dart/lib/python3.10/site-packages/torch/_dynamo/convert_frame.py", line 526, in __call__
[rank0]:W0113 23:09:36.067000 3966320 site-packages/torch/_dynamo/convert_frame.py:1125]     return _compile(
[rank0]:W0113 23:09:36.067000 3966320 site-packages/torch/_dynamo/convert_frame.py:1125]   File "/users/PAS2473/brucewan666/anaconda3/envs/dart/lib/python3.10/site-packages/torch/_dynamo/convert_frame.py", line 924, in _compile
[rank0]:W0113 23:09:36.067000 3966320 site-packages/torch/_dynamo/convert_frame.py:1125]     guarded_code = compile_inner(code, one_graph, hooks, transform)
[rank0]:W0113 23:09:36.067000 3966320 site-packages/torch/_dynamo/convert_frame.py:1125]   File "/users/PAS2473/brucewan666/anaconda3/envs/dart/lib/python3.10/site-packages/torch/_dynamo/convert_frame.py", line 666, in compile_inner
[rank0]:W0113 23:09:36.067000 3966320 site-packages/torch/_dynamo/convert_frame.py:1125]     return _compile_inner(code, one_graph, hooks, transform)
[rank0]:W0113 23:09:36.067000 3966320 site-packages/torch/_dynamo/convert_frame.py:1125]   File "/users/PAS2473/brucewan666/anaconda3/envs/dart/lib/python3.10/site-packages/torch/_utils_internal.py", line 87, in wrapper_function
[rank0]:W0113 23:09:36.067000 3966320 site-packages/torch/_dynamo/convert_frame.py:1125]     return function(*args, **kwargs)
[rank0]:W0113 23:09:36.067000 3966320 site-packages/torch/_dynamo/convert_frame.py:1125]   File "/users/PAS2473/brucewan666/anaconda3/envs/dart/lib/python3.10/site-packages/torch/_dynamo/convert_frame.py", line 699, in _compile_inner
[rank0]:W0113 23:09:36.067000 3966320 site-packages/torch/_dynamo/convert_frame.py:1125]     out_code = transform_code_object(code, transform)
[rank0]:W0113 23:09:36.067000 3966320 site-packages/torch/_dynamo/convert_frame.py:1125]   File "/users/PAS2473/brucewan666/anaconda3/envs/dart/lib/python3.10/site-packages/torch/_dynamo/bytecode_transformation.py", line 1322, in transform_code_object
[rank0]:W0113 23:09:36.067000 3966320 site-packages/torch/_dynamo/convert_frame.py:1125]     transformations(instructions, code_options)
[rank0]:W0113 23:09:36.067000 3966320 site-packages/torch/_dynamo/convert_frame.py:1125]   File "/users/PAS2473/brucewan666/anaconda3/envs/dart/lib/python3.10/site-packages/torch/_dynamo/convert_frame.py", line 219, in _fn
[rank0]:W0113 23:09:36.067000 3966320 site-packages/torch/_dynamo/convert_frame.py:1125]     return fn(*args, **kwargs)
[rank0]:W0113 23:09:36.067000 3966320 site-packages/torch/_dynamo/convert_frame.py:1125]   File "/users/PAS2473/brucewan666/anaconda3/envs/dart/lib/python3.10/site-packages/torch/_dynamo/convert_frame.py", line 634, in transform
[rank0]:W0113 23:09:36.067000 3966320 site-packages/torch/_dynamo/convert_frame.py:1125]     tracer.run()
[rank0]:W0113 23:09:36.067000 3966320 site-packages/torch/_dynamo/convert_frame.py:1125]   File "/users/PAS2473/brucewan666/anaconda3/envs/dart/lib/python3.10/site-packages/torch/_dynamo/symbolic_convert.py", line 2796, in run
[rank0]:W0113 23:09:36.067000 3966320 site-packages/torch/_dynamo/convert_frame.py:1125]     super().run()
[rank0]:W0113 23:09:36.067000 3966320 site-packages/torch/_dynamo/convert_frame.py:1125]   File "/users/PAS2473/brucewan666/anaconda3/envs/dart/lib/python3.10/site-packages/torch/_dynamo/symbolic_convert.py", line 983, in run
[rank0]:W0113 23:09:36.067000 3966320 site-packages/torch/_dynamo/convert_frame.py:1125]     while self.step():
[rank0]:W0113 23:09:36.067000 3966320 site-packages/torch/_dynamo/convert_frame.py:1125]   File "/users/PAS2473/brucewan666/anaconda3/envs/dart/lib/python3.10/site-packages/torch/_dynamo/symbolic_convert.py", line 895, in step
[rank0]:W0113 23:09:36.067000 3966320 site-packages/torch/_dynamo/convert_frame.py:1125]     self.dispatch_table[inst.opcode](self, inst)
[rank0]:W0113 23:09:36.067000 3966320 site-packages/torch/_dynamo/convert_frame.py:1125]   File "/users/PAS2473/brucewan666/anaconda3/envs/dart/lib/python3.10/site-packages/torch/_dynamo/symbolic_convert.py", line 580, in wrapper
[rank0]:W0113 23:09:36.067000 3966320 site-packages/torch/_dynamo/convert_frame.py:1125]     return handle_graph_break(self, inst, speculation.reason)
[rank0]:W0113 23:09:36.067000 3966320 site-packages/torch/_dynamo/convert_frame.py:1125]   File "/users/PAS2473/brucewan666/anaconda3/envs/dart/lib/python3.10/site-packages/torch/_dynamo/symbolic_convert.py", line 649, in handle_graph_break
[rank0]:W0113 23:09:36.067000 3966320 site-packages/torch/_dynamo/convert_frame.py:1125]     self.output.compile_subgraph(self, reason=reason)
[rank0]:W0113 23:09:36.067000 3966320 site-packages/torch/_dynamo/convert_frame.py:1125]   File "/users/PAS2473/brucewan666/anaconda3/envs/dart/lib/python3.10/site-packages/torch/_dynamo/output_graph.py", line 1142, in compile_subgraph
[rank0]:W0113 23:09:36.067000 3966320 site-packages/torch/_dynamo/convert_frame.py:1125]     self.compile_and_call_fx_graph(tx, pass2.graph_output_vars(), root)
[rank0]:W0113 23:09:36.067000 3966320 site-packages/torch/_dynamo/convert_frame.py:1125]   File "/users/PAS2473/brucewan666/anaconda3/envs/dart/lib/python3.10/site-packages/torch/_dynamo/output_graph.py", line 1369, in compile_and_call_fx_graph
[rank0]:W0113 23:09:36.067000 3966320 site-packages/torch/_dynamo/convert_frame.py:1125]     compiled_fn = self.call_user_compiler(gm)
[rank0]:W0113 23:09:36.067000 3966320 site-packages/torch/_dynamo/convert_frame.py:1125]   File "/users/PAS2473/brucewan666/anaconda3/envs/dart/lib/python3.10/site-packages/torch/_dynamo/output_graph.py", line 1416, in call_user_compiler
[rank0]:W0113 23:09:36.067000 3966320 site-packages/torch/_dynamo/convert_frame.py:1125]     return self._call_user_compiler(gm)
[rank0]:W0113 23:09:36.067000 3966320 site-packages/torch/_dynamo/convert_frame.py:1125]   File "/users/PAS2473/brucewan666/anaconda3/envs/dart/lib/python3.10/site-packages/torch/_dynamo/output_graph.py", line 1465, in _call_user_compiler
[rank0]:W0113 23:09:36.067000 3966320 site-packages/torch/_dynamo/convert_frame.py:1125]     raise BackendCompilerFailed(self.compiler_fn, e) from e
[rank0]:W0113 23:09:36.067000 3966320 site-packages/torch/_dynamo/convert_frame.py:1125] torch._dynamo.exc.BackendCompilerFailed: backend='compile_fn' raised:
[rank0]:W0113 23:09:36.067000 3966320 site-packages/torch/_dynamo/convert_frame.py:1125] CppCompileError: C++ compile error
[rank0]:W0113 23:09:36.067000 3966320 site-packages/torch/_dynamo/convert_frame.py:1125]
[rank0]:W0113 23:09:36.067000 3966320 site-packages/torch/_dynamo/convert_frame.py:1125] Command:
[rank0]:W0113 23:09:36.067000 3966320 site-packages/torch/_dynamo/convert_frame.py:1125] /users/PAS2473/brucewan666/anaconda3/envs/dart/bin/x86_64-conda-linux-gnu-c++ /tmp/slurmtmp.281815/torchinductor_brucewan666/oo/cooebk7whhdx6k3pttozlrqbcqk4wryfh666nhpbodwrpbn6bhpo.cpp -D TORCH_INDUCTOR_CPP_WRAPPER -D C10_USING_CUSTOM_GENERATED_MACROS -shared -fPIC -O3 -DNDEBUG -ffast-math -fno-finite-math-only -fno-unsafe-math-optimizations -ffp-contract=off -march=native -Wall -std=c++17 -Wno-unused-variable -Wno-unknown-pragmas -fopenmp -I/users/PAS2473/brucewan666/anaconda3/envs/dart/include/python3.10 -I/users/PAS2473/brucewan666/anaconda3/envs/dart/include/python3.10 -I/users/PAS2473/brucewan666/anaconda3/envs/dart/lib/python3.10/site-packages/torch/include -I/users/PAS2473/brucewan666/anaconda3/envs/dart/lib/python3.10/site-packages/torch/include/torch/csrc/api/include -I/users/PAS2473/brucewan666/anaconda3/envs/dart/lib/python3.10/site-packages/torch/include/TH -I/users/PAS2473/brucewan666/anaconda3/envs/dart/lib/python3.10/site-packages/torch/include/THC -I/users/PAS2473/brucewan666/anaconda3/envs/dart/lib/python3.10/site-packages/torch/include -I/users/PAS2473/brucewan666/anaconda3/envs/dart/lib/python3.10/site-packages/torch/include/torch/csrc/api/include -I/users/PAS2473/brucewan666/anaconda3/envs/dart/lib/python3.10/site-packages/torch/include/TH -I/users/PAS2473/brucewan666/anaconda3/envs/dart/lib/python3.10/site-packages/torch/include/THC -D_GLIBCXX_USE_CXX11_ABI=0 -ltorch -ltorch_cpu -ltorch_python -lc10 -lgomp -L/users/PAS2473/brucewan666/anaconda3/envs/dart/lib -L/users/PAS2473/brucewan666/anaconda3/envs/dart/lib/python3.10/site-packages/torch/lib -L/users/PAS2473/brucewan666/anaconda3/envs/dart/lib/python3.10/site-packages/torch/lib -L/users/PAS2473/brucewan666/anaconda3/envs/dart/lib/python3.10/site-packages/torch/lib -o /tmp/slurmtmp.281815/torchinductor_brucewan666/oo/cooebk7whhdx6k3pttozlrqbcqk4wryfh666nhpbodwrpbn6bhpo.so
[rank0]:W0113 23:09:36.067000 3966320 site-packages/torch/_dynamo/convert_frame.py:1125]
[rank0]:W0113 23:09:36.067000 3966320 site-packages/torch/_dynamo/convert_frame.py:1125] Output:
[rank0]:W0113 23:09:36.067000 3966320 site-packages/torch/_dynamo/convert_frame.py:1125] /usr/bin/ld: /users/PAS2473/brucewan666/anaconda3/envs/dart/bin/../lib/gcc/x86_64-conda-linux-gnu/12.4.0/libgcc.a(_muldi3.o): unable to initialize decompress status for section .debug_info
[rank0]:W0113 23:09:36.067000 3966320 site-packages/torch/_dynamo/convert_frame.py:1125] /usr/bin/ld: /users/PAS2473/brucewan666/anaconda3/envs/dart/bin/../lib/gcc/x86_64-conda-linux-gnu/12.4.0/libgcc.a(_muldi3.o): unable to initialize decompress status for section .debug_info
[rank0]:W0113 23:09:36.067000 3966320 site-packages/torch/_dynamo/convert_frame.py:1125] /usr/bin/ld: /users/PAS2473/brucewan666/anaconda3/envs/dart/bin/../lib/gcc/x86_64-conda-linux-gnu/12.4.0/libgcc.a(_muldi3.o): unable to initialize decompress status for section .debug_info
[rank0]:W0113 23:09:36.067000 3966320 site-packages/torch/_dynamo/convert_frame.py:1125] /usr/bin/ld: /users/PAS2473/brucewan666/anaconda3/envs/dart/bin/../lib/gcc/x86_64-conda-linux-gnu/12.4.0/libgcc.a(_muldi3.o): unable to initialize decompress status for section .debug_info
[rank0]:W0113 23:09:36.067000 3966320 site-packages/torch/_dynamo/convert_frame.py:1125] /usr/bin/ld: /users/PAS2473/brucewan666/anaconda3/envs/dart/bin/../lib/gcc/x86_64-conda-linux-gnu/12.4.0/crtfastmath.o: unable to initialize decompress status for section .debug_info
[rank0]:W0113 23:09:36.067000 3966320 site-packages/torch/_dynamo/convert_frame.py:1125] /usr/bin/ld: /users/PAS2473/brucewan666/anaconda3/envs/dart/bin/../lib/gcc/x86_64-conda-linux-gnu/12.4.0/crtfastmath.o: unable to initialize decompress status for section .debug_info
[rank0]:W0113 23:09:36.067000 3966320 site-packages/torch/_dynamo/convert_frame.py:1125] /usr/bin/ld: /users/PAS2473/brucewan666/anaconda3/envs/dart/bin/../lib/gcc/x86_64-conda-linux-gnu/12.4.0/crtfastmath.o: unable to initialize decompress status for section .debug_info
[rank0]:W0113 23:09:36.067000 3966320 site-packages/torch/_dynamo/convert_frame.py:1125] /usr/bin/ld: /users/PAS2473/brucewan666/anaconda3/envs/dart/bin/../lib/gcc/x86_64-conda-linux-gnu/12.4.0/crtfastmath.o: unable to initialize decompress status for section .debug_info
[rank0]:W0113 23:09:36.067000 3966320 site-packages/torch/_dynamo/convert_frame.py:1125] /users/PAS2473/brucewan666/anaconda3/envs/dart/bin/../lib/gcc/x86_64-conda-linux-gnu/12.4.0/crtfastmath.o: file not recognized: File format not recognized
[rank0]:W0113 23:09:36.067000 3966320 site-packages/torch/_dynamo/convert_frame.py:1125] collect2: error: ld returned 1 exit status
[rank0]:W0113 23:09:36.067000 3966320 site-packages/torch/_dynamo/convert_frame.py:1125]
[rank0]:W0113 23:09:36.067000 3966320 site-packages/torch/_dynamo/convert_frame.py:1125]
[rank0]:W0113 23:09:36.067000 3966320 site-packages/torch/_dynamo/convert_frame.py:1125] Set TORCH_LOGS="+dynamo" and TORCHDYNAMO_VERBOSE=1 for more information
[rank0]:W0113 23:09:36.067000 3966320 site-packages/torch/_dynamo/convert_frame.py:1125]
[rank0]:W0113 23:09:36.067000 3966320 site-packages/torch/_dynamo/convert_frame.py:1125] Traceback (most recent call last):
[rank0]:W0113 23:09:36.067000 3966320 site-packages/torch/_dynamo/convert_frame.py:1125]   File "/users/PAS2473/brucewan666/anaconda3/envs/dart/lib/python3.10/site-packages/torch/_inductor/cpp_builder.py", line 331, in _run_compile_cmd
[rank0]:W0113 23:09:36.067000 3966320 site-packages/torch/_dynamo/convert_frame.py:1125]     status = subprocess.check_output(args=cmd, cwd=cwd, stderr=subprocess.STDOUT)
[rank0]:W0113 23:09:36.067000 3966320 site-packages/torch/_dynamo/convert_frame.py:1125]   File "/users/PAS2473/brucewan666/anaconda3/envs/dart/lib/python3.10/subprocess.py", line 421, in check_output
[rank0]:W0113 23:09:36.067000 3966320 site-packages/torch/_dynamo/convert_frame.py:1125]     return run(*popenargs, stdout=PIPE, timeout=timeout, check=True,
[rank0]:W0113 23:09:36.067000 3966320 site-packages/torch/_dynamo/convert_frame.py:1125]   File "/users/PAS2473/brucewan666/anaconda3/envs/dart/lib/python3.10/subprocess.py", line 526, in run
[rank0]:W0113 23:09:36.067000 3966320 site-packages/torch/_dynamo/convert_frame.py:1125]     raise CalledProcessError(retcode, process.args,
[rank0]:W0113 23:09:36.067000 3966320 site-packages/torch/_dynamo/convert_frame.py:1125] subprocess.CalledProcessError: Command '['/users/PAS2473/brucewan666/anaconda3/envs/dart/bin/x86_64-conda-linux-gnu-c++', '/tmp/slurmtmp.281815/torchinductor_brucewan666/oo/cooebk7whhdx6k3pttozlrqbcqk4wryfh666nhpbodwrpbn6bhpo.cpp', '-D', 'TORCH_INDUCTOR_CPP_WRAPPER', '-D', 'C10_USING_CUSTOM_GENERATED_MACROS', '-shared', '-fPIC', '-O3', '-DNDEBUG', '-ffast-math', '-fno-finite-math-only', '-fno-unsafe-math-optimizations', '-ffp-contract=off', '-march=native', '-Wall', '-std=c++17', '-Wno-unused-variable', '-Wno-unknown-pragmas', '-fopenmp', '-I/users/PAS2473/brucewan666/anaconda3/envs/dart/include/python3.10', '-I/users/PAS2473/brucewan666/anaconda3/envs/dart/include/python3.10', '-I/users/PAS2473/brucewan666/anaconda3/envs/dart/lib/python3.10/site-packages/torch/include', '-I/users/PAS2473/brucewan666/anaconda3/envs/dart/lib/python3.10/site-packages/torch/include/torch/csrc/api/include', '-I/users/PAS2473/brucewan666/anaconda3/envs/dart/lib/python3.10/site-packages/torch/include/TH', '-I/users/PAS2473/brucewan666/anaconda3/envs/dart/lib/python3.10/site-packages/torch/include/THC', '-I/users/PAS2473/brucewan666/anaconda3/envs/dart/lib/python3.10/site-packages/torch/include', '-I/users/PAS2473/brucewan666/anaconda3/envs/dart/lib/python3.10/site-packages/torch/include/torch/csrc/api/include', '-I/users/PAS2473/brucewan666/anaconda3/envs/dart/lib/python3.10/site-packages/torch/include/TH', '-I/users/PAS2473/brucewan666/anaconda3/envs/dart/lib/python3.10/site-packages/torch/include/THC', '-D_GLIBCXX_USE_CXX11_ABI=0', '-ltorch', '-ltorch_cpu', '-ltorch_python', '-lc10', '-lgomp', '-L/users/PAS2473/brucewan666/anaconda3/envs/dart/lib', '-L/users/PAS2473/brucewan666/anaconda3/envs/dart/lib/python3.10/site-packages/torch/lib', '-L/users/PAS2473/brucewan666/anaconda3/envs/dart/lib/python3.10/site-packages/torch/lib', '-L/users/PAS2473/brucewan666/anaconda3/envs/dart/lib/python3.10/site-packages/torch/lib', '-o', '/tmp/slurmtmp.281815/torchinductor_brucewan666/oo/cooebk7whhdx6k3pttozlrqbcqk4wryfh666nhpbodwrpbn6bhpo.so']' returned non-zero exit status 1.
[rank0]:W0113 23:09:36.067000 3966320 site-packages/torch/_dynamo/convert_frame.py:1125]
[rank0]:W0113 23:09:36.067000 3966320 site-packages/torch/_dynamo/convert_frame.py:1125] The above exception was the direct cause of the following exception:
[rank0]:W0113 23:09:36.067000 3966320 site-packages/torch/_dynamo/convert_frame.py:1125]
[rank0]:W0113 23:09:36.067000 3966320 site-packages/torch/_dynamo/convert_frame.py:1125] Traceback (most recent call last):
[rank0]:W0113 23:09:36.067000 3966320 site-packages/torch/_dynamo/convert_frame.py:1125]   File "/users/PAS2473/brucewan666/anaconda3/envs/dart/lib/python3.10/site-packages/torch/_dynamo/output_graph.py", line 1446, in _call_user_compiler
[rank0]:W0113 23:09:36.067000 3966320 site-packages/torch/_dynamo/convert_frame.py:1125]     compiled_fn = compiler_fn(gm, self.example_inputs())
[rank0]:W0113 23:09:36.067000 3966320 site-packages/torch/_dynamo/convert_frame.py:1125]   File "/users/PAS2473/brucewan666/anaconda3/envs/dart/lib/python3.10/site-packages/torch/_dynamo/backends/distributed.py", line 506, in compile_fn
[rank0]:W0113 23:09:36.067000 3966320 site-packages/torch/_dynamo/convert_frame.py:1125]     return self.backend_compile_fn(gm, example_inputs)
[rank0]:W0113 23:09:36.067000 3966320 site-packages/torch/_dynamo/convert_frame.py:1125]   File "/users/PAS2473/brucewan666/anaconda3/envs/dart/lib/python3.10/site-packages/torch/_dynamo/repro/after_dynamo.py", line 129, in __call__
[rank0]:W0113 23:09:36.067000 3966320 site-packages/torch/_dynamo/convert_frame.py:1125]     compiled_gm = compiler_fn(gm, example_inputs)
[rank0]:W0113 23:09:36.067000 3966320 site-packages/torch/_dynamo/convert_frame.py:1125]   File "/users/PAS2473/brucewan666/anaconda3/envs/dart/lib/python3.10/site-packages/torch/__init__.py", line 2234, in __call__
[rank0]:W0113 23:09:36.067000 3966320 site-packages/torch/_dynamo/convert_frame.py:1125]     return compile_fx(model_, inputs_, config_patches=self.config)
[rank0]:W0113 23:09:36.067000 3966320 site-packages/torch/_dynamo/convert_frame.py:1125]   File "/users/PAS2473/brucewan666/anaconda3/envs/dart/lib/python3.10/site-packages/torch/_inductor/compile_fx.py", line 1521, in compile_fx
[rank0]:W0113 23:09:36.067000 3966320 site-packages/torch/_dynamo/convert_frame.py:1125]     return aot_autograd(
[rank0]:W0113 23:09:36.067000 3966320 site-packages/torch/_dynamo/convert_frame.py:1125]   File "/users/PAS2473/brucewan666/anaconda3/envs/dart/lib/python3.10/site-packages/torch/_dynamo/backends/common.py", line 72, in __call__
[rank0]:W0113 23:09:36.067000 3966320 site-packages/torch/_dynamo/convert_frame.py:1125]     cg = aot_module_simplified(gm, example_inputs, **self.kwargs)
[rank0]:W0113 23:09:36.067000 3966320 site-packages/torch/_dynamo/convert_frame.py:1125]   File "/users/PAS2473/brucewan666/anaconda3/envs/dart/lib/python3.10/site-packages/torch/_functorch/aot_autograd.py", line 1071, in aot_module_simplified
[rank0]:W0113 23:09:36.067000 3966320 site-packages/torch/_dynamo/convert_frame.py:1125]     compiled_fn = dispatch_and_compile()
[rank0]:W0113 23:09:36.067000 3966320 site-packages/torch/_dynamo/convert_frame.py:1125]   File "/users/PAS2473/brucewan666/anaconda3/envs/dart/lib/python3.10/site-packages/torch/_functorch/aot_autograd.py", line 1056, in dispatch_and_compile
[rank0]:W0113 23:09:36.067000 3966320 site-packages/torch/_dynamo/convert_frame.py:1125]     compiled_fn, _ = create_aot_dispatcher_function(
[rank0]:W0113 23:09:36.067000 3966320 site-packages/torch/_dynamo/convert_frame.py:1125]   File "/users/PAS2473/brucewan666/anaconda3/envs/dart/lib/python3.10/site-packages/torch/_functorch/aot_autograd.py", line 522, in create_aot_dispatcher_function
[rank0]:W0113 23:09:36.067000 3966320 site-packages/torch/_dynamo/convert_frame.py:1125]     return _create_aot_dispatcher_function(
[rank0]:W0113 23:09:36.067000 3966320 site-packages/torch/_dynamo/convert_frame.py:1125]   File "/users/PAS2473/brucewan666/anaconda3/envs/dart/lib/python3.10/site-packages/torch/_functorch/aot_autograd.py", line 759, in _create_aot_dispatcher_function
[rank0]:W0113 23:09:36.067000 3966320 site-packages/torch/_dynamo/convert_frame.py:1125]     compiled_fn, fw_metadata = compiler_fn(
[rank0]:W0113 23:09:36.067000 3966320 site-packages/torch/_dynamo/convert_frame.py:1125]   File "/users/PAS2473/brucewan666/anaconda3/envs/dart/lib/python3.10/site-packages/torch/_functorch/_aot_autograd/jit_compile_runtime_wrappers.py", line 179, in aot_dispatch_base
[rank0]:W0113 23:09:36.067000 3966320 site-packages/torch/_dynamo/convert_frame.py:1125]     compiled_fw = compiler(fw_module, updated_flat_args)
[rank0]:W0113 23:09:36.067000 3966320 site-packages/torch/_dynamo/convert_frame.py:1125]   File "/users/PAS2473/brucewan666/anaconda3/envs/dart/lib/python3.10/site-packages/torch/_inductor/compile_fx.py", line 1350, in fw_compiler_base
[rank0]:W0113 23:09:36.067000 3966320 site-packages/torch/_dynamo/convert_frame.py:1125]     return _fw_compiler_base(model, example_inputs, is_inference)
[rank0]:W0113 23:09:36.067000 3966320 site-packages/torch/_dynamo/convert_frame.py:1125]   File "/users/PAS2473/brucewan666/anaconda3/envs/dart/lib/python3.10/site-packages/torch/_inductor/compile_fx.py", line 1421, in _fw_compiler_base
[rank0]:W0113 23:09:36.067000 3966320 site-packages/torch/_dynamo/convert_frame.py:1125]     return inner_compile(
[rank0]:W0113 23:09:36.067000 3966320 site-packages/torch/_dynamo/convert_frame.py:1125]   File "/users/PAS2473/brucewan666/anaconda3/envs/dart/lib/python3.10/site-packages/torch/_inductor/compile_fx.py", line 475, in compile_fx_inner
[rank0]:W0113 23:09:36.067000 3966320 site-packages/torch/_dynamo/convert_frame.py:1125]     return wrap_compiler_debug(_compile_fx_inner, compiler_name="inductor")(
[rank0]:W0113 23:09:36.067000 3966320 site-packages/torch/_dynamo/convert_frame.py:1125]   File "/users/PAS2473/brucewan666/anaconda3/envs/dart/lib/python3.10/site-packages/torch/_dynamo/repro/after_aot.py", line 85, in debug_wrapper
[rank0]:W0113 23:09:36.067000 3966320 site-packages/torch/_dynamo/convert_frame.py:1125]     inner_compiled_fn = compiler_fn(gm, example_inputs)
[rank0]:W0113 23:09:36.067000 3966320 site-packages/torch/_dynamo/convert_frame.py:1125]   File "/users/PAS2473/brucewan666/anaconda3/envs/dart/lib/python3.10/site-packages/torch/_inductor/compile_fx.py", line 661, in _compile_fx_inner
[rank0]:W0113 23:09:36.067000 3966320 site-packages/torch/_dynamo/convert_frame.py:1125]     compiled_graph = FxGraphCache.load(
[rank0]:W0113 23:09:36.067000 3966320 site-packages/torch/_dynamo/convert_frame.py:1125]   File "/users/PAS2473/brucewan666/anaconda3/envs/dart/lib/python3.10/site-packages/torch/_inductor/codecache.py", line 1334, in load
[rank0]:W0113 23:09:36.067000 3966320 site-packages/torch/_dynamo/convert_frame.py:1125]     compiled_graph = compile_fx_fn(
[rank0]:W0113 23:09:36.067000 3966320 site-packages/torch/_dynamo/convert_frame.py:1125]   File "/users/PAS2473/brucewan666/anaconda3/envs/dart/lib/python3.10/site-packages/torch/_inductor/compile_fx.py", line 570, in codegen_and_compile
[rank0]:W0113 23:09:36.067000 3966320 site-packages/torch/_dynamo/convert_frame.py:1125]     compiled_graph = fx_codegen_and_compile(gm, example_inputs, **fx_kwargs)
[rank0]:W0113 23:09:36.067000 3966320 site-packages/torch/_dynamo/convert_frame.py:1125]   File "/users/PAS2473/brucewan666/anaconda3/envs/dart/lib/python3.10/site-packages/torch/_inductor/compile_fx.py", line 878, in fx_codegen_and_compile
[rank0]:W0113 23:09:36.067000 3966320 site-packages/torch/_dynamo/convert_frame.py:1125]     compiled_fn = graph.compile_to_fn()
[rank0]:W0113 23:09:36.067000 3966320 site-packages/torch/_dynamo/convert_frame.py:1125]   File "/users/PAS2473/brucewan666/anaconda3/envs/dart/lib/python3.10/site-packages/torch/_inductor/graph.py", line 1913, in compile_to_fn
[rank0]:W0113 23:09:36.067000 3966320 site-packages/torch/_dynamo/convert_frame.py:1125]     return self.compile_to_module().call
[rank0]:W0113 23:09:36.067000 3966320 site-packages/torch/_dynamo/convert_frame.py:1125]   File "/users/PAS2473/brucewan666/anaconda3/envs/dart/lib/python3.10/site-packages/torch/_inductor/graph.py", line 1839, in compile_to_module
[rank0]:W0113 23:09:36.067000 3966320 site-packages/torch/_dynamo/convert_frame.py:1125]     return self._compile_to_module()
[rank0]:W0113 23:09:36.067000 3966320 site-packages/torch/_dynamo/convert_frame.py:1125]   File "/users/PAS2473/brucewan666/anaconda3/envs/dart/lib/python3.10/site-packages/torch/_inductor/graph.py", line 1867, in _compile_to_module
[rank0]:W0113 23:09:36.067000 3966320 site-packages/torch/_dynamo/convert_frame.py:1125]     mod = PyCodeCache.load_by_key_path(
[rank0]:W0113 23:09:36.067000 3966320 site-packages/torch/_dynamo/convert_frame.py:1125]   File "/users/PAS2473/brucewan666/anaconda3/envs/dart/lib/python3.10/site-packages/torch/_inductor/codecache.py", line 2876, in load_by_key_path
[rank0]:W0113 23:09:36.067000 3966320 site-packages/torch/_dynamo/convert_frame.py:1125]     mod = _reload_python_module(key, path)
[rank0]:W0113 23:09:36.067000 3966320 site-packages/torch/_dynamo/convert_frame.py:1125]   File "/users/PAS2473/brucewan666/anaconda3/envs/dart/lib/python3.10/site-packages/torch/_inductor/runtime/compile_tasks.py", line 45, in _reload_python_module
[rank0]:W0113 23:09:36.067000 3966320 site-packages/torch/_dynamo/convert_frame.py:1125]     exec(code, mod.__dict__, mod.__dict__)
[rank0]:W0113 23:09:36.067000 3966320 site-packages/torch/_dynamo/convert_frame.py:1125]   File "/tmp/slurmtmp.281815/torchinductor_brucewan666/4i/c4i5tx44bkaufcrcblvrq4s5rw3mzn7dvtjqyponrvpfpz6p5l5g.py", line 52, in <module>
[rank0]:W0113 23:09:36.067000 3966320 site-packages/torch/_dynamo/convert_frame.py:1125]     async_compile.wait(globals())
[rank0]:W0113 23:09:36.067000 3966320 site-packages/torch/_dynamo/convert_frame.py:1125]   File "/users/PAS2473/brucewan666/anaconda3/envs/dart/lib/python3.10/site-packages/torch/_inductor/async_compile.py", line 276, in wait
[rank0]:W0113 23:09:36.067000 3966320 site-packages/torch/_dynamo/convert_frame.py:1125]     scope[key] = result.result()
[rank0]:W0113 23:09:36.067000 3966320 site-packages/torch/_dynamo/convert_frame.py:1125]   File "/users/PAS2473/brucewan666/anaconda3/envs/dart/lib/python3.10/site-packages/torch/_inductor/codecache.py", line 3353, in result
[rank0]:W0113 23:09:36.067000 3966320 site-packages/torch/_dynamo/convert_frame.py:1125]     return self.result_fn()
[rank0]:W0113 23:09:36.067000 3966320 site-packages/torch/_dynamo/convert_frame.py:1125]   File "/users/PAS2473/brucewan666/anaconda3/envs/dart/lib/python3.10/site-packages/torch/_inductor/codecache.py", line 2377, in future
[rank0]:W0113 23:09:36.067000 3966320 site-packages/torch/_dynamo/convert_frame.py:1125]     result = get_result()
[rank0]:W0113 23:09:36.067000 3966320 site-packages/torch/_dynamo/convert_frame.py:1125]   File "/users/PAS2473/brucewan666/anaconda3/envs/dart/lib/python3.10/site-packages/torch/_inductor/codecache.py", line 2177, in load_fn
[rank0]:W0113 23:09:36.067000 3966320 site-packages/torch/_dynamo/convert_frame.py:1125]     future.result()
[rank0]:W0113 23:09:36.067000 3966320 site-packages/torch/_dynamo/convert_frame.py:1125]   File "/users/PAS2473/brucewan666/anaconda3/envs/dart/lib/python3.10/concurrent/futures/_base.py", line 458, in result
[rank0]:W0113 23:09:36.067000 3966320 site-packages/torch/_dynamo/convert_frame.py:1125]     return self.__get_result()
[rank0]:W0113 23:09:36.067000 3966320 site-packages/torch/_dynamo/convert_frame.py:1125]   File "/users/PAS2473/brucewan666/anaconda3/envs/dart/lib/python3.10/concurrent/futures/_base.py", line 403, in __get_result
[rank0]:W0113 23:09:36.067000 3966320 site-packages/torch/_dynamo/convert_frame.py:1125]     raise self._exception
[rank0]:W0113 23:09:36.067000 3966320 site-packages/torch/_dynamo/convert_frame.py:1125]   File "/users/PAS2473/brucewan666/anaconda3/envs/dart/lib/python3.10/concurrent/futures/thread.py", line 58, in run
[rank0]:W0113 23:09:36.067000 3966320 site-packages/torch/_dynamo/convert_frame.py:1125]     result = self.fn(*self.args, **self.kwargs)
[rank0]:W0113 23:09:36.067000 3966320 site-packages/torch/_dynamo/convert_frame.py:1125]   File "/users/PAS2473/brucewan666/anaconda3/envs/dart/lib/python3.10/site-packages/torch/_inductor/codecache.py", line 2218, in _worker_compile_cpp
[rank0]:W0113 23:09:36.067000 3966320 site-packages/torch/_dynamo/convert_frame.py:1125]     cpp_builder.build()
[rank0]:W0113 23:09:36.067000 3966320 site-packages/torch/_dynamo/convert_frame.py:1125]   File "/users/PAS2473/brucewan666/anaconda3/envs/dart/lib/python3.10/site-packages/torch/_inductor/cpp_builder.py", line 1508, in build
[rank0]:W0113 23:09:36.067000 3966320 site-packages/torch/_dynamo/convert_frame.py:1125]     status = run_compile_cmd(build_cmd, cwd=_build_tmp_dir)
[rank0]:W0113 23:09:36.067000 3966320 site-packages/torch/_dynamo/convert_frame.py:1125]   File "/users/PAS2473/brucewan666/anaconda3/envs/dart/lib/python3.10/site-packages/torch/_inductor/cpp_builder.py", line 352, in run_compile_cmd
[rank0]:W0113 23:09:36.067000 3966320 site-packages/torch/_dynamo/convert_frame.py:1125]     return _run_compile_cmd(cmd_line, cwd)
[rank0]:W0113 23:09:36.067000 3966320 site-packages/torch/_dynamo/convert_frame.py:1125]   File "/users/PAS2473/brucewan666/anaconda3/envs/dart/lib/python3.10/site-packages/torch/_inductor/cpp_builder.py", line 346, in _run_compile_cmd
[rank0]:W0113 23:09:36.067000 3966320 site-packages/torch/_dynamo/convert_frame.py:1125]     raise exc.CppCompileError(cmd, output) from e
[rank0]:W0113 23:09:36.067000 3966320 site-packages/torch/_dynamo/convert_frame.py:1125] torch._inductor.exc.CppCompileError: C++ compile error
[rank0]:W0113 23:09:36.067000 3966320 site-packages/torch/_dynamo/convert_frame.py:1125]
[rank0]:W0113 23:09:36.067000 3966320 site-packages/torch/_dynamo/convert_frame.py:1125] Command:
[rank0]:W0113 23:09:36.067000 3966320 site-packages/torch/_dynamo/convert_frame.py:1125] /users/PAS2473/brucewan666/anaconda3/envs/dart/bin/x86_64-conda-linux-gnu-c++ /tmp/slurmtmp.281815/torchinductor_brucewan666/oo/cooebk7whhdx6k3pttozlrqbcqk4wryfh666nhpbodwrpbn6bhpo.cpp -D TORCH_INDUCTOR_CPP_WRAPPER -D C10_USING_CUSTOM_GENERATED_MACROS -shared -fPIC -O3 -DNDEBUG -ffast-math -fno-finite-math-only -fno-unsafe-math-optimizations -ffp-contract=off -march=native -Wall -std=c++17 -Wno-unused-variable -Wno-unknown-pragmas -fopenmp -I/users/PAS2473/brucewan666/anaconda3/envs/dart/include/python3.10 -I/users/PAS2473/brucewan666/anaconda3/envs/dart/include/python3.10 -I/users/PAS2473/brucewan666/anaconda3/envs/dart/lib/python3.10/site-packages/torch/include -I/users/PAS2473/brucewan666/anaconda3/envs/dart/lib/python3.10/site-packages/torch/include/torch/csrc/api/include -I/users/PAS2473/brucewan666/anaconda3/envs/dart/lib/python3.10/site-packages/torch/include/TH -I/users/PAS2473/brucewan666/anaconda3/envs/dart/lib/python3.10/site-packages/torch/include/THC -I/users/PAS2473/brucewan666/anaconda3/envs/dart/lib/python3.10/site-packages/torch/include -I/users/PAS2473/brucewan666/anaconda3/envs/dart/lib/python3.10/site-packages/torch/include/torch/csrc/api/include -I/users/PAS2473/brucewan666/anaconda3/envs/dart/lib/python3.10/site-packages/torch/include/TH -I/users/PAS2473/brucewan666/anaconda3/envs/dart/lib/python3.10/site-packages/torch/include/THC -D_GLIBCXX_USE_CXX11_ABI=0 -ltorch -ltorch_cpu -ltorch_python -lc10 -lgomp -L/users/PAS2473/brucewan666/anaconda3/envs/dart/lib -L/users/PAS2473/brucewan666/anaconda3/envs/dart/lib/python3.10/site-packages/torch/lib -L/users/PAS2473/brucewan666/anaconda3/envs/dart/lib/python3.10/site-packages/torch/lib -L/users/PAS2473/brucewan666/anaconda3/envs/dart/lib/python3.10/site-packages/torch/lib -o /tmp/slurmtmp.281815/torchinductor_brucewan666/oo/cooebk7whhdx6k3pttozlrqbcqk4wryfh666nhpbodwrpbn6bhpo.so
[rank0]:W0113 23:09:36.067000 3966320 site-packages/torch/_dynamo/convert_frame.py:1125]
[rank0]:W0113 23:09:36.067000 3966320 site-packages/torch/_dynamo/convert_frame.py:1125] Output:
[rank0]:W0113 23:09:36.067000 3966320 site-packages/torch/_dynamo/convert_frame.py:1125] /usr/bin/ld: /users/PAS2473/brucewan666/anaconda3/envs/dart/bin/../lib/gcc/x86_64-conda-linux-gnu/12.4.0/libgcc.a(_muldi3.o): unable to initialize decompress status for section .debug_info
[rank0]:W0113 23:09:36.067000 3966320 site-packages/torch/_dynamo/convert_frame.py:1125] /usr/bin/ld: /users/PAS2473/brucewan666/anaconda3/envs/dart/bin/../lib/gcc/x86_64-conda-linux-gnu/12.4.0/libgcc.a(_muldi3.o): unable to initialize decompress status for section .debug_info
[rank0]:W0113 23:09:36.067000 3966320 site-packages/torch/_dynamo/convert_frame.py:1125] /usr/bin/ld: /users/PAS2473/brucewan666/anaconda3/envs/dart/bin/../lib/gcc/x86_64-conda-linux-gnu/12.4.0/libgcc.a(_muldi3.o): unable to initialize decompress status for section .debug_info
[rank0]:W0113 23:09:36.067000 3966320 site-packages/torch/_dynamo/convert_frame.py:1125] /usr/bin/ld: /users/PAS2473/brucewan666/anaconda3/envs/dart/bin/../lib/gcc/x86_64-conda-linux-gnu/12.4.0/libgcc.a(_muldi3.o): unable to initialize decompress status for section .debug_info
[rank0]:W0113 23:09:36.067000 3966320 site-packages/torch/_dynamo/convert_frame.py:1125] /usr/bin/ld: /users/PAS2473/brucewan666/anaconda3/envs/dart/bin/../lib/gcc/x86_64-conda-linux-gnu/12.4.0/crtfastmath.o: unable to initialize decompress status for section .debug_info
[rank0]:W0113 23:09:36.067000 3966320 site-packages/torch/_dynamo/convert_frame.py:1125] /usr/bin/ld: /users/PAS2473/brucewan666/anaconda3/envs/dart/bin/../lib/gcc/x86_64-conda-linux-gnu/12.4.0/crtfastmath.o: unable to initialize decompress status for section .debug_info
[rank0]:W0113 23:09:36.067000 3966320 site-packages/torch/_dynamo/convert_frame.py:1125] /usr/bin/ld: /users/PAS2473/brucewan666/anaconda3/envs/dart/bin/../lib/gcc/x86_64-conda-linux-gnu/12.4.0/crtfastmath.o: unable to initialize decompress status for section .debug_info
[rank0]:W0113 23:09:36.067000 3966320 site-packages/torch/_dynamo/convert_frame.py:1125] /usr/bin/ld: /users/PAS2473/brucewan666/anaconda3/envs/dart/bin/../lib/gcc/x86_64-conda-linux-gnu/12.4.0/crtfastmath.o: unable to initialize decompress status for section .debug_info
[rank0]:W0113 23:09:36.067000 3966320 site-packages/torch/_dynamo/convert_frame.py:1125] /users/PAS2473/brucewan666/anaconda3/envs/dart/bin/../lib/gcc/x86_64-conda-linux-gnu/12.4.0/crtfastmath.o: file not recognized: File format not recognized
[rank0]:W0113 23:09:36.067000 3966320 site-packages/torch/_dynamo/convert_frame.py:1125] collect2: error: ld returned 1 exit status
[rank0]:W0113 23:09:36.067000 3966320 site-packages/torch/_dynamo/convert_frame.py:1125]
[rank0]:W0113 23:09:36.067000 3966320 site-packages/torch/_dynamo/convert_frame.py:1125]
[rank0]:W0113 23:09:36.067000 3966320 site-packages/torch/_dynamo/convert_frame.py:1125] The above exception was the direct cause of the following exception:
[rank0]:W0113 23:09:36.067000 3966320 site-packages/torch/_dynamo/convert_frame.py:1125]
[rank0]:W0113 23:09:36.067000 3966320 site-packages/torch/_dynamo/convert_frame.py:1125] Traceback (most recent call last):
[rank0]:W0113 23:09:36.067000 3966320 site-packages/torch/_dynamo/convert_frame.py:1125]   File "/users/PAS2473/brucewan666/anaconda3/envs/dart/lib/python3.10/site-packages/torch/_dynamo/convert_frame.py", line 1064, in __call__
[rank0]:W0113 23:09:36.067000 3966320 site-packages/torch/_dynamo/convert_frame.py:1125]     result = self._inner_convert(
[rank0]:W0113 23:09:36.067000 3966320 site-packages/torch/_dynamo/convert_frame.py:1125]   File "/users/PAS2473/brucewan666/anaconda3/envs/dart/lib/python3.10/site-packages/torch/_dynamo/convert_frame.py", line 526, in __call__
[rank0]:W0113 23:09:36.067000 3966320 site-packages/torch/_dynamo/convert_frame.py:1125]     return _compile(
[rank0]:W0113 23:09:36.067000 3966320 site-packages/torch/_dynamo/convert_frame.py:1125]   File "/users/PAS2473/brucewan666/anaconda3/envs/dart/lib/python3.10/site-packages/torch/_dynamo/convert_frame.py", line 924, in _compile
[rank0]:W0113 23:09:36.067000 3966320 site-packages/torch/_dynamo/convert_frame.py:1125]     guarded_code = compile_inner(code, one_graph, hooks, transform)
[rank0]:W0113 23:09:36.067000 3966320 site-packages/torch/_dynamo/convert_frame.py:1125]   File "/users/PAS2473/brucewan666/anaconda3/envs/dart/lib/python3.10/site-packages/torch/_dynamo/convert_frame.py", line 666, in compile_inner
[rank0]:W0113 23:09:36.067000 3966320 site-packages/torch/_dynamo/convert_frame.py:1125]     return _compile_inner(code, one_graph, hooks, transform)
[rank0]:W0113 23:09:36.067000 3966320 site-packages/torch/_dynamo/convert_frame.py:1125]   File "/users/PAS2473/brucewan666/anaconda3/envs/dart/lib/python3.10/site-packages/torch/_utils_internal.py", line 87, in wrapper_function
[rank0]:W0113 23:09:36.067000 3966320 site-packages/torch/_dynamo/convert_frame.py:1125]     return function(*args, **kwargs)
[rank0]:W0113 23:09:36.067000 3966320 site-packages/torch/_dynamo/convert_frame.py:1125]   File "/users/PAS2473/brucewan666/anaconda3/envs/dart/lib/python3.10/site-packages/torch/_dynamo/convert_frame.py", line 699, in _compile_inner
[rank0]:W0113 23:09:36.067000 3966320 site-packages/torch/_dynamo/convert_frame.py:1125]     out_code = transform_code_object(code, transform)
[rank0]:W0113 23:09:36.067000 3966320 site-packages/torch/_dynamo/convert_frame.py:1125]   File "/users/PAS2473/brucewan666/anaconda3/envs/dart/lib/python3.10/site-packages/torch/_dynamo/bytecode_transformation.py", line 1322, in transform_code_object
[rank0]:W0113 23:09:36.067000 3966320 site-packages/torch/_dynamo/convert_frame.py:1125]     transformations(instructions, code_options)
[rank0]:W0113 23:09:36.067000 3966320 site-packages/torch/_dynamo/convert_frame.py:1125]   File "/users/PAS2473/brucewan666/anaconda3/envs/dart/lib/python3.10/site-packages/torch/_dynamo/convert_frame.py", line 219, in _fn
[rank0]:W0113 23:09:36.067000 3966320 site-packages/torch/_dynamo/convert_frame.py:1125]     return fn(*args, **kwargs)
[rank0]:W0113 23:09:36.067000 3966320 site-packages/torch/_dynamo/convert_frame.py:1125]   File "/users/PAS2473/brucewan666/anaconda3/envs/dart/lib/python3.10/site-packages/torch/_dynamo/convert_frame.py", line 634, in transform
[rank0]:W0113 23:09:36.067000 3966320 site-packages/torch/_dynamo/convert_frame.py:1125]     tracer.run()
[rank0]:W0113 23:09:36.067000 3966320 site-packages/torch/_dynamo/convert_frame.py:1125]   File "/users/PAS2473/brucewan666/anaconda3/envs/dart/lib/python3.10/site-packages/torch/_dynamo/symbolic_convert.py", line 2796, in run
[rank0]:W0113 23:09:36.067000 3966320 site-packages/torch/_dynamo/convert_frame.py:1125]     super().run()
[rank0]:W0113 23:09:36.067000 3966320 site-packages/torch/_dynamo/convert_frame.py:1125]   File "/users/PAS2473/brucewan666/anaconda3/envs/dart/lib/python3.10/site-packages/torch/_dynamo/symbolic_convert.py", line 983, in run
[rank0]:W0113 23:09:36.067000 3966320 site-packages/torch/_dynamo/convert_frame.py:1125]     while self.step():
[rank0]:W0113 23:09:36.067000 3966320 site-packages/torch/_dynamo/convert_frame.py:1125]   File "/users/PAS2473/brucewan666/anaconda3/envs/dart/lib/python3.10/site-packages/torch/_dynamo/symbolic_convert.py", line 895, in step
[rank0]:W0113 23:09:36.067000 3966320 site-packages/torch/_dynamo/convert_frame.py:1125]     self.dispatch_table[inst.opcode](self, inst)
[rank0]:W0113 23:09:36.067000 3966320 site-packages/torch/_dynamo/convert_frame.py:1125]   File "/users/PAS2473/brucewan666/anaconda3/envs/dart/lib/python3.10/site-packages/torch/_dynamo/symbolic_convert.py", line 580, in wrapper
[rank0]:W0113 23:09:36.067000 3966320 site-packages/torch/_dynamo/convert_frame.py:1125]     return handle_graph_break(self, inst, speculation.reason)
[rank0]:W0113 23:09:36.067000 3966320 site-packages/torch/_dynamo/convert_frame.py:1125]   File "/users/PAS2473/brucewan666/anaconda3/envs/dart/lib/python3.10/site-packages/torch/_dynamo/symbolic_convert.py", line 649, in handle_graph_break
[rank0]:W0113 23:09:36.067000 3966320 site-packages/torch/_dynamo/convert_frame.py:1125]     self.output.compile_subgraph(self, reason=reason)
[rank0]:W0113 23:09:36.067000 3966320 site-packages/torch/_dynamo/convert_frame.py:1125]   File "/users/PAS2473/brucewan666/anaconda3/envs/dart/lib/python3.10/site-packages/torch/_dynamo/output_graph.py", line 1142, in compile_subgraph
[rank0]:W0113 23:09:36.067000 3966320 site-packages/torch/_dynamo/convert_frame.py:1125]     self.compile_and_call_fx_graph(tx, pass2.graph_output_vars(), root)
[rank0]:W0113 23:09:36.067000 3966320 site-packages/torch/_dynamo/convert_frame.py:1125]   File "/users/PAS2473/brucewan666/anaconda3/envs/dart/lib/python3.10/site-packages/torch/_dynamo/output_graph.py", line 1369, in compile_and_call_fx_graph
[rank0]:W0113 23:09:36.067000 3966320 site-packages/torch/_dynamo/convert_frame.py:1125]     compiled_fn = self.call_user_compiler(gm)
[rank0]:W0113 23:09:36.067000 3966320 site-packages/torch/_dynamo/convert_frame.py:1125]   File "/users/PAS2473/brucewan666/anaconda3/envs/dart/lib/python3.10/site-packages/torch/_dynamo/output_graph.py", line 1416, in call_user_compiler
[rank0]:W0113 23:09:36.067000 3966320 site-packages/torch/_dynamo/convert_frame.py:1125]     return self._call_user_compiler(gm)
[rank0]:W0113 23:09:36.067000 3966320 site-packages/torch/_dynamo/convert_frame.py:1125]   File "/users/PAS2473/brucewan666/anaconda3/envs/dart/lib/python3.10/site-packages/torch/_dynamo/output_graph.py", line 1465, in _call_user_compiler
[rank0]:W0113 23:09:36.067000 3966320 site-packages/torch/_dynamo/convert_frame.py:1125]     raise BackendCompilerFailed(self.compiler_fn, e) from e
[rank0]:W0113 23:09:36.067000 3966320 site-packages/torch/_dynamo/convert_frame.py:1125] torch._dynamo.exc.BackendCompilerFailed: backend='compile_fn' raised:
[rank0]:W0113 23:09:36.067000 3966320 site-packages/torch/_dynamo/convert_frame.py:1125] CppCompileError: C++ compile error
[rank0]:W0113 23:09:36.067000 3966320 site-packages/torch/_dynamo/convert_frame.py:1125]
[rank0]:W0113 23:09:36.067000 3966320 site-packages/torch/_dynamo/convert_frame.py:1125] Command:
[rank0]:W0113 23:09:36.067000 3966320 site-packages/torch/_dynamo/convert_frame.py:1125] /users/PAS2473/brucewan666/anaconda3/envs/dart/bin/x86_64-conda-linux-gnu-c++ /tmp/slurmtmp.281815/torchinductor_brucewan666/oo/cooebk7whhdx6k3pttozlrqbcqk4wryfh666nhpbodwrpbn6bhpo.cpp -D TORCH_INDUCTOR_CPP_WRAPPER -D C10_USING_CUSTOM_GENERATED_MACROS -shared -fPIC -O3 -DNDEBUG -ffast-math -fno-finite-math-only -fno-unsafe-math-optimizations -ffp-contract=off -march=native -Wall -std=c++17 -Wno-unused-variable -Wno-unknown-pragmas -fopenmp -I/users/PAS2473/brucewan666/anaconda3/envs/dart/include/python3.10 -I/users/PAS2473/brucewan666/anaconda3/envs/dart/include/python3.10 -I/users/PAS2473/brucewan666/anaconda3/envs/dart/lib/python3.10/site-packages/torch/include -I/users/PAS2473/brucewan666/anaconda3/envs/dart/lib/python3.10/site-packages/torch/include/torch/csrc/api/include -I/users/PAS2473/brucewan666/anaconda3/envs/dart/lib/python3.10/site-packages/torch/include/TH -I/users/PAS2473/brucewan666/anaconda3/envs/dart/lib/python3.10/site-packages/torch/include/THC -I/users/PAS2473/brucewan666/anaconda3/envs/dart/lib/python3.10/site-packages/torch/include -I/users/PAS2473/brucewan666/anaconda3/envs/dart/lib/python3.10/site-packages/torch/include/torch/csrc/api/include -I/users/PAS2473/brucewan666/anaconda3/envs/dart/lib/python3.10/site-packages/torch/include/TH -I/users/PAS2473/brucewan666/anaconda3/envs/dart/lib/python3.10/site-packages/torch/include/THC -D_GLIBCXX_USE_CXX11_ABI=0 -ltorch -ltorch_cpu -ltorch_python -lc10 -lgomp -L/users/PAS2473/brucewan666/anaconda3/envs/dart/lib -L/users/PAS2473/brucewan666/anaconda3/envs/dart/lib/python3.10/site-packages/torch/lib -L/users/PAS2473/brucewan666/anaconda3/envs/dart/lib/python3.10/site-packages/torch/lib -L/users/PAS2473/brucewan666/anaconda3/envs/dart/lib/python3.10/site-packages/torch/lib -o /tmp/slurmtmp.281815/torchinductor_brucewan666/oo/cooebk7whhdx6k3pttozlrqbcqk4wryfh666nhpbodwrpbn6bhpo.so
[rank0]:W0113 23:09:36.067000 3966320 site-packages/torch/_dynamo/convert_frame.py:1125]
[rank0]:W0113 23:09:36.067000 3966320 site-packages/torch/_dynamo/convert_frame.py:1125] Output:
[rank0]:W0113 23:09:36.067000 3966320 site-packages/torch/_dynamo/convert_frame.py:1125] /usr/bin/ld: /users/PAS2473/brucewan666/anaconda3/envs/dart/bin/../lib/gcc/x86_64-conda-linux-gnu/12.4.0/libgcc.a(_muldi3.o): unable to initialize decompress status for section .debug_info
[rank0]:W0113 23:09:36.067000 3966320 site-packages/torch/_dynamo/convert_frame.py:1125] /usr/bin/ld: /users/PAS2473/brucewan666/anaconda3/envs/dart/bin/../lib/gcc/x86_64-conda-linux-gnu/12.4.0/libgcc.a(_muldi3.o): unable to initialize decompress status for section .debug_info
[rank0]:W0113 23:09:36.067000 3966320 site-packages/torch/_dynamo/convert_frame.py:1125] /usr/bin/ld: /users/PAS2473/brucewan666/anaconda3/envs/dart/bin/../lib/gcc/x86_64-conda-linux-gnu/12.4.0/libgcc.a(_muldi3.o): unable to initialize decompress status for section .debug_info
[rank0]:W0113 23:09:36.067000 3966320 site-packages/torch/_dynamo/convert_frame.py:1125] /usr/bin/ld: /users/PAS2473/brucewan666/anaconda3/envs/dart/bin/../lib/gcc/x86_64-conda-linux-gnu/12.4.0/libgcc.a(_muldi3.o): unable to initialize decompress status for section .debug_info
[rank0]:W0113 23:09:36.067000 3966320 site-packages/torch/_dynamo/convert_frame.py:1125] /usr/bin/ld: /users/PAS2473/brucewan666/anaconda3/envs/dart/bin/../lib/gcc/x86_64-conda-linux-gnu/12.4.0/crtfastmath.o: unable to initialize decompress status for section .debug_info
[rank0]:W0113 23:09:36.067000 3966320 site-packages/torch/_dynamo/convert_frame.py:1125] /usr/bin/ld: /users/PAS2473/brucewan666/anaconda3/envs/dart/bin/../lib/gcc/x86_64-conda-linux-gnu/12.4.0/crtfastmath.o: unable to initialize decompress status for section .debug_info
[rank0]:W0113 23:09:36.067000 3966320 site-packages/torch/_dynamo/convert_frame.py:1125] /usr/bin/ld: /users/PAS2473/brucewan666/anaconda3/envs/dart/bin/../lib/gcc/x86_64-conda-linux-gnu/12.4.0/crtfastmath.o: unable to initialize decompress status for section .debug_info
[rank0]:W0113 23:09:36.067000 3966320 site-packages/torch/_dynamo/convert_frame.py:1125] /usr/bin/ld: /users/PAS2473/brucewan666/anaconda3/envs/dart/bin/../lib/gcc/x86_64-conda-linux-gnu/12.4.0/crtfastmath.o: unable to initialize decompress status for section .debug_info
[rank0]:W0113 23:09:36.067000 3966320 site-packages/torch/_dynamo/convert_frame.py:1125] /users/PAS2473/brucewan666/anaconda3/envs/dart/bin/../lib/gcc/x86_64-conda-linux-gnu/12.4.0/crtfastmath.o: file not recognized: File format not recognized
[rank0]:W0113 23:09:36.067000 3966320 site-packages/torch/_dynamo/convert_frame.py:1125] collect2: error: ld returned 1 exit status
[rank0]:W0113 23:09:36.067000 3966320 site-packages/torch/_dynamo/convert_frame.py:1125]
[rank0]:W0113 23:09:36.067000 3966320 site-packages/torch/_dynamo/convert_frame.py:1125]
[rank0]:W0113 23:09:36.067000 3966320 site-packages/torch/_dynamo/convert_frame.py:1125] Set TORCH_LOGS="+dynamo" and TORCHDYNAMO_VERBOSE=1 for more information
[rank0]:W0113 23:09:36.067000 3966320 site-packages/torch/_dynamo/convert_frame.py:1125]
  0%|                                                                                                                                                             | 0/54470 [01:25<?, ?it/s]
  0%|                                                                                                                                                               | 0/100 [01:25<?, ?it/s]
Traceback (most recent call last):
  File "/fs/scratch/PAS2473/ICML2025/dart/training/vq_train.py", line 438, in <module>
    main(args)
  File "/fs/scratch/PAS2473/ICML2025/dart/training/vq_train.py", line 280, in main
    loss_gen, loss_dict_gen = vq_loss(
  File "/users/PAS2473/brucewan666/anaconda3/envs/dart/lib/python3.10/site-packages/torch/nn/modules/module.py", line 1736, in _wrapped_call_impl
    return self._call_impl(*args, **kwargs)
  File "/users/PAS2473/brucewan666/anaconda3/envs/dart/lib/python3.10/site-packages/torch/nn/modules/module.py", line 1747, in _call_impl
    return forward_call(*args, **kwargs)
  File "/users/PAS2473/brucewan666/anaconda3/envs/dart/lib/python3.10/site-packages/torch/nn/parallel/distributed.py", line 1643, in forward
    else self._run_ddp_forward(*inputs, **kwargs)
  File "/users/PAS2473/brucewan666/anaconda3/envs/dart/lib/python3.10/site-packages/torch/nn/parallel/distributed.py", line 1459, in _run_ddp_forward
    return self.module(*inputs, **kwargs)  # type: ignore[index]
  File "/users/PAS2473/brucewan666/anaconda3/envs/dart/lib/python3.10/site-packages/torch/nn/modules/module.py", line 1736, in _wrapped_call_impl
    return self._call_impl(*args, **kwargs)
  File "/users/PAS2473/brucewan666/anaconda3/envs/dart/lib/python3.10/site-packages/torch/nn/modules/module.py", line 1747, in _call_impl
    return forward_call(*args, **kwargs)
  File "/fs/scratch/PAS2473/ICML2025/dart/training/vq_loss.py", line 124, in forward
    p_loss = self.perceptual_loss(inputs.contiguous(), reconstructions.contiguous())
  File "/users/PAS2473/brucewan666/anaconda3/envs/dart/lib/python3.10/site-packages/torch/nn/modules/module.py", line 1736, in _wrapped_call_impl
    return self._call_impl(*args, **kwargs)
  File "/users/PAS2473/brucewan666/anaconda3/envs/dart/lib/python3.10/site-packages/torch/nn/modules/module.py", line 1747, in _call_impl
    return forward_call(*args, **kwargs)
  File "/fs/scratch/PAS2473/ICML2025/dart/training/lpips.py", line 90, in forward
    diffs[kk] = (feats0[kk] - feats1[kk]) ** 2
  File "/users/PAS2473/brucewan666/anaconda3/envs/dart/lib/python3.10/site-packages/torch/_tensor.py", line 39, in wrapped
    return f(*args, **kwargs)
torch.OutOfMemoryError: CUDA out of memory. Tried to allocate 2.00 GiB. GPU 0 has a total capacity of 79.14 GiB of which 1.56 GiB is free. Including non-PyTorch memory, this process has 77.56 GiB memory in use. Of the allocated memory 75.20 GiB is allocated by PyTorch, and 774.72 MiB is reserved by PyTorch but unallocated. If reserved but unallocated memory is large try setting PYTORCH_CUDA_ALLOC_CONF=expandable_segments:True to avoid fragmentation.  See documentation for Memory Management  (https://pytorch.org/docs/stable/notes/cuda.html#environment-variables)
[rank0]: Traceback (most recent call last):
[rank0]:   File "/fs/scratch/PAS2473/ICML2025/dart/training/vq_train.py", line 438, in <module>
[rank0]:     main(args)
[rank0]:   File "/fs/scratch/PAS2473/ICML2025/dart/training/vq_train.py", line 280, in main
[rank0]:     loss_gen, loss_dict_gen = vq_loss(
[rank0]:   File "/users/PAS2473/brucewan666/anaconda3/envs/dart/lib/python3.10/site-packages/torch/nn/modules/module.py", line 1736, in _wrapped_call_impl
[rank0]:     return self._call_impl(*args, **kwargs)
[rank0]:   File "/users/PAS2473/brucewan666/anaconda3/envs/dart/lib/python3.10/site-packages/torch/nn/modules/module.py", line 1747, in _call_impl
[rank0]:     return forward_call(*args, **kwargs)
[rank0]:   File "/users/PAS2473/brucewan666/anaconda3/envs/dart/lib/python3.10/site-packages/torch/nn/parallel/distributed.py", line 1643, in forward
[rank0]:     else self._run_ddp_forward(*inputs, **kwargs)
[rank0]:   File "/users/PAS2473/brucewan666/anaconda3/envs/dart/lib/python3.10/site-packages/torch/nn/parallel/distributed.py", line 1459, in _run_ddp_forward
[rank0]:     return self.module(*inputs, **kwargs)  # type: ignore[index]
[rank0]:   File "/users/PAS2473/brucewan666/anaconda3/envs/dart/lib/python3.10/site-packages/torch/nn/modules/module.py", line 1736, in _wrapped_call_impl
[rank0]:     return self._call_impl(*args, **kwargs)
[rank0]:   File "/users/PAS2473/brucewan666/anaconda3/envs/dart/lib/python3.10/site-packages/torch/nn/modules/module.py", line 1747, in _call_impl
[rank0]:     return forward_call(*args, **kwargs)
[rank0]:   File "/fs/scratch/PAS2473/ICML2025/dart/training/vq_loss.py", line 124, in forward
[rank0]:     p_loss = self.perceptual_loss(inputs.contiguous(), reconstructions.contiguous())
[rank0]:   File "/users/PAS2473/brucewan666/anaconda3/envs/dart/lib/python3.10/site-packages/torch/nn/modules/module.py", line 1736, in _wrapped_call_impl
[rank0]:     return self._call_impl(*args, **kwargs)
[rank0]:   File "/users/PAS2473/brucewan666/anaconda3/envs/dart/lib/python3.10/site-packages/torch/nn/modules/module.py", line 1747, in _call_impl
[rank0]:     return forward_call(*args, **kwargs)
[rank0]:   File "/fs/scratch/PAS2473/ICML2025/dart/training/lpips.py", line 90, in forward
[rank0]:     diffs[kk] = (feats0[kk] - feats1[kk]) ** 2
[rank0]:   File "/users/PAS2473/brucewan666/anaconda3/envs/dart/lib/python3.10/site-packages/torch/_tensor.py", line 39, in wrapped
[rank0]:     return f(*args, **kwargs)
[rank0]: torch.OutOfMemoryError: CUDA out of memory. Tried to allocate 2.00 GiB. GPU 0 has a total capacity of 79.14 GiB of which 1.56 GiB is free. Including non-PyTorch memory, this process has 77.56 GiB memory in use. Of the allocated memory 75.20 GiB is allocated by PyTorch, and 774.72 MiB is reserved by PyTorch but unallocated. If reserved but unallocated memory is large try setting PYTORCH_CUDA_ALLOC_CONF=expandable_segments:True to avoid fragmentation.  See documentation for Memory Management  (https://pytorch.org/docs/stable/notes/cuda.html#environment-variables)
